#
# There is insufficient memory for the Java Runtime Environment to continue.
# Native memory allocation (malloc) failed to allocate 4096016 bytes. Error detail: Chunk::new
# Possible reasons:
#   The system is out of physical RAM or swap space
#   This process is running with CompressedOops enabled, and the Java Heap may be blocking the growth of the native heap
# Possible solutions:
#   Reduce memory load on the system
#   Increase physical memory or swap space
#   Check if swap backing store is full
#   Decrease Java heap size (-Xmx/-Xms)
#   Decrease number of Java threads
#   Decrease Java thread stack sizes (-Xss)
#   Set larger code cache with -XX:ReservedCodeCacheSize=
#   JVM is running with Unscaled Compressed Oops mode in which the Java heap is
#     placed in the first 4GB address space. The Java Heap base address is the
#     maximum limit for the native heap growth. Please use -XX:HeapBaseMinAddress
#     to set the Java Heap base and to place the Java Heap above 4GB virtual address.
# This output file may be truncated or incomplete.
#
#  Out of Memory Error (arena.cpp:168), pid=26100, tid=26064
#
# JRE version: OpenJDK Runtime Environment Temurin-21.0.8+9 (21.0.8+9) (build 21.0.8+9-LTS)
# Java VM: OpenJDK 64-Bit Server VM Temurin-21.0.8+9 (21.0.8+9-LTS, mixed mode, sharing, tiered, compressed oops, compressed class ptrs, parallel gc, windows-amd64)
# No core dump will be written. Minidumps are not enabled by default on client versions of Windows
#

---------------  S U M M A R Y ------------

Command Line: --add-modules=ALL-SYSTEM --add-opens=java.base/java.util=ALL-UNNAMED --add-opens=java.base/java.lang=ALL-UNNAMED --add-opens=java.base/sun.nio.fs=ALL-UNNAMED -Declipse.application=org.eclipse.jdt.ls.core.id1 -Dosgi.bundles.defaultStartLevel=4 -Declipse.product=org.eclipse.jdt.ls.core.product -Djava.import.generatesMetadataFilesAtProjectRoot=false -DDetectVMInstallationsJob.disabled=true -Dfile.encoding=utf8 -XX:+UseParallelGC -XX:GCTimeRatio=4 -XX:AdaptiveSizePolicyWeight=90 -Dsun.zip.disableMemoryMapping=true -Xmx2G -Xms100m -Xlog:disable -javaagent:c:\Users\Administrator\.trae-cn\extensions\redhat.java-1.47.0-win32-x64\lombok\lombok-1.18.39-4050.jar -XX:+HeapDumpOnOutOfMemoryError -XX:HeapDumpPath=c:\Users\Administrator\AppData\Roaming\Trae CN\User\workspaceStorage\e4a04282005564b2607c75b1cf6fb7fe\redhat.java -Daether.dependencyCollector.impl=bf c:\Users\Administrator\.trae-cn\extensions\redhat.java-1.47.0-win32-x64\server\plugins\org.eclipse.equinox.launcher_1.7.100.v20251014-1222.jar -configuration c:\Users\Administrator\AppData\Roaming\Trae CN\User\globalStorage\redhat.java\1.47.0\config_win -data c:\Users\Administrator\AppData\Roaming\Trae CN\User\workspaceStorage\e4a04282005564b2607c75b1cf6fb7fe\redhat.java\jdt_ws --pipe=\\.\pipe\lsp-e0e30e37e823cc0efbf544a9986b6ed2-sock

Host: Intel(R) Xeon(R) CPU E5-2670 v2 @ 2.50GHz, 20 cores, 13G,  Windows 11 , 64 bit Build 22000 (10.0.22000.1335)
Time: Sat Nov  8 01:17:29 2025 elapsed time: 24.298696 seconds (0d 0h 0m 24s)

---------------  T H R E A D  ---------------

Current thread (0x000002e4e5d2ac00):  JavaThread "C2 CompilerThread1" daemon [_thread_in_native, id=26064, stack(0x000000ea84600000,0x000000ea84700000) (1024K)]


Current CompileTask:
C2:24298 12851       4       lombok.eclipse.agent.PatchExtensionMethod::getTypeNode (47 bytes)

Stack: [0x000000ea84600000,0x000000ea84700000]
Native frames: (J=compiled Java code, j=interpreted, Vv=VM code, C=native code)
V  [jvm.dll+0x6d2449]
V  [jvm.dll+0x8ae341]
V  [jvm.dll+0x8b08be]
V  [jvm.dll+0x8b0fa3]
V  [jvm.dll+0x280c96]
V  [jvm.dll+0xc581d]
V  [jvm.dll+0xc5d53]
V  [jvm.dll+0x3b9162]
V  [jvm.dll+0x385315]
V  [jvm.dll+0x38477a]
V  [jvm.dll+0x248ed0]
V  [jvm.dll+0x2484af]
V  [jvm.dll+0x1c89ee]
V  [jvm.dll+0x257d4d]
V  [jvm.dll+0x2562ea]
V  [jvm.dll+0x3f2d16]
V  [jvm.dll+0x857e6b]
V  [jvm.dll+0x6d0b0d]
C  [ucrtbase.dll+0x26c0c]
C  [KERNEL32.DLL+0x155a0]
C  [ntdll.dll+0x485b]


---------------  P R O C E S S  ---------------

Threads class SMR info:
_java_thread_list=0x000002e4e46408e0, length=71, elements={
0x000002e4fe050450, 0x000002e496deb170, 0x000002e496ded680, 0x000002e4d95e6fa0,
0x000002e4d95e79f0, 0x000002e4d95eb540, 0x000002e4d95f1df0, 0x000002e4d95f5580,
0x000002e4d95ff7f0, 0x000002e4ffcd4350, 0x000002e4d96f8880, 0x000002e4db31ac40,
0x000002e4db75d040, 0x000002e4db5dee40, 0x000002e4e00a8c70, 0x000002e4e026c0a0,
0x000002e4e0cd0900, 0x000002e4e0b1b070, 0x000002e4e0c9f070, 0x000002e4e0d816a0,
0x000002e4e0fa2710, 0x000002e4e0fa2080, 0x000002e4e0fa0cd0, 0x000002e4e0fa3430,
0x000002e4e0fa1360, 0x000002e4e0fa4150, 0x000002e4e0fa3ac0, 0x000002e4e0fa2da0,
0x000002e4e0fa19f0, 0x000002e4e1c0e5d0, 0x000002e4e1c10010, 0x000002e4e1c0ec60,
0x000002e4e1c0cb90, 0x000002e4e1c0df40, 0x000002e4e1c0f2f0, 0x000002e4e1c0d220,
0x000002e4e1c0f980, 0x000002e4e1c0d8b0, 0x000002e4e34b3840, 0x000002e4e34b8070,
0x000002e4e34b79e0, 0x000002e4e34b3ed0, 0x000002e4e34b4560, 0x000002e4e34b8d90,
0x000002e4e34b31b0, 0x000002e4e34b9420, 0x000002e4e34b4bf0, 0x000002e4e34b7350,
0x000002e4e34b5280, 0x000002e4e34b8700, 0x000002e4e34ba7d0, 0x000002e4e34b5910,
0x000002e4e2379cc0, 0x000002e4e2377bf0, 0x000002e4e237a9e0, 0x000002e4e237d140,
0x000002e4e2379630, 0x000002e4e2378280, 0x000002e4e237b070, 0x000002e4e237a350,
0x000002e4e237c420, 0x000002e4e237bd90, 0x000002e4e237cab0, 0x000002e4e237de60,
0x000002e4e237b700, 0x000002e4e237e4f0, 0x000002e4e2377560, 0x000002e4e6392a30,
0x000002e4e6394b00, 0x000002e4e5d2ac00, 0x000002e4e5d2a530
}

Java Threads: ( => current thread )
  0x000002e4fe050450 JavaThread "main"                              [_thread_blocked, id=13380, stack(0x000000ea83700000,0x000000ea83800000) (1024K)]
  0x000002e496deb170 JavaThread "Reference Handler"          daemon [_thread_blocked, id=22596, stack(0x000000ea83b00000,0x000000ea83c00000) (1024K)]
  0x000002e496ded680 JavaThread "Finalizer"                  daemon [_thread_blocked, id=30616, stack(0x000000ea83c00000,0x000000ea83d00000) (1024K)]
  0x000002e4d95e6fa0 JavaThread "Signal Dispatcher"          daemon [_thread_blocked, id=23028, stack(0x000000ea83d00000,0x000000ea83e00000) (1024K)]
  0x000002e4d95e79f0 JavaThread "Attach Listener"            daemon [_thread_blocked, id=29980, stack(0x000000ea83e00000,0x000000ea83f00000) (1024K)]
  0x000002e4d95eb540 JavaThread "Service Thread"             daemon [_thread_blocked, id=17536, stack(0x000000ea83f00000,0x000000ea84000000) (1024K)]
  0x000002e4d95f1df0 JavaThread "Monitor Deflation Thread"   daemon [_thread_blocked, id=22468, stack(0x000000ea84000000,0x000000ea84100000) (1024K)]
  0x000002e4d95f5580 JavaThread "C2 CompilerThread0"         daemon [_thread_in_native, id=23768, stack(0x000000ea84100000,0x000000ea84200000) (1024K)]
  0x000002e4d95ff7f0 JavaThread "C1 CompilerThread0"         daemon [_thread_blocked, id=25708, stack(0x000000ea84200000,0x000000ea84300000) (1024K)]
  0x000002e4ffcd4350 JavaThread "Common-Cleaner"             daemon [_thread_blocked, id=27716, stack(0x000000ea84300000,0x000000ea84400000) (1024K)]
  0x000002e4d96f8880 JavaThread "C1 CompilerThread1"         daemon [_thread_blocked, id=24864, stack(0x000000ea84400000,0x000000ea84500000) (1024K)]
  0x000002e4db31ac40 JavaThread "Notification Thread"        daemon [_thread_blocked, id=20704, stack(0x000000ea84700000,0x000000ea84800000) (1024K)]
  0x000002e4db75d040 JavaThread "Active Thread: Equinox Container: ad0df0b8-3c9a-4ac0-b571-faacb9773022"        [_thread_blocked, id=29020, stack(0x000000ea85000000,0x000000ea85100000) (1024K)]
  0x000002e4db5dee40 JavaThread "Refresh Thread: Equinox Container: ad0df0b8-3c9a-4ac0-b571-faacb9773022" daemon [_thread_blocked, id=27212, stack(0x000000ea85200000,0x000000ea85300000) (1024K)]
  0x000002e4e00a8c70 JavaThread "Framework Event Dispatcher: Equinox Container: ad0df0b8-3c9a-4ac0-b571-faacb9773022" daemon [_thread_blocked, id=29284, stack(0x000000ea85300000,0x000000ea85400000) (1024K)]
  0x000002e4e026c0a0 JavaThread "Start Level: Equinox Container: ad0df0b8-3c9a-4ac0-b571-faacb9773022" daemon [_thread_blocked, id=26616, stack(0x000000ea85400000,0x000000ea85500000) (1024K)]
  0x000002e4e0cd0900 JavaThread "Bundle File Closer"         daemon [_thread_blocked, id=17752, stack(0x000000ea85800000,0x000000ea85900000) (1024K)]
  0x000002e4e0b1b070 JavaThread "SCR Component Actor"        daemon [_thread_blocked, id=17712, stack(0x000000ea85900000,0x000000ea85a00000) (1024K)]
  0x000002e4e0c9f070 JavaThread "Worker-JM"                         [_thread_blocked, id=23208, stack(0x000000ea85b00000,0x000000ea85c00000) (1024K)]
  0x000002e4e0d816a0 JavaThread "JNA Cleaner"                daemon [_thread_blocked, id=24980, stack(0x000000ea85f00000,0x000000ea86000000) (1024K)]
  0x000002e4e0fa2710 JavaThread "Worker-0"                          [_thread_blocked, id=23968, stack(0x000000ea86000000,0x000000ea86100000) (1024K)]
  0x000002e4e0fa2080 JavaThread "Worker-1: Building"                [_thread_blocked, id=25952, stack(0x000000ea86100000,0x000000ea86200000) (1024K)]
  0x000002e4e0fa0cd0 JavaThread "Java indexing"              daemon [_thread_blocked, id=17488, stack(0x000000ea85d00000,0x000000ea85e00000) (1024K)]
  0x000002e4e0fa3430 JavaThread "Worker-2"                          [_thread_blocked, id=27024, stack(0x000000ea86400000,0x000000ea86500000) (1024K)]
  0x000002e4e0fa1360 JavaThread "Worker-3"                          [_thread_blocked, id=29752, stack(0x000000ea86500000,0x000000ea86600000) (1024K)]
  0x000002e4e0fa4150 JavaThread "Worker-4"                          [_thread_blocked, id=27948, stack(0x000000ea86600000,0x000000ea86700000) (1024K)]
  0x000002e4e0fa3ac0 JavaThread "Worker-5"                          [_thread_blocked, id=16576, stack(0x000000ea86900000,0x000000ea86a00000) (1024K)]
  0x000002e4e0fa2da0 JavaThread "Worker-6"                          [_thread_blocked, id=20796, stack(0x000000ea86a00000,0x000000ea86b00000) (1024K)]
  0x000002e4e0fa19f0 JavaThread "Thread-1"                   daemon [_thread_in_native, id=5396, stack(0x000000ea86b00000,0x000000ea86c00000) (1024K)]
  0x000002e4e1c0e5d0 JavaThread "Thread-2"                   daemon [_thread_in_native, id=23464, stack(0x000000ea86c00000,0x000000ea86d00000) (1024K)]
  0x000002e4e1c10010 JavaThread "Thread-3"                   daemon [_thread_in_native, id=11248, stack(0x000000ea86d00000,0x000000ea86e00000) (1024K)]
  0x000002e4e1c0ec60 JavaThread "Thread-4"                   daemon [_thread_in_native, id=3124, stack(0x000000ea86e00000,0x000000ea86f00000) (1024K)]
  0x000002e4e1c0cb90 JavaThread "Thread-5"                   daemon [_thread_in_native, id=25436, stack(0x000000ea86f00000,0x000000ea87000000) (1024K)]
  0x000002e4e1c0df40 JavaThread "Thread-6"                   daemon [_thread_in_native, id=21788, stack(0x000000ea87000000,0x000000ea87100000) (1024K)]
  0x000002e4e1c0f2f0 JavaThread "Thread-7"                   daemon [_thread_in_native, id=22784, stack(0x000000ea87100000,0x000000ea87200000) (1024K)]
  0x000002e4e1c0d220 JavaThread "Thread-8"                   daemon [_thread_in_native, id=19900, stack(0x000000ea87200000,0x000000ea87300000) (1024K)]
  0x000002e4e1c0f980 JavaThread "Thread-9"                   daemon [_thread_in_native, id=20844, stack(0x000000ea87300000,0x000000ea87400000) (1024K)]
  0x000002e4e1c0d8b0 JavaThread "Thread-10"                  daemon [_thread_in_native, id=4248, stack(0x000000ea87400000,0x000000ea87500000) (1024K)]
  0x000002e4e34b3840 JavaThread "Thread-11"                  daemon [_thread_in_native, id=26588, stack(0x000000ea87500000,0x000000ea87600000) (1024K)]
  0x000002e4e34b8070 JavaThread "Thread-12"                  daemon [_thread_in_native, id=24244, stack(0x000000ea87600000,0x000000ea87700000) (1024K)]
  0x000002e4e34b79e0 JavaThread "Thread-13"                  daemon [_thread_in_native, id=21052, stack(0x000000ea87700000,0x000000ea87800000) (1024K)]
  0x000002e4e34b3ed0 JavaThread "Thread-14"                  daemon [_thread_in_native, id=25312, stack(0x000000ea87800000,0x000000ea87900000) (1024K)]
  0x000002e4e34b4560 JavaThread "Thread-15"                  daemon [_thread_in_native, id=18872, stack(0x000000ea87900000,0x000000ea87a00000) (1024K)]
  0x000002e4e34b8d90 JavaThread "Thread-16"                  daemon [_thread_in_native, id=28568, stack(0x000000ea87a00000,0x000000ea87b00000) (1024K)]
  0x000002e4e34b31b0 JavaThread "Thread-17"                  daemon [_thread_in_native, id=29096, stack(0x000000ea87b00000,0x000000ea87c00000) (1024K)]
  0x000002e4e34b9420 JavaThread "Thread-18"                  daemon [_thread_in_native, id=5704, stack(0x000000ea87c00000,0x000000ea87d00000) (1024K)]
  0x000002e4e34b4bf0 JavaThread "Thread-19"                  daemon [_thread_in_native, id=27784, stack(0x000000ea87d00000,0x000000ea87e00000) (1024K)]
  0x000002e4e34b7350 JavaThread "Thread-20"                  daemon [_thread_in_native, id=22752, stack(0x000000ea87e00000,0x000000ea87f00000) (1024K)]
  0x000002e4e34b5280 JavaThread "Thread-21"                  daemon [_thread_in_native, id=25536, stack(0x000000ea87f00000,0x000000ea88000000) (1024K)]
  0x000002e4e34b8700 JavaThread "pool-2-thread-1"                   [_thread_blocked, id=28688, stack(0x000000ea88000000,0x000000ea88100000) (1024K)]
  0x000002e4e34ba7d0 JavaThread "WorkspaceEventsHandler"            [_thread_blocked, id=25632, stack(0x000000ea88400000,0x000000ea88500000) (1024K)]
  0x000002e4e34b5910 JavaThread "pool-1-thread-1"                   [_thread_blocked, id=15908, stack(0x000000ea88500000,0x000000ea88600000) (1024K)]
  0x000002e4e2379cc0 JavaThread "Compiler Source File Reader" daemon [_thread_blocked, id=17020, stack(0x000000ea88100000,0x000000ea88200000) (1024K)]
  0x000002e4e2377bf0 JavaThread "Compiler Source File Reader" daemon [_thread_blocked, id=30672, stack(0x000000ea88200000,0x000000ea88300000) (1024K)]
  0x000002e4e237a9e0 JavaThread "Compiler Source File Reader" daemon [_thread_blocked, id=30220, stack(0x000000ea88300000,0x000000ea88400000) (1024K)]
  0x000002e4e237d140 JavaThread "Compiler Source File Reader" daemon [_thread_blocked, id=24068, stack(0x000000ea88700000,0x000000ea88800000) (1024K)]
  0x000002e4e2379630 JavaThread "Compiler Source File Reader" daemon [_thread_blocked, id=20108, stack(0x000000ea88800000,0x000000ea88900000) (1024K)]
  0x000002e4e2378280 JavaThread "Compiler Source File Reader" daemon [_thread_blocked, id=29244, stack(0x000000ea88900000,0x000000ea88a00000) (1024K)]
  0x000002e4e237b070 JavaThread "Compiler Source File Reader" daemon [_thread_blocked, id=29512, stack(0x000000ea88a00000,0x000000ea88b00000) (1024K)]
  0x000002e4e237a350 JavaThread "Compiler Source File Reader" daemon [_thread_blocked, id=27912, stack(0x000000ea88b00000,0x000000ea88c00000) (1024K)]
  0x000002e4e237c420 JavaThread "Compiler Source File Reader" daemon [_thread_blocked, id=10512, stack(0x000000ea88c00000,0x000000ea88d00000) (1024K)]
  0x000002e4e237bd90 JavaThread "Compiler Source File Reader" daemon [_thread_blocked, id=21224, stack(0x000000ea88d00000,0x000000ea88e00000) (1024K)]
  0x000002e4e237cab0 JavaThread "Compiler Source File Reader" daemon [_thread_blocked, id=24440, stack(0x000000ea88e00000,0x000000ea88f00000) (1024K)]
  0x000002e4e237de60 JavaThread "Compiler Source File Reader" daemon [_thread_blocked, id=30280, stack(0x000000ea88f00000,0x000000ea89000000) (1024K)]
  0x000002e4e237b700 JavaThread "Compiler Source File Reader" daemon [_thread_blocked, id=27756, stack(0x000000ea89000000,0x000000ea89100000) (1024K)]
  0x000002e4e237e4f0 JavaThread "Compiler Source File Reader" daemon [_thread_blocked, id=29304, stack(0x000000ea89100000,0x000000ea89200000) (1024K)]
  0x000002e4e2377560 JavaThread "Compiler Source File Reader" daemon [_thread_blocked, id=30224, stack(0x000000ea89200000,0x000000ea89300000) (1024K)]
  0x000002e4e6392a30 JavaThread "ForkJoinPool.commonPool-worker-1" daemon [_thread_blocked, id=23308, stack(0x000000ea89600000,0x000000ea89700000) (1024K)]
  0x000002e4e6394b00 JavaThread "Compiler Processing Task"   daemon [_thread_blocked, id=18388, stack(0x000000ea84500000,0x000000ea84600000) (1024K)]
=>0x000002e4e5d2ac00 JavaThread "C2 CompilerThread1"         daemon [_thread_in_native, id=26064, stack(0x000000ea84600000,0x000000ea84700000) (1024K)]
  0x000002e4e5d2a530 JavaThread "C2 CompilerThread2"         daemon [_thread_blocked, id=29416, stack(0x000000ea84800000,0x000000ea84900000) (1024K)]
Total: 71

Other Threads:
  0x000002e496dd4990 VMThread "VM Thread"                           [id=29116, stack(0x000000ea83a00000,0x000000ea83b00000) (1024K)]
  0x000002e496ccca10 WatcherThread "VM Periodic Task Thread"        [id=24320, stack(0x000000ea83900000,0x000000ea83a00000) (1024K)]
  0x000002e4ffc82e00 WorkerThread "GC Thread#0"                     [id=22012, stack(0x000000ea83800000,0x000000ea83900000) (1024K)]
  0x000002e4e01ed010 WorkerThread "GC Thread#1"                     [id=23024, stack(0x000000ea84a00000,0x000000ea84b00000) (1024K)]
  0x000002e4dba9c220 WorkerThread "GC Thread#2"                     [id=27240, stack(0x000000ea84b00000,0x000000ea84c00000) (1024K)]
  0x000002e4e00b30f0 WorkerThread "GC Thread#3"                     [id=18100, stack(0x000000ea84c00000,0x000000ea84d00000) (1024K)]
  0x000002e4db949f70 WorkerThread "GC Thread#4"                     [id=17552, stack(0x000000ea84d00000,0x000000ea84e00000) (1024K)]
  0x000002e4db94a310 WorkerThread "GC Thread#5"                     [id=25588, stack(0x000000ea84e00000,0x000000ea84f00000) (1024K)]
  0x000002e4e000e0b0 WorkerThread "GC Thread#6"                     [id=28336, stack(0x000000ea84f00000,0x000000ea85000000) (1024K)]
  0x000002e4e037b260 WorkerThread "GC Thread#7"                     [id=11244, stack(0x000000ea85100000,0x000000ea85200000) (1024K)]
  0x000002e4e07b0120 WorkerThread "GC Thread#8"                     [id=27704, stack(0x000000ea85500000,0x000000ea85600000) (1024K)]
  0x000002e4e0ac2b00 WorkerThread "GC Thread#9"                     [id=22592, stack(0x000000ea85600000,0x000000ea85700000) (1024K)]
  0x000002e4e0ac2020 WorkerThread "GC Thread#10"                    [id=11920, stack(0x000000ea85700000,0x000000ea85800000) (1024K)]
  0x000002e4e0ac1c80 WorkerThread "GC Thread#11"                    [id=11376, stack(0x000000ea85a00000,0x000000ea85b00000) (1024K)]
  0x000002e4e0ac2ea0 WorkerThread "GC Thread#12"                    [id=5032, stack(0x000000ea84900000,0x000000ea84a00000) (1024K)]
  0x000002e4e0ac3240 WorkerThread "GC Thread#13"                    [id=8084, stack(0x000000ea85c00000,0x000000ea85d00000) (1024K)]
  0x000002e4e0ac2760 WorkerThread "GC Thread#14"                    [id=30012, stack(0x000000ea85e00000,0x000000ea85f00000) (1024K)]
Total: 17

Threads with active compile tasks:
C2 CompilerThread0  24324 12850   !   4       lombok.eclipse.agent.PatchExtensionMethod::resolveType (870 bytes)
C2 CompilerThread1  24324 12851       4       lombok.eclipse.agent.PatchExtensionMethod::getTypeNode (47 bytes)
Total: 2

VM state: at safepoint (normal execution)

VM Mutex/Monitor currently owned by a thread:  ([mutex/lock_event])
[0x00007ff8a5e65458] Threads_lock - owner thread: 0x000002e496dd4990
[0x00007ff8a5e65558] Heap_lock - owner thread: 0x000002e4e6394b00

Heap address: 0x0000000080000000, size: 2048 MB, Compressed Oops mode: 32-bit

CDS archive(s) mapped at: [0x000002e497000000-0x000002e497ba0000-0x000002e497ba0000), size 12189696, SharedBaseAddress: 0x000002e497000000, ArchiveRelocationMode: 1.
Compressed class space mapped at: 0x000002e498000000-0x000002e4d8000000, reserved size: 1073741824
Narrow klass base: 0x000002e497000000, Narrow klass shift: 0, Narrow klass range: 0x100000000

GC Precious Log:
 CardTable entry size: 512
 CPUs: 20 total, 20 available
 Memory: 14268M
 Large Page Support: Disabled
 NUMA Support: Disabled
 Compressed Oops: Enabled (32-bit)
 Alignments: Space 512K, Generation 512K, Heap 2M
 Heap Min Capacity: 100M
 Heap Initial Capacity: 100M
 Heap Max Capacity: 2G
 Pre-touch: Disabled
 Parallel Workers: 15

Heap:
 PSYoungGen      total 2560K, used 2400K [0x00000000d5580000, 0x00000000d5900000, 0x0000000100000000)
  eden space 2048K, 100% used [0x00000000d5580000,0x00000000d5780000,0x00000000d5780000)
  from space 512K, 68% used [0x00000000d5880000,0x00000000d58d8000,0x00000000d5900000)
  to   space 512K, 81% used [0x00000000d5800000,0x00000000d5868000,0x00000000d5880000)
 ParOldGen       total 1129472K, used 1128825K [0x0000000080000000, 0x00000000c4f00000, 0x00000000d5580000)
  object space 1129472K, 99% used [0x0000000080000000,0x00000000c4e5e528,0x00000000c4f00000)
 Metaspace       used 59858K, committed 61184K, reserved 1114112K
  class space    used 6060K, committed 6656K, reserved 1048576K

Card table byte_map: [0x000002e492130000,0x000002e492540000] _byte_map_base: 0x000002e491d30000

Marking Bits: (ParMarkBitMap*) 0x00007ff8a5e6a340
 Begin Bits: [0x000002e4927f0000, 0x000002e4947f0000)
 End Bits:   [0x000002e4947f0000, 0x000002e4967f0000)

Polling page: 0x000002e4ffd30000

Metaspace:

Usage:
  Non-class:     52.54 MB used.
      Class:      5.92 MB used.
       Both:     58.46 MB used.

Virtual space:
  Non-class space:       64.00 MB reserved,      53.25 MB ( 83%) committed,  1 nodes.
      Class space:        1.00 GB reserved,       6.50 MB ( <1%) committed,  1 nodes.
             Both:        1.06 GB reserved,      59.75 MB (  5%) committed. 

Chunk freelists:
   Non-Class:  10.08 MB
       Class:  9.43 MB
        Both:  19.51 MB

MaxMetaspaceSize: unlimited
CompressedClassSpaceSize: 1.00 GB
Initial GC threshold: 21.00 MB
Current GC threshold: 96.56 MB
CDS: on
 - commit_granule_bytes: 65536.
 - commit_granule_words: 8192.
 - virtual_space_node_default_size: 8388608.
 - enlarge_chunks_in_place: 1.
 - use_allocation_guard: 0.


Internal statistics:

num_allocs_failed_limit: 6.
num_arena_births: 1050.
num_arena_deaths: 26.
num_vsnodes_births: 2.
num_vsnodes_deaths: 0.
num_space_committed: 955.
num_space_uncommitted: 0.
num_chunks_returned_to_freelist: 43.
num_chunks_taken_from_freelist: 3800.
num_chunk_merges: 11.
num_chunk_splits: 2345.
num_chunks_enlarged: 1411.
num_inconsistent_stats: 0.

CodeHeap 'non-profiled nmethods': size=119168Kb used=11645Kb max_used=11645Kb free=107522Kb
 bounds [0x000002e48acd0000, 0x000002e48b830000, 0x000002e492130000]
CodeHeap 'profiled nmethods': size=119104Kb used=32131Kb max_used=32131Kb free=86973Kb
 bounds [0x000002e483130000, 0x000002e4850a0000, 0x000002e48a580000]
CodeHeap 'non-nmethods': size=7488Kb used=1989Kb max_used=3227Kb free=5498Kb
 bounds [0x000002e48a580000, 0x000002e48a8b0000, 0x000002e48acd0000]
CodeCache: size=245760Kb, used=45765Kb, max_used=47003Kb, free=199993Kb
 total_blobs=12865, nmethods=12129, adapters=639, full_count=0
Compilation: enabled, stopped_count=0, restarted_count=0

Compilation events (20 events):
Event: 24.153 Thread 0x000002e4e5d2a530 12901       4       org.eclipse.jdt.internal.compiler.env.ITypeAnnotationWalker$1::toSupertype (2 bytes)
Event: 24.153 Thread 0x000002e4e5d2a530 nmethod 12901 0x000002e48b82e010 code [0x000002e48b82e1a0, 0x000002e48b82e228]
Event: 24.190 Thread 0x000002e4e5d2a530 12902       4       org.eclipse.core.internal.preferences.PreferencesService::get (62 bytes)
Event: 24.193 Thread 0x000002e4e5d2a530 nmethod 12902 0x000002e48b82e310 code [0x000002e48b82e4a0, 0x000002e48b82e648]
Event: 24.232 Thread 0x000002e4e5d2a530 12903       4       org.eclipse.jdt.internal.compiler.classfmt.NonNullDefaultAwareTypeAnnotationWalker::updateWalkerForParamNonNullDefault (151 bytes)
Event: 24.233 Thread 0x000002e4d95ff7f0 12905       3       org.eclipse.jdt.internal.compiler.lookup.ParameterizedGenericMethodBinding::boundCheck18 (188 bytes)
Event: 24.234 Thread 0x000002e4d95ff7f0 nmethod 12905 0x000002e48508c590 code [0x000002e48508c7e0, 0x000002e48508d388]
Event: 24.234 Thread 0x000002e4e5d2a530 nmethod 12903 0x000002e48b82e810 code [0x000002e48b82e9a0, 0x000002e48b82ea60]
Event: 24.234 Thread 0x000002e4e5d2a530 12904       4       org.eclipse.jdt.internal.compiler.lookup.TypeSystem$HashedParameterizedTypes$PTBKey::equals (45 bytes)
Event: 24.238 Thread 0x000002e4e5d2a530 nmethod 12904 0x000002e48b82eb90 code [0x000002e48b82ed40, 0x000002e48b82ef08]
Event: 24.251 Thread 0x000002e4e5d2a530 12906       4       org.eclipse.jdt.internal.compiler.lookup.Scope::findField (11 bytes)
Event: 24.251 Thread 0x000002e4d96f8880 12907       3       org.eclipse.jdt.internal.compiler.ast.BinaryExpression::traverse (34 bytes)
Event: 24.251 Thread 0x000002e4d95ff7f0 12908       3       org.eclipse.jdt.internal.compiler.ASTVisitor::endVisit (1 bytes)
Event: 24.252 Thread 0x000002e4d95ff7f0 nmethod 12908 0x000002e48508d810 code [0x000002e48508d9a0, 0x000002e48508daa8]
Event: 24.252 Thread 0x000002e4d95ff7f0 12909       3       org.eclipse.jdt.internal.compiler.ast.TypeReference::resolveAnnotations (386 bytes)
Event: 24.252 Thread 0x000002e4d96f8880 nmethod 12907 0x000002e48508db10 code [0x000002e48508dce0, 0x000002e48508e188]
Event: 24.252 Thread 0x000002e4e5d2a530 nmethod 12906 0x000002e48b82f090 code [0x000002e48b82f220, 0x000002e48b82f2d8]
Event: 24.253 Thread 0x000002e4d95ff7f0 nmethod 12909 0x000002e48508e310 code [0x000002e48508e700, 0x000002e485090380]
Event: 24.275 Thread 0x000002e4e5d2a530 12910       4       org.eclipse.jdt.internal.compiler.lookup.WildcardBinding::kind (17 bytes)
Event: 24.275 Thread 0x000002e4e5d2a530 nmethod 12910 0x000002e48b82f390 code [0x000002e48b82f520, 0x000002e48b82f5c8]

GC Heap History (20 events):
Event: 24.151 GC heap after
{Heap after GC invocations=492 (full 3):
 PSYoungGen      total 2560K, used 448K [0x00000000d5580000, 0x00000000d5900000, 0x0000000100000000)
  eden space 2048K, 0% used [0x00000000d5580000,0x00000000d5580000,0x00000000d5780000)
  from space 512K, 87% used [0x00000000d5880000,0x00000000d58f0000,0x00000000d5900000)
  to   space 512K, 0% used [0x00000000d5800000,0x00000000d5800000,0x00000000d5880000)
 ParOldGen       total 1105920K, used 1105662K [0x0000000080000000, 0x00000000c3800000, 0x00000000d5580000)
  object space 1105920K, 99% used [0x0000000080000000,0x00000000c37bfa30,0x00000000c3800000)
 Metaspace       used 59857K, committed 61184K, reserved 1114112K
  class space    used 6060K, committed 6656K, reserved 1048576K
}
Event: 24.161 GC heap before
{Heap before GC invocations=493 (full 3):
 PSYoungGen      total 2560K, used 2482K [0x00000000d5580000, 0x00000000d5900000, 0x0000000100000000)
  eden space 2048K, 99% used [0x00000000d5580000,0x00000000d577cab0,0x00000000d5780000)
  from space 512K, 87% used [0x00000000d5880000,0x00000000d58f0000,0x00000000d5900000)
  to   space 512K, 0% used [0x00000000d5800000,0x00000000d5800000,0x00000000d5880000)
 ParOldGen       total 1107456K, used 1107080K [0x0000000080000000, 0x00000000c3980000, 0x00000000d5580000)
  object space 1107456K, 99% used [0x0000000080000000,0x00000000c39220a8,0x00000000c3980000)
 Metaspace       used 59857K, committed 61184K, reserved 1114112K
  class space    used 6060K, committed 6656K, reserved 1048576K
}
Event: 24.163 GC heap after
{Heap after GC invocations=493 (full 3):
 PSYoungGen      total 2560K, used 480K [0x00000000d5580000, 0x00000000d5900000, 0x0000000100000000)
  eden space 2048K, 0% used [0x00000000d5580000,0x00000000d5580000,0x00000000d5780000)
  from space 512K, 93% used [0x00000000d5800000,0x00000000d5878000,0x00000000d5880000)
  to   space 512K, 0% used [0x00000000d5880000,0x00000000d5880000,0x00000000d5900000)
 ParOldGen       total 1107456K, used 1107334K [0x0000000080000000, 0x00000000c3980000, 0x00000000d5580000)
  object space 1107456K, 99% used [0x0000000080000000,0x00000000c3961940,0x00000000c3980000)
 Metaspace       used 59857K, committed 61184K, reserved 1114112K
  class space    used 6060K, committed 6656K, reserved 1048576K
}
Event: 24.181 GC heap before
{Heap before GC invocations=494 (full 3):
 PSYoungGen      total 2560K, used 2476K [0x00000000d5580000, 0x00000000d5900000, 0x0000000100000000)
  eden space 2048K, 97% used [0x00000000d5580000,0x00000000d5773390,0x00000000d5780000)
  from space 512K, 93% used [0x00000000d5800000,0x00000000d5878000,0x00000000d5880000)
  to   space 512K, 0% used [0x00000000d5880000,0x00000000d5880000,0x00000000d5900000)
 ParOldGen       total 1110528K, used 1110169K [0x0000000080000000, 0x00000000c3c80000, 0x00000000d5580000)
  object space 1110528K, 99% used [0x0000000080000000,0x00000000c3c26630,0x00000000c3c80000)
 Metaspace       used 59857K, committed 61184K, reserved 1114112K
  class space    used 6060K, committed 6656K, reserved 1048576K
}
Event: 24.183 GC heap after
{Heap after GC invocations=494 (full 3):
 PSYoungGen      total 2560K, used 384K [0x00000000d5580000, 0x00000000d5900000, 0x0000000100000000)
  eden space 2048K, 0% used [0x00000000d5580000,0x00000000d5580000,0x00000000d5780000)
  from space 512K, 75% used [0x00000000d5880000,0x00000000d58e0000,0x00000000d5900000)
  to   space 512K, 0% used [0x00000000d5800000,0x00000000d5800000,0x00000000d5880000)
 ParOldGen       total 1110528K, used 1110273K [0x0000000080000000, 0x00000000c3c80000, 0x00000000d5580000)
  object space 1110528K, 99% used [0x0000000080000000,0x00000000c3c40630,0x00000000c3c80000)
 Metaspace       used 59857K, committed 61184K, reserved 1114112K
  class space    used 6060K, committed 6656K, reserved 1048576K
}
Event: 24.193 GC heap before
{Heap before GC invocations=495 (full 3):
 PSYoungGen      total 2560K, used 2334K [0x00000000d5580000, 0x00000000d5900000, 0x0000000100000000)
  eden space 2048K, 95% used [0x00000000d5580000,0x00000000d5767a58,0x00000000d5780000)
  from space 512K, 75% used [0x00000000d5880000,0x00000000d58e0000,0x00000000d5900000)
  to   space 512K, 0% used [0x00000000d5800000,0x00000000d5800000,0x00000000d5880000)
 ParOldGen       total 1112064K, used 1111691K [0x0000000080000000, 0x00000000c3e00000, 0x00000000d5580000)
  object space 1112064K, 99% used [0x0000000080000000,0x00000000c3da2ca8,0x00000000c3e00000)
 Metaspace       used 59857K, committed 61184K, reserved 1114112K
  class space    used 6060K, committed 6656K, reserved 1048576K
}
Event: 24.196 GC heap after
{Heap after GC invocations=495 (full 3):
 PSYoungGen      total 2560K, used 384K [0x00000000d5580000, 0x00000000d5900000, 0x0000000100000000)
  eden space 2048K, 0% used [0x00000000d5580000,0x00000000d5580000,0x00000000d5780000)
  from space 512K, 75% used [0x00000000d5800000,0x00000000d5860000,0x00000000d5880000)
  to   space 512K, 0% used [0x00000000d5880000,0x00000000d5880000,0x00000000d5900000)
 ParOldGen       total 1112064K, used 1111803K [0x0000000080000000, 0x00000000c3e00000, 0x00000000d5580000)
  object space 1112064K, 99% used [0x0000000080000000,0x00000000c3dbeca8,0x00000000c3e00000)
 Metaspace       used 59857K, committed 61184K, reserved 1114112K
  class space    used 6060K, committed 6656K, reserved 1048576K
}
Event: 24.206 GC heap before
{Heap before GC invocations=496 (full 3):
 PSYoungGen      total 2560K, used 2333K [0x00000000d5580000, 0x00000000d5900000, 0x0000000100000000)
  eden space 2048K, 95% used [0x00000000d5580000,0x00000000d5767488,0x00000000d5780000)
  from space 512K, 75% used [0x00000000d5800000,0x00000000d5860000,0x00000000d5880000)
  to   space 512K, 0% used [0x00000000d5880000,0x00000000d5880000,0x00000000d5900000)
 ParOldGen       total 1113600K, used 1113220K [0x0000000080000000, 0x00000000c3f80000, 0x00000000d5580000)
  object space 1113600K, 99% used [0x0000000080000000,0x00000000c3f21320,0x00000000c3f80000)
 Metaspace       used 59857K, committed 61184K, reserved 1114112K
  class space    used 6060K, committed 6656K, reserved 1048576K
}
Event: 24.209 GC heap after
{Heap after GC invocations=496 (full 3):
 PSYoungGen      total 2560K, used 384K [0x00000000d5580000, 0x00000000d5900000, 0x0000000100000000)
  eden space 2048K, 0% used [0x00000000d5580000,0x00000000d5580000,0x00000000d5780000)
  from space 512K, 75% used [0x00000000d5880000,0x00000000d58e0000,0x00000000d5900000)
  to   space 512K, 0% used [0x00000000d5800000,0x00000000d5800000,0x00000000d5880000)
 ParOldGen       total 1113600K, used 1113324K [0x0000000080000000, 0x00000000c3f80000, 0x00000000d5580000)
  object space 1113600K, 99% used [0x0000000080000000,0x00000000c3f3b320,0x00000000c3f80000)
 Metaspace       used 59857K, committed 61184K, reserved 1114112K
  class space    used 6060K, committed 6656K, reserved 1048576K
}
Event: 24.220 GC heap before
{Heap before GC invocations=497 (full 3):
 PSYoungGen      total 2560K, used 2432K [0x00000000d5580000, 0x00000000d5900000, 0x0000000100000000)
  eden space 2048K, 100% used [0x00000000d5580000,0x00000000d5780000,0x00000000d5780000)
  from space 512K, 75% used [0x00000000d5880000,0x00000000d58e0000,0x00000000d5900000)
  to   space 512K, 0% used [0x00000000d5800000,0x00000000d5800000,0x00000000d5880000)
 ParOldGen       total 1115136K, used 1114742K [0x0000000080000000, 0x00000000c4100000, 0x00000000d5580000)
  object space 1115136K, 99% used [0x0000000080000000,0x00000000c409d998,0x00000000c4100000)
 Metaspace       used 59857K, committed 61184K, reserved 1114112K
  class space    used 6060K, committed 6656K, reserved 1048576K
}
Event: 24.222 GC heap after
{Heap after GC invocations=497 (full 3):
 PSYoungGen      total 2560K, used 502K [0x00000000d5580000, 0x00000000d5980000, 0x0000000100000000)
  eden space 2048K, 0% used [0x00000000d5580000,0x00000000d5580000,0x00000000d5780000)
  from space 512K, 98% used [0x00000000d5800000,0x00000000d587d898,0x00000000d5880000)
  to   space 1024K, 0% used [0x00000000d5880000,0x00000000d5880000,0x00000000d5980000)
 ParOldGen       total 1115136K, used 1114846K [0x0000000080000000, 0x00000000c4100000, 0x00000000d5580000)
  object space 1115136K, 99% used [0x0000000080000000,0x00000000c40b7998,0x00000000c4100000)
 Metaspace       used 59857K, committed 61184K, reserved 1114112K
  class space    used 6060K, committed 6656K, reserved 1048576K
}
Event: 24.236 GC heap before
{Heap before GC invocations=498 (full 3):
 PSYoungGen      total 2560K, used 2493K [0x00000000d5580000, 0x00000000d5980000, 0x0000000100000000)
  eden space 2048K, 97% used [0x00000000d5580000,0x00000000d5771f18,0x00000000d5780000)
  from space 512K, 98% used [0x00000000d5800000,0x00000000d587d898,0x00000000d5880000)
  to   space 1024K, 0% used [0x00000000d5880000,0x00000000d5880000,0x00000000d5980000)
 ParOldGen       total 1118208K, used 1117681K [0x0000000080000000, 0x00000000c4400000, 0x00000000d5580000)
  object space 1118208K, 99% used [0x0000000080000000,0x00000000c437c688,0x00000000c4400000)
 Metaspace       used 59857K, committed 61184K, reserved 1114112K
  class space    used 6060K, committed 6656K, reserved 1048576K
}
Event: 24.238 GC heap after
{Heap after GC invocations=498 (full 3):
 PSYoungGen      total 2560K, used 448K [0x00000000d5580000, 0x00000000d5900000, 0x0000000100000000)
  eden space 2048K, 0% used [0x00000000d5580000,0x00000000d5580000,0x00000000d5780000)
  from space 512K, 87% used [0x00000000d5880000,0x00000000d58f0000,0x00000000d5900000)
  to   space 512K, 0% used [0x00000000d5800000,0x00000000d5800000,0x00000000d5880000)
 ParOldGen       total 1118208K, used 1117777K [0x0000000080000000, 0x00000000c4400000, 0x00000000d5580000)
  object space 1118208K, 99% used [0x0000000080000000,0x00000000c4394688,0x00000000c4400000)
 Metaspace       used 59857K, committed 61184K, reserved 1114112K
  class space    used 6060K, committed 6656K, reserved 1048576K
}
Event: 24.254 GC heap before
{Heap before GC invocations=499 (full 3):
 PSYoungGen      total 2560K, used 2486K [0x00000000d5580000, 0x00000000d5900000, 0x0000000100000000)
  eden space 2048K, 99% used [0x00000000d5580000,0x00000000d577d850,0x00000000d5780000)
  from space 512K, 87% used [0x00000000d5880000,0x00000000d58f0000,0x00000000d5900000)
  to   space 512K, 0% used [0x00000000d5800000,0x00000000d5800000,0x00000000d5880000)
 ParOldGen       total 1121792K, used 1120944K [0x0000000080000000, 0x00000000c4780000, 0x00000000d5580000)
  object space 1121792K, 99% used [0x0000000080000000,0x00000000c46ac2b0,0x00000000c4780000)
 Metaspace       used 59858K, committed 61184K, reserved 1114112K
  class space    used 6060K, committed 6656K, reserved 1048576K
}
Event: 24.258 GC heap after
{Heap after GC invocations=499 (full 3):
 PSYoungGen      total 2560K, used 448K [0x00000000d5580000, 0x00000000d5900000, 0x0000000100000000)
  eden space 2048K, 0% used [0x00000000d5580000,0x00000000d5580000,0x00000000d5780000)
  from space 512K, 87% used [0x00000000d5800000,0x00000000d5870000,0x00000000d5880000)
  to   space 512K, 0% used [0x00000000d5880000,0x00000000d5880000,0x00000000d5900000)
 ParOldGen       total 1124864K, used 1123907K [0x0000000080000000, 0x00000000c4a80000, 0x00000000d5580000)
  object space 1124864K, 99% used [0x0000000080000000,0x00000000c4990fa0,0x00000000c4a80000)
 Metaspace       used 59858K, committed 61184K, reserved 1114112K
  class space    used 6060K, committed 6656K, reserved 1048576K
}
Event: 24.269 GC heap before
{Heap before GC invocations=500 (full 3):
 PSYoungGen      total 2560K, used 2491K [0x00000000d5580000, 0x00000000d5900000, 0x0000000100000000)
  eden space 2048K, 99% used [0x00000000d5580000,0x00000000d577efc8,0x00000000d5780000)
  from space 512K, 87% used [0x00000000d5800000,0x00000000d5870000,0x00000000d5880000)
  to   space 512K, 0% used [0x00000000d5880000,0x00000000d5880000,0x00000000d5900000)
 ParOldGen       total 1126400K, used 1125325K [0x0000000080000000, 0x00000000c4c00000, 0x00000000d5580000)
  object space 1126400K, 99% used [0x0000000080000000,0x00000000c4af3618,0x00000000c4c00000)
 Metaspace       used 59858K, committed 61184K, reserved 1114112K
  class space    used 6060K, committed 6656K, reserved 1048576K
}
Event: 24.272 GC heap after
{Heap after GC invocations=500 (full 3):
 PSYoungGen      total 2560K, used 502K [0x00000000d5580000, 0x00000000d5980000, 0x0000000100000000)
  eden space 2048K, 0% used [0x00000000d5580000,0x00000000d5580000,0x00000000d5780000)
  from space 512K, 98% used [0x00000000d5880000,0x00000000d58fd898,0x00000000d5900000)
  to   space 1024K, 0% used [0x00000000d5780000,0x00000000d5780000,0x00000000d5880000)
 ParOldGen       total 1126400K, used 1125437K [0x0000000080000000, 0x00000000c4c00000, 0x00000000d5580000)
  object space 1126400K, 99% used [0x0000000080000000,0x00000000c4b0f618,0x00000000c4c00000)
 Metaspace       used 59858K, committed 61184K, reserved 1114112K
  class space    used 6060K, committed 6656K, reserved 1048576K
}
Event: 24.280 GC heap before
{Heap before GC invocations=501 (full 3):
 PSYoungGen      total 2560K, used 2550K [0x00000000d5580000, 0x00000000d5980000, 0x0000000100000000)
  eden space 2048K, 100% used [0x00000000d5580000,0x00000000d5780000,0x00000000d5780000)
  from space 512K, 98% used [0x00000000d5880000,0x00000000d58fd898,0x00000000d5900000)
  to   space 1024K, 0% used [0x00000000d5780000,0x00000000d5780000,0x00000000d5880000)
 ParOldGen       total 1126400K, used 1125437K [0x0000000080000000, 0x00000000c4c00000, 0x00000000d5580000)
  object space 1126400K, 99% used [0x0000000080000000,0x00000000c4b0f618,0x00000000c4c00000)
 Metaspace       used 59858K, committed 61184K, reserved 1114112K
  class space    used 6060K, committed 6656K, reserved 1048576K
}
Event: 24.283 GC heap after
{Heap after GC invocations=501 (full 3):
 PSYoungGen      total 3072K, used 448K [0x00000000d5580000, 0x00000000d5900000, 0x0000000100000000)
  eden space 2048K, 0% used [0x00000000d5580000,0x00000000d5580000,0x00000000d5780000)
  from space 1024K, 43% used [0x00000000d5780000,0x00000000d57f0000,0x00000000d5880000)
  to   space 512K, 0% used [0x00000000d5880000,0x00000000d5880000,0x00000000d5900000)
 ParOldGen       total 1126400K, used 1125541K [0x0000000080000000, 0x00000000c4c00000, 0x00000000d5580000)
  object space 1126400K, 99% used [0x0000000080000000,0x00000000c4b29618,0x00000000c4c00000)
 Metaspace       used 59858K, committed 61184K, reserved 1114112K
  class space    used 6060K, committed 6656K, reserved 1048576K
}
Event: 24.296 GC heap before
{Heap before GC invocations=502 (full 3):
 PSYoungGen      total 3072K, used 2464K [0x00000000d5580000, 0x00000000d5900000, 0x0000000100000000)
  eden space 2048K, 98% used [0x00000000d5580000,0x00000000d57783e8,0x00000000d5780000)
  from space 1024K, 43% used [0x00000000d5780000,0x00000000d57f0000,0x00000000d5880000)
  to   space 512K, 0% used [0x00000000d5880000,0x00000000d5880000,0x00000000d5900000)
 ParOldGen       total 1129472K, used 1128376K [0x0000000080000000, 0x00000000c4f00000, 0x00000000d5580000)
  object space 1129472K, 99% used [0x0000000080000000,0x00000000c4dee308,0x00000000c4f00000)
 Metaspace       used 59858K, committed 61184K, reserved 1114112K
  class space    used 6060K, committed 6656K, reserved 1048576K
}

Dll operation events (10 events):
Event: 0.014 Loaded shared library c:\Users\Administrator\.trae-cn\extensions\redhat.java-1.47.0-win32-x64\jre\21.0.8-win32-x86_64\bin\java.dll
Event: 0.061 Loaded shared library c:\Users\Administrator\.trae-cn\extensions\redhat.java-1.47.0-win32-x64\jre\21.0.8-win32-x86_64\bin\zip.dll
Event: 0.168 Loaded shared library C:\Users\Administrator\.trae-cn\extensions\redhat.java-1.47.0-win32-x64\jre\21.0.8-win32-x86_64\bin\instrument.dll
Event: 0.175 Loaded shared library C:\Users\Administrator\.trae-cn\extensions\redhat.java-1.47.0-win32-x64\jre\21.0.8-win32-x86_64\bin\net.dll
Event: 0.177 Loaded shared library C:\Users\Administrator\.trae-cn\extensions\redhat.java-1.47.0-win32-x64\jre\21.0.8-win32-x86_64\bin\nio.dll
Event: 0.182 Loaded shared library C:\Users\Administrator\.trae-cn\extensions\redhat.java-1.47.0-win32-x64\jre\21.0.8-win32-x86_64\bin\zip.dll
Event: 0.202 Loaded shared library C:\Users\Administrator\.trae-cn\extensions\redhat.java-1.47.0-win32-x64\jre\21.0.8-win32-x86_64\bin\jimage.dll
Event: 0.288 Loaded shared library c:\Users\Administrator\.trae-cn\extensions\redhat.java-1.47.0-win32-x64\jre\21.0.8-win32-x86_64\bin\verify.dll
Event: 1.352 Loaded shared library C:\Users\Administrator\AppData\Roaming\Trae CN\User\globalStorage\redhat.java\1.47.0\config_win\org.eclipse.equinox.launcher\org.eclipse.equinox.launcher.win32.win32.x86_64_1.2.1400.v20250801-0854\eclipse_11916.dll
Event: 2.534 Loaded shared library C:\Users\Administrator\AppData\Local\Temp\jna-146731693\jna15434500137054464892.dll

Deoptimization events (20 events):
Event: 23.831 Thread 0x000002e4e6394b00 DEOPT PACKING pc=0x000002e48b7c8bb4 sp=0x000000ea845fe880
Event: 23.831 Thread 0x000002e4e6394b00 DEOPT UNPACKING pc=0x000002e48a5d3aa2 sp=0x000000ea845fe7d0 mode 2
Event: 23.838 Thread 0x000002e4e6394b00 Uncommon trap: trap_request=0xffffff45 fr.pc=0x000002e48b40c7d0 relative=0x0000000000000130
Event: 23.838 Thread 0x000002e4e6394b00 Uncommon trap: reason=unstable_if action=reinterpret pc=0x000002e48b40c7d0 method=org.eclipse.jdt.internal.compiler.parser.Scanner.getNextChar(CC)I @ 41 c2
Event: 23.838 Thread 0x000002e4e6394b00 DEOPT PACKING pc=0x000002e48b40c7d0 sp=0x000000ea845fe920
Event: 23.838 Thread 0x000002e4e6394b00 DEOPT UNPACKING pc=0x000002e48a5d3aa2 sp=0x000000ea845fe8b8 mode 2
Event: 23.839 Thread 0x000002e4e6394b00 DEOPT PACKING pc=0x000002e4850395cb sp=0x000000ea845fea80
Event: 23.839 Thread 0x000002e4e6394b00 DEOPT UNPACKING pc=0x000002e48a5d4242 sp=0x000000ea845fdfe8 mode 0
Event: 24.064 Thread 0x000002e4e6394b00 Uncommon trap: trap_request=0xffffff45 fr.pc=0x000002e48b72d620 relative=0x0000000000000580
Event: 24.064 Thread 0x000002e4e6394b00 Uncommon trap: reason=unstable_if action=reinterpret pc=0x000002e48b72d620 method=org.eclipse.jdt.internal.compiler.ast.TypeReference.resolveAnnotations(Lorg/eclipse/jdt/internal/compiler/lookup/Scope;I)V @ 24 c2
Event: 24.064 Thread 0x000002e4e6394b00 DEOPT PACKING pc=0x000002e48b72d620 sp=0x000000ea845fe750
Event: 24.064 Thread 0x000002e4e6394b00 DEOPT UNPACKING pc=0x000002e48a5d3aa2 sp=0x000000ea845fe6e0 mode 2
Event: 24.075 Thread 0x000002e4e6394b00 Uncommon trap: trap_request=0xffffffde fr.pc=0x000002e48b5bee90 relative=0x0000000000000150
Event: 24.075 Thread 0x000002e4e6394b00 Uncommon trap: reason=class_check action=maybe_recompile pc=0x000002e48b5bee90 method=org.eclipse.jdt.internal.compiler.lookup.ReferenceBinding$2.compare(Ljava/lang/Object;Ljava/lang/Object;)I @ 2 c2
Event: 24.075 Thread 0x000002e4e6394b00 DEOPT PACKING pc=0x000002e48b5bee90 sp=0x000000ea845fea20
Event: 24.075 Thread 0x000002e4e6394b00 DEOPT UNPACKING pc=0x000002e48a5d3aa2 sp=0x000000ea845fe9b0 mode 2
Event: 24.075 Thread 0x000002e4e6394b00 Uncommon trap: trap_request=0xffffffde fr.pc=0x000002e48b5bee90 relative=0x0000000000000150
Event: 24.075 Thread 0x000002e4e6394b00 Uncommon trap: reason=class_check action=maybe_recompile pc=0x000002e48b5bee90 method=org.eclipse.jdt.internal.compiler.lookup.ReferenceBinding$2.compare(Ljava/lang/Object;Ljava/lang/Object;)I @ 2 c2
Event: 24.075 Thread 0x000002e4e6394b00 DEOPT PACKING pc=0x000002e48b5bee90 sp=0x000000ea845fea20
Event: 24.075 Thread 0x000002e4e6394b00 DEOPT UNPACKING pc=0x000002e48a5d3aa2 sp=0x000000ea845fe9b0 mode 2

Classes loaded (20 events):
Event: 11.862 Loading class java/util/stream/Nodes$IntFixedNodeBuilder
Event: 11.862 Loading class java/util/stream/Node$Builder$OfInt
Event: 11.862 Loading class java/util/stream/Node$Builder$OfInt done
Event: 11.862 Loading class java/util/stream/Nodes$IntArrayNode
Event: 11.862 Loading class java/util/stream/Nodes$IntArrayNode done
Event: 11.862 Loading class java/util/stream/Nodes$IntFixedNodeBuilder done
Event: 11.862 Loading class java/util/stream/ReferencePipeline$4$1
Event: 11.862 Loading class java/util/stream/ReferencePipeline$4$1 done
Event: 12.840 Loading class java/util/stream/ReduceOps$4
Event: 12.840 Loading class java/util/stream/ReduceOps$4 done
Event: 12.840 Loading class java/util/stream/ReduceOps$4ReducingSink
Event: 12.840 Loading class java/util/stream/ReduceOps$4ReducingSink done
Event: 13.030 Loading class java/util/concurrent/ForkJoinTask$AdaptedCallable
Event: 13.030 Loading class java/util/concurrent/ForkJoinTask$AdaptedCallable done
Event: 15.392 Loading class java/util/concurrent/ArrayBlockingQueue
Event: 15.392 Loading class java/util/concurrent/ArrayBlockingQueue done
Event: 15.673 Loading class java/util/Hashtable$ValueCollection
Event: 15.674 Loading class java/util/Hashtable$ValueCollection done
Event: 18.180 Loading class jdk/internal/math/FDBigInteger
Event: 18.181 Loading class jdk/internal/math/FDBigInteger done

Classes unloaded (13 events):
Event: 2.995 Thread 0x000002e496dd4990 Unloading class 0x000002e4981aa800 'java/lang/invoke/LambdaForm$MH+0x000002e4981aa800'
Event: 2.995 Thread 0x000002e496dd4990 Unloading class 0x000002e4981aa400 'java/lang/invoke/LambdaForm$MH+0x000002e4981aa400'
Event: 2.995 Thread 0x000002e496dd4990 Unloading class 0x000002e4981aa000 'java/lang/invoke/LambdaForm$MH+0x000002e4981aa000'
Event: 2.995 Thread 0x000002e496dd4990 Unloading class 0x000002e4981a9c00 'java/lang/invoke/LambdaForm$MH+0x000002e4981a9c00'
Event: 2.995 Thread 0x000002e496dd4990 Unloading class 0x000002e4981a9800 'java/lang/invoke/LambdaForm$BMH+0x000002e4981a9800'
Event: 2.995 Thread 0x000002e496dd4990 Unloading class 0x000002e4981a9400 'java/lang/invoke/LambdaForm$DMH+0x000002e4981a9400'
Event: 2.995 Thread 0x000002e496dd4990 Unloading class 0x000002e4981a8400 'java/lang/invoke/LambdaForm$DMH+0x000002e4981a8400'
Event: 4.319 Thread 0x000002e496dd4990 Unloading class 0x000002e498345800 'java/lang/invoke/LambdaForm$MH+0x000002e498345800'
Event: 4.319 Thread 0x000002e496dd4990 Unloading class 0x000002e498344c00 'java/lang/invoke/LambdaForm$MH+0x000002e498344c00'
Event: 4.319 Thread 0x000002e496dd4990 Unloading class 0x000002e498344400 'java/lang/invoke/LambdaForm$MH+0x000002e498344400'
Event: 4.319 Thread 0x000002e496dd4990 Unloading class 0x000002e498343c00 'java/lang/invoke/LambdaForm$MH+0x000002e498343c00'
Event: 4.319 Thread 0x000002e496dd4990 Unloading class 0x000002e498343800 'java/lang/invoke/LambdaForm$DMH+0x000002e498343800'
Event: 4.319 Thread 0x000002e496dd4990 Unloading class 0x000002e498342c00 'java/lang/invoke/LambdaForm$MH+0x000002e498342c00'

Classes redefined (0 events):
No events

Internal exceptions (20 events):
Event: 23.841 Thread 0x000002e4e6394b00 Implicit null exception at 0x000002e48460329b to 0x000002e484603855
Event: 23.841 Thread 0x000002e4e6394b00 Exception <a 'java/lang/NullPointerException'{0x00000000d57372b0}> (0x00000000d57372b0) 
thrown [s\src\hotspot\share\runtime\sharedRuntime.cpp, line 625]
Event: 23.841 Thread 0x000002e4e6394b00 Implicit null exception at 0x000002e48460329b to 0x000002e484603855
Event: 23.841 Thread 0x000002e4e6394b00 Exception <a 'java/lang/NullPointerException'{0x00000000d57378a0}> (0x00000000d57378a0) 
thrown [s\src\hotspot\share\runtime\sharedRuntime.cpp, line 625]
Event: 23.841 Thread 0x000002e4e6394b00 Implicit null exception at 0x000002e48460329b to 0x000002e484603855
Event: 23.841 Thread 0x000002e4e6394b00 Exception <a 'java/lang/NullPointerException'{0x00000000d5738368}> (0x00000000d5738368) 
thrown [s\src\hotspot\share\runtime\sharedRuntime.cpp, line 625]
Event: 23.842 Thread 0x000002e4e6394b00 Implicit null exception at 0x000002e48460329b to 0x000002e484603855
Event: 23.842 Thread 0x000002e4e6394b00 Exception <a 'java/lang/NullPointerException'{0x00000000d5738a90}> (0x00000000d5738a90) 
thrown [s\src\hotspot\share\runtime\sharedRuntime.cpp, line 625]
Event: 23.842 Thread 0x000002e4e6394b00 Implicit null exception at 0x000002e48460329b to 0x000002e484603855
Event: 23.842 Thread 0x000002e4e6394b00 Exception <a 'java/lang/NullPointerException'{0x00000000d5738e98}> (0x00000000d5738e98) 
thrown [s\src\hotspot\share\runtime\sharedRuntime.cpp, line 625]
Event: 23.842 Thread 0x000002e4e6394b00 Exception <a 'java/lang/NullPointerException'{0x00000000d57392d0}> (0x00000000d57392d0) 
thrown [s\src\hotspot\share\interpreter\linkResolver.cpp, line 1372]
Event: 23.842 Thread 0x000002e4e6394b00 Implicit null exception at 0x000002e48460329b to 0x000002e484603855
Event: 23.842 Thread 0x000002e4e6394b00 Exception <a 'java/lang/NullPointerException'{0x00000000d5739f28}> (0x00000000d5739f28) 
thrown [s\src\hotspot\share\runtime\sharedRuntime.cpp, line 625]
Event: 23.842 Thread 0x000002e4e6394b00 Exception <a 'java/lang/NullPointerException'{0x00000000d573a9e8}> (0x00000000d573a9e8) 
thrown [s\src\hotspot\share\interpreter\linkResolver.cpp, line 1372]
Event: 23.842 Thread 0x000002e4e6394b00 Implicit null exception at 0x000002e48460329b to 0x000002e484603855
Event: 23.842 Thread 0x000002e4e6394b00 Exception <a 'java/lang/NullPointerException'{0x00000000d573b758}> (0x00000000d573b758) 
thrown [s\src\hotspot\share\runtime\sharedRuntime.cpp, line 625]
Event: 23.842 Thread 0x000002e4e6394b00 Implicit null exception at 0x000002e48460329b to 0x000002e484603855
Event: 23.842 Thread 0x000002e4e6394b00 Exception <a 'java/lang/NullPointerException'{0x00000000d573bc48}> (0x00000000d573bc48) 
thrown [s\src\hotspot\share\runtime\sharedRuntime.cpp, line 625]
Event: 23.842 Thread 0x000002e4e6394b00 Implicit null exception at 0x000002e48460329b to 0x000002e484603855
Event: 23.842 Thread 0x000002e4e6394b00 Exception <a 'java/lang/NullPointerException'{0x00000000d573c0c8}> (0x00000000d573c0c8) 
thrown [s\src\hotspot\share\runtime\sharedRuntime.cpp, line 625]

ZGC Phase Switch (0 events):
No events

VM Operations (20 events):
Event: 24.151 Executing VM operation: ParallelGCFailedAllocation (Allocation Failure) done
Event: 24.161 Executing VM operation: ParallelGCFailedAllocation (Allocation Failure)
Event: 24.163 Executing VM operation: ParallelGCFailedAllocation (Allocation Failure) done
Event: 24.181 Executing VM operation: ParallelGCFailedAllocation (Allocation Failure)
Event: 24.183 Executing VM operation: ParallelGCFailedAllocation (Allocation Failure) done
Event: 24.193 Executing VM operation: ParallelGCFailedAllocation (Allocation Failure)
Event: 24.196 Executing VM operation: ParallelGCFailedAllocation (Allocation Failure) done
Event: 24.206 Executing VM operation: ParallelGCFailedAllocation (Allocation Failure)
Event: 24.209 Executing VM operation: ParallelGCFailedAllocation (Allocation Failure) done
Event: 24.220 Executing VM operation: ParallelGCFailedAllocation (Allocation Failure)
Event: 24.222 Executing VM operation: ParallelGCFailedAllocation (Allocation Failure) done
Event: 24.236 Executing VM operation: ParallelGCFailedAllocation (Allocation Failure)
Event: 24.238 Executing VM operation: ParallelGCFailedAllocation (Allocation Failure) done
Event: 24.254 Executing VM operation: ParallelGCFailedAllocation (Allocation Failure)
Event: 24.258 Executing VM operation: ParallelGCFailedAllocation (Allocation Failure) done
Event: 24.269 Executing VM operation: ParallelGCFailedAllocation (Allocation Failure)
Event: 24.272 Executing VM operation: ParallelGCFailedAllocation (Allocation Failure) done
Event: 24.280 Executing VM operation: ParallelGCFailedAllocation (Allocation Failure)
Event: 24.283 Executing VM operation: ParallelGCFailedAllocation (Allocation Failure) done
Event: 24.296 Executing VM operation: ParallelGCFailedAllocation (Allocation Failure)

Memory protections (0 events):
No events

Nmethod flushes (20 events):
Event: 17.556 Thread 0x000002e496dd4990 flushing  nmethod 0x000002e483aafb90
Event: 17.556 Thread 0x000002e496dd4990 flushing  nmethod 0x000002e483ac3810
Event: 17.556 Thread 0x000002e496dd4990 flushing  nmethod 0x000002e483ac4310
Event: 17.556 Thread 0x000002e496dd4990 flushing  nmethod 0x000002e483ac6790
Event: 17.556 Thread 0x000002e496dd4990 flushing  nmethod 0x000002e483adde90
Event: 17.556 Thread 0x000002e496dd4990 flushing  nmethod 0x000002e483ade490
Event: 17.556 Thread 0x000002e496dd4990 flushing  nmethod 0x000002e483aded10
Event: 17.556 Thread 0x000002e496dd4990 flushing  nmethod 0x000002e483adf090
Event: 17.556 Thread 0x000002e496dd4990 flushing  nmethod 0x000002e483ae0b10
Event: 17.556 Thread 0x000002e496dd4990 flushing  nmethod 0x000002e483aec390
Event: 17.556 Thread 0x000002e496dd4990 flushing  nmethod 0x000002e483af4410
Event: 17.556 Thread 0x000002e496dd4990 flushing  nmethod 0x000002e483b09b10
Event: 17.556 Thread 0x000002e496dd4990 flushing  nmethod 0x000002e483b18710
Event: 17.556 Thread 0x000002e496dd4990 flushing  nmethod 0x000002e483b2f890
Event: 17.556 Thread 0x000002e496dd4990 flushing  nmethod 0x000002e483b57310
Event: 17.556 Thread 0x000002e496dd4990 flushing  nmethod 0x000002e483b67790
Event: 17.556 Thread 0x000002e496dd4990 flushing  nmethod 0x000002e483b89890
Event: 17.556 Thread 0x000002e496dd4990 flushing  nmethod 0x000002e483b8b310
Event: 17.556 Thread 0x000002e496dd4990 flushing  nmethod 0x000002e483b8df90
Event: 17.556 Thread 0x000002e496dd4990 flushing  nmethod 0x000002e483b96910

Events (20 events):
Event: 15.341 Thread 0x000002e4e5c59bd0 Thread exited: 0x000002e4e5c59bd0
Event: 15.393 Thread 0x000002e4e0fa2080 Thread added: 0x000002e4e6394b00
Event: 15.399 Thread 0x000002e4d96f8880 Thread added: 0x000002e4e5c5a970
Event: 15.399 Thread 0x000002e4d96f8880 Thread added: 0x000002e4e5c59bd0
Event: 15.399 Thread 0x000002e4d96f8880 Thread added: 0x000002e4e5c572f0
Event: 16.509 Thread 0x000002e4e5c572f0 Thread exited: 0x000002e4e5c572f0
Event: 17.340 Thread 0x000002e4e5c59bd0 Thread exited: 0x000002e4e5c59bd0
Event: 18.040 Thread 0x000002e4e3661820 Thread added: 0x000002e4e5d2c740
Event: 18.246 Thread 0x000002e4d98a0190 Thread added: 0x000002e4e5d2ac00
Event: 18.950 Thread 0x000002e4e3661820 Thread exited: 0x000002e4e3661820
Event: 18.950 Thread 0x000002e4d98a0190 Thread exited: 0x000002e4d98a0190
Event: 18.950 Thread 0x000002e4e5d2ac00 Thread exited: 0x000002e4e5d2ac00
Event: 19.100 Thread 0x000002e4e5d2c740 Thread exited: 0x000002e4e5d2c740
Event: 19.230 Thread 0x000002e4d95ff7f0 Thread added: 0x000002e4e5d29e60
Event: 20.779 Thread 0x000002e4e5d29e60 Thread exited: 0x000002e4e5d29e60
Event: 20.781 Thread 0x000002e4e5c5a970 Thread exited: 0x000002e4e5c5a970
Event: 21.161 Thread 0x000002e4d95ff7f0 Thread added: 0x000002e4e5d2ac00
Event: 23.194 Thread 0x000002e4d95f5580 Thread added: 0x000002e4e5d2a530
Event: 23.527 Thread 0x000002e4d96f8880 Thread added: 0x000002e4e5d2f6f0
Event: 23.996 Thread 0x000002e4e5d2f6f0 Thread exited: 0x000002e4e5d2f6f0


Dynamic libraries:
0x00007ff7cc370000 - 0x00007ff7cc37e000 	c:\Users\Administrator\.trae-cn\extensions\redhat.java-1.47.0-win32-x64\jre\21.0.8-win32-x86_64\bin\java.exe
0x00007ff92d9a0000 - 0x00007ff92dba9000 	C:\Windows\SYSTEM32\ntdll.dll
0x00007ff92cc00000 - 0x00007ff92ccbe000 	C:\Windows\System32\KERNEL32.DLL
0x00007ff92b270000 - 0x00007ff92b5eb000 	C:\Windows\System32\KERNELBASE.dll
0x00007ff92aef0000 - 0x00007ff92b001000 	C:\Windows\System32\ucrtbase.dll
0x00007ff8dff40000 - 0x00007ff8dff5e000 	c:\Users\Administrator\.trae-cn\extensions\redhat.java-1.47.0-win32-x64\jre\21.0.8-win32-x86_64\bin\VCRUNTIME140.dll
0x00007ff8df790000 - 0x00007ff8df7a8000 	c:\Users\Administrator\.trae-cn\extensions\redhat.java-1.47.0-win32-x64\jre\21.0.8-win32-x86_64\bin\jli.dll
0x00007ff92bfd0000 - 0x00007ff92c17d000 	C:\Windows\System32\USER32.dll
0x00007ff91b150000 - 0x00007ff91b3f5000 	C:\Windows\WinSxS\amd64_microsoft.windows.common-controls_6595b64144ccf1df_6.0.22000.120_none_9d947278b86cc467\COMCTL32.dll
0x00007ff92b240000 - 0x00007ff92b266000 	C:\Windows\System32\win32u.dll
0x00007ff92b940000 - 0x00007ff92b9e3000 	C:\Windows\System32\msvcrt.dll
0x00007ff92d2f0000 - 0x00007ff92d319000 	C:\Windows\System32\GDI32.dll
0x00007ff92b010000 - 0x00007ff92b128000 	C:\Windows\System32\gdi32full.dll
0x00007ff92b130000 - 0x00007ff92b1cd000 	C:\Windows\System32\msvcp_win.dll
0x00007ff92d230000 - 0x00007ff92d262000 	C:\Windows\System32\IMM32.DLL
0x00007ff8ec8f0000 - 0x00007ff8ec8fc000 	c:\Users\Administrator\.trae-cn\extensions\redhat.java-1.47.0-win32-x64\jre\21.0.8-win32-x86_64\bin\vcruntime140_1.dll
0x00007ff8ba0e0000 - 0x00007ff8ba16d000 	c:\Users\Administrator\.trae-cn\extensions\redhat.java-1.47.0-win32-x64\jre\21.0.8-win32-x86_64\bin\msvcp140.dll
0x00007ff8a51b0000 - 0x00007ff8a5f47000 	c:\Users\Administrator\.trae-cn\extensions\redhat.java-1.47.0-win32-x64\jre\21.0.8-win32-x86_64\bin\server\jvm.dll
0x00007ff92b9f0000 - 0x00007ff92ba9e000 	C:\Windows\System32\ADVAPI32.dll
0x00007ff92c9e0000 - 0x00007ff92ca7e000 	C:\Windows\System32\sechost.dll
0x00007ff92b820000 - 0x00007ff92b940000 	C:\Windows\System32\RPCRT4.dll
0x00007ff92d280000 - 0x00007ff92d2ef000 	C:\Windows\System32\WS2_32.dll
0x00007ff92ad40000 - 0x00007ff92ad8d000 	C:\Windows\SYSTEM32\POWRPROF.dll
0x00007ff91b950000 - 0x00007ff91b983000 	C:\Windows\SYSTEM32\WINMM.dll
0x00007ff926ae0000 - 0x00007ff926aea000 	C:\Windows\SYSTEM32\VERSION.dll
0x00007ff92ad20000 - 0x00007ff92ad33000 	C:\Windows\SYSTEM32\UMPDC.dll
0x00007ff929ef0000 - 0x00007ff929f08000 	C:\Windows\SYSTEM32\kernel.appcore.dll
0x00007ff8ebee0000 - 0x00007ff8ebeea000 	c:\Users\Administrator\.trae-cn\extensions\redhat.java-1.47.0-win32-x64\jre\21.0.8-win32-x86_64\bin\jimage.dll
0x00007ff9287f0000 - 0x00007ff928a11000 	C:\Windows\SYSTEM32\DBGHELP.DLL
0x00007ff8e1900000 - 0x00007ff8e1931000 	C:\Windows\SYSTEM32\dbgcore.DLL
0x00007ff92ae70000 - 0x00007ff92aeef000 	C:\Windows\System32\bcryptPrimitives.dll
0x00007ff8e93a0000 - 0x00007ff8e93af000 	c:\Users\Administrator\.trae-cn\extensions\redhat.java-1.47.0-win32-x64\jre\21.0.8-win32-x86_64\bin\instrument.dll
0x00007ff8d8a90000 - 0x00007ff8d8aaf000 	c:\Users\Administrator\.trae-cn\extensions\redhat.java-1.47.0-win32-x64\jre\21.0.8-win32-x86_64\bin\java.dll
0x00007ff92c190000 - 0x00007ff92c947000 	C:\Windows\System32\SHELL32.dll
0x00007ff928f60000 - 0x00007ff9297c5000 	C:\Windows\SYSTEM32\windows.storage.dll
0x00007ff92cea0000 - 0x00007ff92d218000 	C:\Windows\System32\combase.dll
0x00007ff928df0000 - 0x00007ff928f56000 	C:\Windows\SYSTEM32\wintypes.dll
0x00007ff92d870000 - 0x00007ff92d95a000 	C:\Windows\System32\SHCORE.dll
0x00007ff92bd10000 - 0x00007ff92bd6d000 	C:\Windows\System32\shlwapi.dll
0x00007ff92ada0000 - 0x00007ff92adc1000 	C:\Windows\SYSTEM32\profapi.dll
0x00007ff8d60a0000 - 0x00007ff8d60b8000 	c:\Users\Administrator\.trae-cn\extensions\redhat.java-1.47.0-win32-x64\jre\21.0.8-win32-x86_64\bin\zip.dll
0x00007ff8e8500000 - 0x00007ff8e8510000 	C:\Users\Administrator\.trae-cn\extensions\redhat.java-1.47.0-win32-x64\jre\21.0.8-win32-x86_64\bin\net.dll
0x00007ff9266d0000 - 0x00007ff9267e4000 	C:\Windows\SYSTEM32\WINHTTP.dll
0x00007ff92a390000 - 0x00007ff92a3f7000 	C:\Windows\system32\mswsock.dll
0x00007ff8d5410000 - 0x00007ff8d5426000 	C:\Users\Administrator\.trae-cn\extensions\redhat.java-1.47.0-win32-x64\jre\21.0.8-win32-x86_64\bin\nio.dll
0x00007ff8e8490000 - 0x00007ff8e84a0000 	c:\Users\Administrator\.trae-cn\extensions\redhat.java-1.47.0-win32-x64\jre\21.0.8-win32-x86_64\bin\verify.dll
0x00007ff8d4910000 - 0x00007ff8d4954000 	C:\Users\Administrator\AppData\Roaming\Trae CN\User\globalStorage\redhat.java\1.47.0\config_win\org.eclipse.equinox.launcher\org.eclipse.equinox.launcher.win32.win32.x86_64_1.2.1400.v20250801-0854\eclipse_11916.dll
0x00007ff92bb70000 - 0x00007ff92bd0a000 	C:\Windows\System32\ole32.dll
0x00007ff92a5d0000 - 0x00007ff92a5e8000 	C:\Windows\SYSTEM32\CRYPTSP.dll
0x00007ff929e50000 - 0x00007ff929e85000 	C:\Windows\system32\rsaenh.dll
0x00007ff92a480000 - 0x00007ff92a4a9000 	C:\Windows\SYSTEM32\USERENV.dll
0x00007ff92a760000 - 0x00007ff92a787000 	C:\Windows\SYSTEM32\bcrypt.dll
0x00007ff92a5f0000 - 0x00007ff92a5fc000 	C:\Windows\SYSTEM32\CRYPTBASE.dll
0x00007ff929a20000 - 0x00007ff929a4d000 	C:\Windows\SYSTEM32\IPHLPAPI.DLL
0x00007ff92bf40000 - 0x00007ff92bf49000 	C:\Windows\System32\NSI.dll
0x00007ff8b9da0000 - 0x00007ff8b9de9000 	C:\Users\Administrator\AppData\Local\Temp\jna-146731693\jna15434500137054464892.dll
0x00007ff92d220000 - 0x00007ff92d228000 	C:\Windows\System32\PSAPI.DLL
0x00007ff925f60000 - 0x00007ff925f79000 	C:\Windows\SYSTEM32\dhcpcsvc6.DLL
0x00007ff9270e0000 - 0x00007ff9270fe000 	C:\Windows\SYSTEM32\dhcpcsvc.DLL

JVMTI agents:
c:\Users\Administrator\.trae-cn\extensions\redhat.java-1.47.0-win32-x64\lombok\lombok-1.18.39-4050.jar path:c:\Users\Administrator\.trae-cn\extensions\redhat.java-1.47.0-win32-x64\jre\21.0.8-win32-x86_64\bin\instrument.dll, loaded, initialized, instrumentlib options:none

dbghelp: loaded successfully - version: 4.0.5 - missing functions: none
symbol engine: initialized successfully - sym options: 0x614 - pdb path: .;c:\Users\Administrator\.trae-cn\extensions\redhat.java-1.47.0-win32-x64\jre\21.0.8-win32-x86_64\bin;C:\Windows\SYSTEM32;C:\Windows\WinSxS\amd64_microsoft.windows.common-controls_6595b64144ccf1df_6.0.22000.120_none_9d947278b86cc467;c:\Users\Administrator\.trae-cn\extensions\redhat.java-1.47.0-win32-x64\jre\21.0.8-win32-x86_64\bin\server;C:\Users\Administrator\AppData\Roaming\Trae CN\User\globalStorage\redhat.java\1.47.0\config_win\org.eclipse.equinox.launcher\org.eclipse.equinox.launcher.win32.win32.x86_64_1.2.1400.v20250801-0854;C:\Users\Administrator\AppData\Local\Temp\jna-146731693

VM Arguments:
jvm_args: --add-modules=ALL-SYSTEM --add-opens=java.base/java.util=ALL-UNNAMED --add-opens=java.base/java.lang=ALL-UNNAMED --add-opens=java.base/sun.nio.fs=ALL-UNNAMED -Declipse.application=org.eclipse.jdt.ls.core.id1 -Dosgi.bundles.defaultStartLevel=4 -Declipse.product=org.eclipse.jdt.ls.core.product -Djava.import.generatesMetadataFilesAtProjectRoot=false -DDetectVMInstallationsJob.disabled=true -Dfile.encoding=utf8 -XX:+UseParallelGC -XX:GCTimeRatio=4 -XX:AdaptiveSizePolicyWeight=90 -Dsun.zip.disableMemoryMapping=true -Xmx2G -Xms100m -Xlog:disable -javaagent:c:\Users\Administrator\.trae-cn\extensions\redhat.java-1.47.0-win32-x64\lombok\lombok-1.18.39-4050.jar -XX:+HeapDumpOnOutOfMemoryError -XX:HeapDumpPath=c:\Users\Administrator\AppData\Roaming\Trae CN\User\workspaceStorage\e4a04282005564b2607c75b1cf6fb7fe\redhat.java -Daether.dependencyCollector.impl=bf 
java_command: c:\Users\Administrator\.trae-cn\extensions\redhat.java-1.47.0-win32-x64\server\plugins\org.eclipse.equinox.launcher_1.7.100.v20251014-1222.jar -configuration c:\Users\Administrator\AppData\Roaming\Trae CN\User\globalStorage\redhat.java\1.47.0\config_win -data c:\Users\Administrator\AppData\Roaming\Trae CN\User\workspaceStorage\e4a04282005564b2607c75b1cf6fb7fe\redhat.java\jdt_ws --pipe=\\.\pipe\lsp-e0e30e37e823cc0efbf544a9986b6ed2-sock
java_class_path (initial): c:\Users\Administrator\.trae-cn\extensions\redhat.java-1.47.0-win32-x64\server\plugins\org.eclipse.equinox.launcher_1.7.100.v20251014-1222.jar
Launcher Type: SUN_STANDARD

[Global flags]
    uintx AdaptiveSizePolicyWeight                 = 90                                        {product} {command line}
     intx CICompilerCount                          = 12                                        {product} {ergonomic}
    uintx GCTimeRatio                              = 4                                         {product} {command line}
     bool HeapDumpOnOutOfMemoryError               = true                                   {manageable} {command line}
    ccstr HeapDumpPath                             = c:\Users\Administrator\AppData\Roaming\Trae CN\User\workspaceStorage\e4a04282005564b2607c75b1cf6fb7fe\redhat.java         {manageable} {command line}
   size_t InitialHeapSize                          = 104857600                                 {product} {command line}
   size_t MaxHeapSize                              = 2147483648                                {product} {command line}
   size_t MaxNewSize                               = 715653120                                 {product} {ergonomic}
   size_t MinHeapDeltaBytes                        = 524288                                    {product} {ergonomic}
   size_t MinHeapSize                              = 104857600                                 {product} {command line}
   size_t NewSize                                  = 34603008                                  {product} {ergonomic}
    uintx NonNMethodCodeHeapSize                   = 7602480                                {pd product} {ergonomic}
    uintx NonProfiledCodeHeapSize                  = 122027880                              {pd product} {ergonomic}
   size_t OldSize                                  = 70254592                                  {product} {ergonomic}
    uintx ProfiledCodeHeapSize                     = 122027880                              {pd product} {ergonomic}
    uintx ReservedCodeCacheSize                    = 251658240                              {pd product} {ergonomic}
     bool SegmentedCodeCache                       = true                                      {product} {ergonomic}
   size_t SoftMaxHeapSize                          = 2147483648                             {manageable} {ergonomic}
     bool UseCompressedOops                        = true                           {product lp64_product} {ergonomic}
     bool UseLargePagesIndividualAllocation        = false                                  {pd product} {ergonomic}
     bool UseParallelGC                            = true                                      {product} {command line}

Logging:
Log output configuration:
 #0: stdout all=off uptime,level,tags foldmultilines=false
 #1: stderr all=off uptime,level,tags foldmultilines=false

Environment Variables:
JAVA_HOME=E:\Program Files\Eclipse Adoptium\jdk-17.0.16.8-hotspot
PATH=C:\Users\Administrator\.trae-cn\tools\gradle\latest\bin;E:\Program Files\Eclipse Adoptium\jdk-17.0.16.8-hotspot\bin;C:\Users\Administrator\.trae-cn\tools\maven\latest\bin;E:\Program Files\Eclipse Adoptium\jdk-17.0.16.8-hotspot\bin;C:\Program Files (x86)\Common Files\Intel\Shared Libraries\redist\intel64\compiler;C:\Program Files\Zulu\zulu-8\bin\;C:\Program Files\Python39\Scripts\;C:\Program Files\Python39\;C:\windows\system32;C:\windows;C:\windows\System32\Wbem;C:\windows\System32\WindowsPowerShell\v1.0\;C:\windows\System32\OpenSSH\;C:\Program Files (x86)\NVIDIA Corporation\PhysX\Common;E:\ - \\;;C:\Program File;\NVIDIA Corporation\NVIDIA NvDLISR;C:\Program Files\dotnet\;E:\Program Files\nodejs\;E:\Program Files\Git\cmd;E:\Program Files\CMake\bin;E:\Program Files (x86)\blur;;E:\Program Files\Git LFS;C:\Users\Administrator\AppData\Local\Programs\Python\Python312\Scripts\;C:\Users\Administrator\AppData\Local\Programs\Python\Python312\;C:\Users\Administrator\AppData\Local\Microsoft\WindowsApps;D:\Program Files\cpolar\;E:\Program Files\JetBrains\IntelliJ IDEA 2023.2.2\bin;C:\Program Files\cpolar\;E:\Fiddler Web Debugger(5.0.20192.25092);C:\Users\Administrator\AppData\Roaming\npm;C:\Users\Administrator\.bun\bin;C:\Users\Administrator\AppData\Local\GitHubDesktop\bin;E:\Program Files (x86)\Nmap;E:\apache-maven-3.9.11\bin;;E:\Program Files\JetBrains\IntelliJ IDEA 2024.1\bin;;E:\Users\Administrator\AppData\Local\Programs\Microsoft VS Code\bin;e:\Users\Administrator\AppData\Local\Programs\Trae CN\resources\app\bin\lib
USERNAME=Administrator
OS=Windows_NT
PROCESSOR_IDENTIFIER=Intel64 Family 6 Model 62 Stepping 4, GenuineIntel
TMP=C:\Users\ADMINI~1\AppData\Local\Temp
TEMP=C:\Users\ADMINI~1\AppData\Local\Temp




Periodic native trim disabled

---------------  S Y S T E M  ---------------

OS:
 Windows 11 , 64 bit Build 22000 (10.0.22000.1335)
OS uptime: 0 days 8:13 hours

CPU: total 20 (initial active 20) (10 cores per cpu, 2 threads per core) family 6 model 62 stepping 4 microcode 0x42e, cx8, cmov, fxsr, ht, mmx, sse, sse2, sse3, ssse3, sse4.1, sse4.2, popcnt, tsc, tscinvbit, avx, aes, erms, clmul, vzeroupper, clflush, rdtscp, f16c
Processor Information for the first 20 processors :
  Max Mhz: 2501, Current Mhz: 2501, Mhz Limit: 2501

Memory: 4k page, system-wide physical 14268M (5000M free)
TotalPageFile size 19058M (AvailPageFile size 5M)
current process WorkingSet (physical memory assigned to process): 1429M, peak: 1429M
current process commit charge ("private bytes"): 1489M, peak: 1752M

vm_info: OpenJDK 64-Bit Server VM (21.0.8+9-LTS) for windows-amd64 JRE (21.0.8+9-LTS), built on 2025-07-15T00:00:00Z by "admin" with MS VC++ 17.7 (VS2022)

END.
