#
# There is insufficient memory for the Java Runtime Environment to continue.
# Native memory allocation (malloc) failed to allocate 1048592 bytes. Error detail: Chunk::new
# Possible reasons:
#   The system is out of physical RAM or swap space
#   This process is running with CompressedOops enabled, and the Java Heap may be blocking the growth of the native heap
# Possible solutions:
#   Reduce memory load on the system
#   Increase physical memory or swap space
#   Check if swap backing store is full
#   Decrease Java heap size (-Xmx/-Xms)
#   Decrease number of Java threads
#   Decrease Java thread stack sizes (-Xss)
#   Set larger code cache with -XX:ReservedCodeCacheSize=
#   JVM is running with Unscaled Compressed Oops mode in which the Java heap is
#     placed in the first 4GB address space. The Java Heap base address is the
#     maximum limit for the native heap growth. Please use -XX:HeapBaseMinAddress
#     to set the Java Heap base and to place the Java Heap above 4GB virtual address.
# This output file may be truncated or incomplete.
#
#  Out of Memory Error (arena.cpp:168), pid=13376, tid=25468
#
# JRE version: OpenJDK Runtime Environment Temurin-21.0.8+9 (21.0.8+9) (build 21.0.8+9-LTS)
# Java VM: OpenJDK 64-Bit Server VM Temurin-21.0.8+9 (21.0.8+9-LTS, mixed mode, sharing, tiered, compressed oops, compressed class ptrs, parallel gc, windows-amd64)
# No core dump will be written. Minidumps are not enabled by default on client versions of Windows
#

---------------  S U M M A R Y ------------

Command Line: --add-modules=ALL-SYSTEM --add-opens=java.base/java.util=ALL-UNNAMED --add-opens=java.base/java.lang=ALL-UNNAMED --add-opens=java.base/sun.nio.fs=ALL-UNNAMED -Declipse.application=org.eclipse.jdt.ls.core.id1 -Dosgi.bundles.defaultStartLevel=4 -Declipse.product=org.eclipse.jdt.ls.core.product -Djava.import.generatesMetadataFilesAtProjectRoot=false -DDetectVMInstallationsJob.disabled=true -Dfile.encoding=utf8 -XX:+UseParallelGC -XX:GCTimeRatio=4 -XX:AdaptiveSizePolicyWeight=90 -Dsun.zip.disableMemoryMapping=true -Xmx2G -Xms100m -Xlog:disable -javaagent:c:\Users\Administrator\.trae-cn\extensions\redhat.java-1.47.0-win32-x64\lombok\lombok-1.18.39-4050.jar -XX:+HeapDumpOnOutOfMemoryError -XX:HeapDumpPath=c:\Users\Administrator\AppData\Roaming\Trae CN\User\workspaceStorage\e4a04282005564b2607c75b1cf6fb7fe\redhat.java -Daether.dependencyCollector.impl=bf c:\Users\Administrator\.trae-cn\extensions\redhat.java-1.47.0-win32-x64\server\plugins\org.eclipse.equinox.launcher_1.7.100.v20251014-1222.jar -configuration c:\Users\Administrator\AppData\Roaming\Trae CN\User\globalStorage\redhat.java\1.47.0\config_win -data c:\Users\Administrator\AppData\Roaming\Trae CN\User\workspaceStorage\e4a04282005564b2607c75b1cf6fb7fe\redhat.java\jdt_ws --pipe=\\.\pipe\lsp-858994b94cd7cb588d914c725f353bac-sock

Host: Intel(R) Xeon(R) CPU E5-2670 v2 @ 2.50GHz, 20 cores, 13G,  Windows 11 , 64 bit Build 22000 (10.0.22000.1335)
Time: Sat Nov  8 01:17:51 2025 elapsed time: 21.589750 seconds (0d 0h 0m 21s)

---------------  T H R E A D  ---------------

Current thread (0x00000255e7c07440):  JavaThread "C2 CompilerThread2" daemon [_thread_in_native, id=25468, stack(0x000000fc00c00000,0x000000fc00d00000) (1024K)]


Current CompileTask:
C2:21589 12879       4       lombok.eclipse.agent.PatchExtensionMethod::getTypeNode (47 bytes)

Stack: [0x000000fc00c00000,0x000000fc00d00000]
Native frames: (J=compiled Java code, j=interpreted, Vv=VM code, C=native code)
V  [jvm.dll+0x6d2449]
V  [jvm.dll+0x8ae341]
V  [jvm.dll+0x8b08be]
V  [jvm.dll+0x8b0fa3]
V  [jvm.dll+0x280c96]
V  [jvm.dll+0xc581d]
V  [jvm.dll+0xc5d53]
V  [jvm.dll+0xc5945]
V  [jvm.dll+0x6ae837]
V  [jvm.dll+0x8d258]
V  [jvm.dll+0x661e3d]
V  [jvm.dll+0x65fd8e]
V  [jvm.dll+0x248d55]
V  [jvm.dll+0x2484af]
V  [jvm.dll+0x1c89ee]
V  [jvm.dll+0x257d4d]
V  [jvm.dll+0x2562ea]
V  [jvm.dll+0x3f2d16]
V  [jvm.dll+0x857e6b]
V  [jvm.dll+0x6d0b0d]
C  [ucrtbase.dll+0x26c0c]
C  [KERNEL32.DLL+0x155a0]
C  [ntdll.dll+0x485b]


---------------  P R O C E S S  ---------------

Threads class SMR info:
_java_thread_list=0x00000255e9ceae80, length=73, elements={
0x0000025584590f10, 0x00000255867d7ca0, 0x00000255df817780, 0x00000255df819c00,
0x00000255df81a800, 0x00000255df81c760, 0x00000255df81cdf0, 0x00000255df82ae60,
0x00000255df82be50, 0x00000255df81ba40, 0x00000255df92f4b0, 0x00000255dfaaaf50,
0x00000255df81c0d0, 0x00000255e1a2fb30, 0x00000255e1a32290, 0x00000255e1a32fb0,
0x00000255e1a2e780, 0x00000255e1a2e0f0, 0x00000255e1a301c0, 0x00000255e1a2ee10,
0x00000255e1a30850, 0x00000255e1a2f4a0, 0x00000255e1a31c00, 0x00000255e1a31570,
0x00000255e1a32920, 0x00000255e1a30ee0, 0x00000255e1a33640, 0x00000255e1a33cd0,
0x00000255e1a34360, 0x00000255e1a2d3d0, 0x00000255e1a349f0, 0x00000255e1a2da60,
0x00000255e861f3f0, 0x00000255e8622f00, 0x00000255e8623c20, 0x00000255e861ed60,
0x00000255e8625660, 0x00000255e8622870, 0x00000255e861fa80, 0x00000255e86242b0,
0x00000255e8621b50, 0x00000255e8624940, 0x00000255e86221e0, 0x00000255e8623590,
0x00000255e8620110, 0x00000255e86207a0, 0x00000255e8624fd0, 0x00000255e8625cf0,
0x00000255e8626380, 0x00000255e8620e30, 0x00000255e86214c0, 0x00000255e8c177c0,
0x00000255e8c149d0, 0x00000255e8c12270, 0x00000255e8c19890, 0x00000255e8c15d80,
0x00000255e8c12f90, 0x00000255e8c14340, 0x00000255e8c13cb0, 0x00000255e8c16410,
0x00000255e8c13620, 0x00000255e8c15060, 0x00000255e8c16aa0, 0x00000255e8c17130,
0x00000255eb408830, 0x00000255eb403970, 0x00000255eb404690, 0x00000255eb4081a0,
0x00000255eb40a270, 0x00000255e7c05fd0, 0x00000255e7c07440, 0x00000255e7c09650,
0x00000255e7c04490
}

Java Threads: ( => current thread )
  0x0000025584590f10 JavaThread "main"                              [_thread_blocked, id=21760, stack(0x000000fc7b000000,0x000000fc7b100000) (1024K)]
  0x00000255867d7ca0 JavaThread "Reference Handler"          daemon [_thread_blocked, id=27252, stack(0x000000fc7b400000,0x000000fc7b500000) (1024K)]
  0x00000255df817780 JavaThread "Finalizer"                  daemon [_thread_blocked, id=12832, stack(0x000000fc7b500000,0x000000fc7b600000) (1024K)]
  0x00000255df819c00 JavaThread "Signal Dispatcher"          daemon [_thread_blocked, id=28652, stack(0x000000fc7b600000,0x000000fc7b700000) (1024K)]
  0x00000255df81a800 JavaThread "Attach Listener"            daemon [_thread_blocked, id=28104, stack(0x000000fc7b700000,0x000000fc7b800000) (1024K)]
  0x00000255df81c760 JavaThread "Service Thread"             daemon [_thread_blocked, id=26736, stack(0x000000fc7b800000,0x000000fc7b900000) (1024K)]
  0x00000255df81cdf0 JavaThread "Monitor Deflation Thread"   daemon [_thread_blocked, id=12388, stack(0x000000fc7b900000,0x000000fc7ba00000) (1024K)]
  0x00000255df82ae60 JavaThread "C2 CompilerThread0"         daemon [_thread_in_native, id=26880, stack(0x000000fc7ba00000,0x000000fc7bb00000) (1024K)]
  0x00000255df82be50 JavaThread "C1 CompilerThread0"         daemon [_thread_blocked, id=24004, stack(0x000000fc7bb00000,0x000000fc7bc00000) (1024K)]
  0x00000255df81ba40 JavaThread "Common-Cleaner"             daemon [_thread_blocked, id=21572, stack(0x000000fc7bc00000,0x000000fc7bd00000) (1024K)]
  0x00000255df92f4b0 JavaThread "C1 CompilerThread1"         daemon [_thread_blocked, id=17508, stack(0x000000fc7bd00000,0x000000fc7be00000) (1024K)]
  0x00000255dfaaaf50 JavaThread "C1 CompilerThread2"         daemon [_thread_blocked, id=24028, stack(0x000000fc7bf00000,0x000000fc7c000000) (1024K)]
  0x00000255df81c0d0 JavaThread "Notification Thread"        daemon [_thread_blocked, id=19920, stack(0x000000fc7c000000,0x000000fc7c100000) (1024K)]
  0x00000255e1a2fb30 JavaThread "Active Thread: Equinox Container: ab2a2133-a0f3-4bdc-80a4-b35e57211f57"        [_thread_blocked, id=20876, stack(0x000000fc7c900000,0x000000fc7ca00000) (1024K)]
  0x00000255e1a32290 JavaThread "Refresh Thread: Equinox Container: ab2a2133-a0f3-4bdc-80a4-b35e57211f57" daemon [_thread_blocked, id=19988, stack(0x000000fc7cb00000,0x000000fc7cc00000) (1024K)]
  0x00000255e1a32fb0 JavaThread "Framework Event Dispatcher: Equinox Container: ab2a2133-a0f3-4bdc-80a4-b35e57211f57" daemon [_thread_blocked, id=28512, stack(0x000000fc7cc00000,0x000000fc7cd00000) (1024K)]
  0x00000255e1a2e780 JavaThread "Start Level: Equinox Container: ab2a2133-a0f3-4bdc-80a4-b35e57211f57" daemon [_thread_blocked, id=23200, stack(0x000000fc7cd00000,0x000000fc7ce00000) (1024K)]
  0x00000255e1a2e0f0 JavaThread "Bundle File Closer"         daemon [_thread_blocked, id=20556, stack(0x000000fc7d100000,0x000000fc7d200000) (1024K)]
  0x00000255e1a301c0 JavaThread "SCR Component Actor"        daemon [_thread_blocked, id=21324, stack(0x000000fc7d200000,0x000000fc7d300000) (1024K)]
  0x00000255e1a2ee10 JavaThread "Worker-JM"                         [_thread_blocked, id=18988, stack(0x000000fc7d500000,0x000000fc7d600000) (1024K)]
  0x00000255e1a30850 JavaThread "JNA Cleaner"                daemon [_thread_blocked, id=26440, stack(0x000000fc7d800000,0x000000fc7d900000) (1024K)]
  0x00000255e1a2f4a0 JavaThread "Worker-0: Building"                [_thread_blocked, id=29660, stack(0x000000fc7d900000,0x000000fc7da00000) (1024K)]
  0x00000255e1a31c00 JavaThread "Worker-1"                          [_thread_blocked, id=24868, stack(0x000000fc7da00000,0x000000fc7db00000) (1024K)]
  0x00000255e1a31570 JavaThread "Java indexing"              daemon [_thread_blocked, id=28964, stack(0x000000fc7dc00000,0x000000fc7dd00000) (1024K)]
  0x00000255e1a32920 JavaThread "Worker-2"                          [_thread_blocked, id=22872, stack(0x000000fc7df00000,0x000000fc7e000000) (1024K)]
  0x00000255e1a30ee0 JavaThread "Worker-3"                          [_thread_blocked, id=1324, stack(0x000000fc7e000000,0x000000fc7e100000) (1024K)]
  0x00000255e1a33640 JavaThread "Worker-4"                          [_thread_blocked, id=23772, stack(0x000000fc7e100000,0x000000fc7e200000) (1024K)]
  0x00000255e1a33cd0 JavaThread "Worker-5"                          [_thread_blocked, id=24660, stack(0x000000fc7e200000,0x000000fc7e300000) (1024K)]
  0x00000255e1a34360 JavaThread "Thread-1"                   daemon [_thread_in_native, id=23360, stack(0x000000fc7e300000,0x000000fc7e400000) (1024K)]
  0x00000255e1a2d3d0 JavaThread "Thread-2"                   daemon [_thread_in_native, id=28064, stack(0x000000fc7e400000,0x000000fc7e500000) (1024K)]
  0x00000255e1a349f0 JavaThread "Thread-3"                   daemon [_thread_in_native, id=28152, stack(0x000000fc7e500000,0x000000fc7e600000) (1024K)]
  0x00000255e1a2da60 JavaThread "Thread-4"                   daemon [_thread_in_native, id=20416, stack(0x000000fc7e600000,0x000000fc7e700000) (1024K)]
  0x00000255e861f3f0 JavaThread "Thread-5"                   daemon [_thread_in_native, id=27292, stack(0x000000fc7e700000,0x000000fc7e800000) (1024K)]
  0x00000255e8622f00 JavaThread "Thread-6"                   daemon [_thread_in_native, id=30492, stack(0x000000fc7e800000,0x000000fc7e900000) (1024K)]
  0x00000255e8623c20 JavaThread "Thread-7"                   daemon [_thread_in_native, id=29892, stack(0x000000fc7e900000,0x000000fc7ea00000) (1024K)]
  0x00000255e861ed60 JavaThread "Thread-8"                   daemon [_thread_in_native, id=23512, stack(0x000000fc7ea00000,0x000000fc7eb00000) (1024K)]
  0x00000255e8625660 JavaThread "Thread-9"                   daemon [_thread_in_native, id=23324, stack(0x000000fc7eb00000,0x000000fc7ec00000) (1024K)]
  0x00000255e8622870 JavaThread "Thread-10"                  daemon [_thread_in_native, id=11480, stack(0x000000fc7ec00000,0x000000fc7ed00000) (1024K)]
  0x00000255e861fa80 JavaThread "Thread-11"                  daemon [_thread_in_native, id=1624, stack(0x000000fc7ed00000,0x000000fc7ee00000) (1024K)]
  0x00000255e86242b0 JavaThread "Thread-12"                  daemon [_thread_in_native, id=23100, stack(0x000000fc7ee00000,0x000000fc7ef00000) (1024K)]
  0x00000255e8621b50 JavaThread "Thread-13"                  daemon [_thread_in_native, id=13584, stack(0x000000fc7ef00000,0x000000fc7f000000) (1024K)]
  0x00000255e8624940 JavaThread "Thread-14"                  daemon [_thread_in_native, id=28176, stack(0x000000fc7f000000,0x000000fc7f100000) (1024K)]
  0x00000255e86221e0 JavaThread "Thread-15"                  daemon [_thread_in_native, id=3132, stack(0x000000fc7f100000,0x000000fc7f200000) (1024K)]
  0x00000255e8623590 JavaThread "Thread-16"                  daemon [_thread_in_native, id=22648, stack(0x000000fc7f200000,0x000000fc7f300000) (1024K)]
  0x00000255e8620110 JavaThread "Thread-17"                  daemon [_thread_in_native, id=11304, stack(0x000000fc7f300000,0x000000fc7f400000) (1024K)]
  0x00000255e86207a0 JavaThread "Thread-18"                  daemon [_thread_in_native, id=28016, stack(0x000000fc7f400000,0x000000fc7f500000) (1024K)]
  0x00000255e8624fd0 JavaThread "Thread-19"                  daemon [_thread_in_native, id=4836, stack(0x000000fc7f500000,0x000000fc7f600000) (1024K)]
  0x00000255e8625cf0 JavaThread "Thread-20"                  daemon [_thread_in_native, id=12836, stack(0x000000fc7f600000,0x000000fc7f700000) (1024K)]
  0x00000255e8626380 JavaThread "Thread-21"                  daemon [_thread_in_native, id=23564, stack(0x000000fc7f700000,0x000000fc7f800000) (1024K)]
  0x00000255e8620e30 JavaThread "pool-2-thread-1"                   [_thread_blocked, id=29584, stack(0x000000fc7fa00000,0x000000fc7fb00000) (1024K)]
  0x00000255e86214c0 JavaThread "WorkspaceEventsHandler"            [_thread_blocked, id=27284, stack(0x000000fc7fd00000,0x000000fc7fe00000) (1024K)]
  0x00000255e8c177c0 JavaThread "pool-1-thread-1"                   [_thread_blocked, id=23216, stack(0x000000fc7fe00000,0x000000fc7ff00000) (1024K)]
  0x00000255e8c149d0 JavaThread "Compiler Source File Reader" daemon [_thread_blocked, id=23204, stack(0x000000fc7f800000,0x000000fc7f900000) (1024K)]
  0x00000255e8c12270 JavaThread "Compiler Source File Reader" daemon [_thread_blocked, id=12800, stack(0x000000fc7f900000,0x000000fc7fa00000) (1024K)]
  0x00000255e8c19890 JavaThread "Compiler Source File Reader" daemon [_thread_blocked, id=10920, stack(0x000000fc7fb00000,0x000000fc7fc00000) (1024K)]
  0x00000255e8c15d80 JavaThread "Compiler Source File Reader" daemon [_thread_blocked, id=27868, stack(0x000000fc7fc00000,0x000000fc7fd00000) (1024K)]
  0x00000255e8c12f90 JavaThread "Compiler Source File Reader" daemon [_thread_blocked, id=25960, stack(0x000000fc7ff00000,0x000000fc80000000) (1024K)]
  0x00000255e8c14340 JavaThread "Compiler Source File Reader" daemon [_thread_blocked, id=18896, stack(0x000000fc00000000,0x000000fc00100000) (1024K)]
  0x00000255e8c13cb0 JavaThread "Compiler Source File Reader" daemon [_thread_blocked, id=28800, stack(0x000000fc00100000,0x000000fc00200000) (1024K)]
  0x00000255e8c16410 JavaThread "Compiler Source File Reader" daemon [_thread_blocked, id=22056, stack(0x000000fc00200000,0x000000fc00300000) (1024K)]
  0x00000255e8c13620 JavaThread "Compiler Source File Reader" daemon [_thread_blocked, id=16964, stack(0x000000fc00300000,0x000000fc00400000) (1024K)]
  0x00000255e8c15060 JavaThread "Compiler Source File Reader" daemon [_thread_blocked, id=21524, stack(0x000000fc00400000,0x000000fc00500000) (1024K)]
  0x00000255e8c16aa0 JavaThread "Compiler Source File Reader" daemon [_thread_blocked, id=28344, stack(0x000000fc00500000,0x000000fc00600000) (1024K)]
  0x00000255e8c17130 JavaThread "Compiler Source File Reader" daemon [_thread_blocked, id=27656, stack(0x000000fc00600000,0x000000fc00700000) (1024K)]
  0x00000255eb408830 JavaThread "Compiler Source File Reader" daemon [_thread_blocked, id=22208, stack(0x000000fc00700000,0x000000fc00800000) (1024K)]
  0x00000255eb403970 JavaThread "Compiler Source File Reader" daemon [_thread_blocked, id=29336, stack(0x000000fc00800000,0x000000fc00900000) (1024K)]
  0x00000255eb404690 JavaThread "Compiler Source File Reader" daemon [_thread_blocked, id=19348, stack(0x000000fc00900000,0x000000fc00a00000) (1024K)]
  0x00000255eb4081a0 JavaThread "ForkJoinPool.commonPool-worker-1" daemon [_thread_blocked, id=7180, stack(0x000000fc01000000,0x000000fc01100000) (1024K)]
  0x00000255eb40a270 JavaThread "Compiler Processing Task"   daemon [_thread_in_vm, id=22260, stack(0x000000fc00b00000,0x000000fc00c00000) (1024K)]
  0x00000255e7c05fd0 JavaThread "C2 CompilerThread1"         daemon [_thread_in_native, id=23800, stack(0x000000fc00a00000,0x000000fc00b00000) (1024K)]
=>0x00000255e7c07440 JavaThread "C2 CompilerThread2"         daemon [_thread_in_native, id=25468, stack(0x000000fc00c00000,0x000000fc00d00000) (1024K)]
  0x00000255e7c09650 JavaThread "C2 CompilerThread3"         daemon [_thread_in_native, id=23220, stack(0x000000fc00d00000,0x000000fc00e00000) (1024K)]
  0x00000255e7c04490 JavaThread "C2 CompilerThread4"         daemon [_thread_in_native, id=29964, stack(0x000000fc00e00000,0x000000fc00f00000) (1024K)]
Total: 73

Other Threads:
  0x00000255df8153b0 VMThread "VM Thread"                           [id=22628, stack(0x000000fc7b300000,0x000000fc7b400000) (1024K)]
  0x00000255866bbb20 WatcherThread "VM Periodic Task Thread"        [id=28148, stack(0x000000fc7b200000,0x000000fc7b300000) (1024K)]
  0x0000025586841890 WorkerThread "GC Thread#0"                     [id=3460, stack(0x000000fc7b100000,0x000000fc7b200000) (1024K)]
  0x00000255e617e1e0 WorkerThread "GC Thread#1"                     [id=22796, stack(0x000000fc7c200000,0x000000fc7c300000) (1024K)]
  0x00000255e617d360 WorkerThread "GC Thread#2"                     [id=24052, stack(0x000000fc7c300000,0x000000fc7c400000) (1024K)]
  0x00000255e617d700 WorkerThread "GC Thread#3"                     [id=2704, stack(0x000000fc7c400000,0x000000fc7c500000) (1024K)]
  0x00000255e617de40 WorkerThread "GC Thread#4"                     [id=23816, stack(0x000000fc7c500000,0x000000fc7c600000) (1024K)]
  0x00000255e617e580 WorkerThread "GC Thread#5"                     [id=24592, stack(0x000000fc7c600000,0x000000fc7c700000) (1024K)]
  0x00000255e617e920 WorkerThread "GC Thread#6"                     [id=19200, stack(0x000000fc7c700000,0x000000fc7c800000) (1024K)]
  0x00000255e617cfc0 WorkerThread "GC Thread#7"                     [id=24920, stack(0x000000fc7ca00000,0x000000fc7cb00000) (1024K)]
  0x00000255e634d310 WorkerThread "GC Thread#8"                     [id=27488, stack(0x000000fc7ce00000,0x000000fc7cf00000) (1024K)]
  0x00000255e634cbd0 WorkerThread "GC Thread#9"                     [id=5608, stack(0x000000fc7cf00000,0x000000fc7d000000) (1024K)]
  0x00000255e634e8d0 WorkerThread "GC Thread#10"                    [id=27736, stack(0x000000fc7d000000,0x000000fc7d100000) (1024K)]
  0x00000255e634cf70 WorkerThread "GC Thread#11"                    [id=21500, stack(0x000000fc7d300000,0x000000fc7d400000) (1024K)]
  0x00000255e634f010 WorkerThread "GC Thread#12"                    [id=11908, stack(0x000000fc7d600000,0x000000fc7d700000) (1024K)]
  0x00000255e634faf0 WorkerThread "GC Thread#13"                    [id=9988, stack(0x000000fc7d700000,0x000000fc7d800000) (1024K)]
  0x00000255e634e530 WorkerThread "GC Thread#14"                    [id=26856, stack(0x000000fc7db00000,0x000000fc7dc00000) (1024K)]
Total: 17

Threads with active compile tasks:
C2 CompilerThread0  21612 12797   !   4       lombok.eclipse.TransformEclipseAST::getAST (64 bytes)
C2 CompilerThread1  21612 12939       4       org.eclipse.jdt.internal.compiler.lookup.LookupEnvironment::createParameterizedType (44 bytes)
C2 CompilerThread2  21612 12879       4       lombok.eclipse.agent.PatchExtensionMethod::getTypeNode (47 bytes)
C2 CompilerThread3  21613 12945   !   4       org.eclipse.jdt.internal.core.NameLookup::findType (673 bytes)
C2 CompilerThread4  21613 12877   !   4       lombok.eclipse.agent.PatchExtensionMethod::resolveType (870 bytes)
Total: 5

VM state: not at safepoint (normal execution)

VM Mutex/Monitor currently owned by a thread: None

OutOfMemory and StackOverflow Exception counts:
OutOfMemoryError java_heap_errors=1
LinkageErrors=116

Heap address: 0x0000000080000000, size: 2048 MB, Compressed Oops mode: 32-bit

CDS archive(s) mapped at: [0x000002559e000000-0x000002559eba0000-0x000002559eba0000), size 12189696, SharedBaseAddress: 0x000002559e000000, ArchiveRelocationMode: 1.
Compressed class space mapped at: 0x000002559f000000-0x00000255df000000, reserved size: 1073741824
Narrow klass base: 0x000002559e000000, Narrow klass shift: 0, Narrow klass range: 0x100000000

GC Precious Log:
 CardTable entry size: 512
 CPUs: 20 total, 20 available
 Memory: 14268M
 Large Page Support: Disabled
 NUMA Support: Disabled
 Compressed Oops: Enabled (32-bit)
 Alignments: Space 512K, Generation 512K, Heap 2M
 Heap Min Capacity: 100M
 Heap Initial Capacity: 100M
 Heap Max Capacity: 2G
 Pre-touch: Disabled
 Parallel Workers: 15

Heap:
 PSYoungGen      total 2048K, used 1435K [0x00000000d5580000, 0x00000000d5880000, 0x0000000100000000)
  eden space 1024K, 93% used [0x00000000d5580000,0x00000000d566ee60,0x00000000d5680000)
  from space 1024K, 46% used [0x00000000d5680000,0x00000000d56f8000,0x00000000d5780000)
  to   space 1024K, 0% used [0x00000000d5780000,0x00000000d5780000,0x00000000d5880000)
 ParOldGen       total 1145856K, used 1144651K [0x0000000080000000, 0x00000000c5f00000, 0x00000000d5580000)
  object space 1145856K, 99% used [0x0000000080000000,0x00000000c5dd2c80,0x00000000c5f00000)
 Metaspace       used 59828K, committed 61184K, reserved 1114112K
  class space    used 6052K, committed 6592K, reserved 1048576K

Card table byte_map: [0x00000255861d0000,0x00000255865e0000] _byte_map_base: 0x0000025585dd0000

Marking Bits: (ParMarkBitMap*) 0x00007ff8a5e6a340
 Begin Bits: [0x0000025598cd0000, 0x000002559acd0000)
 End Bits:   [0x000002559acd0000, 0x000002559ccd0000)

Polling page: 0x0000025584770000

Metaspace:

Usage:
  Non-class:     52.52 MB used.
      Class:      5.91 MB used.
       Both:     58.43 MB used.

Virtual space:
  Non-class space:       64.00 MB reserved,      53.31 MB ( 83%) committed,  1 nodes.
      Class space:        1.00 GB reserved,       6.44 MB ( <1%) committed,  1 nodes.
             Both:        1.06 GB reserved,      59.75 MB (  5%) committed. 

Chunk freelists:
   Non-Class:  10.05 MB
       Class:  9.44 MB
        Both:  19.49 MB

MaxMetaspaceSize: unlimited
CompressedClassSpaceSize: 1.00 GB
Initial GC threshold: 21.00 MB
Current GC threshold: 96.69 MB
CDS: on
 - commit_granule_bytes: 65536.
 - commit_granule_words: 8192.
 - virtual_space_node_default_size: 8388608.
 - enlarge_chunks_in_place: 1.
 - use_allocation_guard: 0.


Internal statistics:

num_allocs_failed_limit: 6.
num_arena_births: 1050.
num_arena_deaths: 26.
num_vsnodes_births: 2.
num_vsnodes_deaths: 0.
num_space_committed: 955.
num_space_uncommitted: 0.
num_chunks_returned_to_freelist: 36.
num_chunks_taken_from_freelist: 3787.
num_chunk_merges: 9.
num_chunk_splits: 2327.
num_chunks_enlarged: 1407.
num_inconsistent_stats: 0.

CodeHeap 'non-profiled nmethods': size=119168Kb used=11855Kb max_used=11855Kb free=107313Kb
 bounds [0x00000255915c0000, 0x0000025592160000, 0x0000025598a20000]
CodeHeap 'profiled nmethods': size=119104Kb used=32076Kb max_used=32076Kb free=87027Kb
 bounds [0x0000025589a20000, 0x000002558b980000, 0x0000025590e70000]
CodeHeap 'non-nmethods': size=7488Kb used=2551Kb max_used=3192Kb free=4936Kb
 bounds [0x0000025590e70000, 0x00000255911a0000, 0x00000255915c0000]
CodeCache: size=245760Kb, used=46482Kb, max_used=47123Kb, free=199276Kb
 total_blobs=12856, nmethods=12119, adapters=639, full_count=0
Compilation: enabled, stopped_count=0, restarted_count=0

Compilation events (20 events):
Event: 21.361 Thread 0x00000255dfaaaf50 nmethod 12934 0x000002558b96ec10 code [0x000002558b96ee60, 0x000002558b96fa08]
Event: 21.364 Thread 0x00000255e7c05fd0 nmethod 12933 0x0000025592150f10 code [0x00000255921510c0, 0x0000025592151288]
Event: 21.383 Thread 0x00000255dfaaaf50 12936       3       org.eclipse.jdt.internal.compiler.ASTVisitor::endVisit (1 bytes)
Event: 21.383 Thread 0x00000255df82be50 12935       3       org.eclipse.jdt.internal.compiler.ast.BinaryExpression::traverse (34 bytes)
Event: 21.384 Thread 0x00000255df92f4b0 12937       3       org.eclipse.jdt.internal.compiler.ast.TypeReference::resolveAnnotations (386 bytes)
Event: 21.384 Thread 0x00000255dfaaaf50 nmethod 12936 0x000002558b96fe90 code [0x000002558b970020, 0x000002558b970128]
Event: 21.384 Thread 0x00000255df82be50 nmethod 12935 0x000002558b970190 code [0x000002558b970360, 0x000002558b970808]
Event: 21.384 Thread 0x00000255e7c05fd0 12938       4       java.util.ArrayList$SubList::toArray (79 bytes)
Event: 21.386 Thread 0x00000255df92f4b0 nmethod 12937 0x000002558b970990 code [0x000002558b970d80, 0x000002558b972a00]
Event: 21.387 Thread 0x00000255e7c05fd0 nmethod 12938 0x0000025592151410 code [0x00000255921515c0, 0x0000025592151870]
Event: 21.407 Thread 0x00000255e7c05fd0 12939       4       org.eclipse.jdt.internal.compiler.lookup.LookupEnvironment::createParameterizedType (44 bytes)
Event: 21.408 Thread 0x00000255e7c09650 12940       4       org.eclipse.jdt.internal.compiler.lookup.WildcardBinding::kind (17 bytes)
Event: 21.409 Thread 0x00000255e7c09650 nmethod 12940 0x0000025592151a10 code [0x0000025592151ba0, 0x0000025592151c48]
Event: 21.440 Thread 0x00000255e7c09650 12941       4       org.eclipse.jdt.internal.compiler.lookup.TypeSystem::cacheDerivedType (165 bytes)
Event: 21.447 Thread 0x00000255e7c09650 nmethod 12941 0x0000025592151d10 code [0x0000025592151ee0, 0x0000025592152530]
Event: 21.449 Thread 0x00000255e7c09650 12942 % !   4       org.eclipse.jdt.internal.compiler.lookup.BinaryTypeBinding::createMethods @ 293 (411 bytes)
Event: 21.460 Thread 0x00000255e7c09650 nmethod 12942% 0x0000025592152910 code [0x0000025592152ae0, 0x00000255921531b8]
Event: 21.533 Thread 0x00000255e7c09650 12943   !   4       org.eclipse.jdt.internal.core.SearchableEnvironment::find (393 bytes)
Event: 21.538 Thread 0x00000255e7c09650 nmethod 12943 0x0000025592153590 code [0x0000025592153740, 0x0000025592153970]
Event: 21.542 Thread 0x00000255e7c09650 12945   !   4       org.eclipse.jdt.internal.core.NameLookup::findType (673 bytes)

GC Heap History (20 events):
Event: 21.235 GC heap before
{Heap before GC invocations=522 (full 3):
 PSYoungGen      total 1536K, used 1507K [0x00000000d5580000, 0x00000000d5880000, 0x0000000100000000)
  eden space 1024K, 98% used [0x00000000d5580000,0x00000000d567b388,0x00000000d5680000)
  from space 512K, 98% used [0x00000000d5700000,0x00000000d577d898,0x00000000d5780000)
  to   space 1024K, 0% used [0x00000000d5780000,0x00000000d5780000,0x00000000d5880000)
 ParOldGen       total 1094144K, used 1093367K [0x0000000080000000, 0x00000000c2c80000, 0x00000000d5580000)
  object space 1094144K, 99% used [0x0000000080000000,0x00000000c2bbdf98,0x00000000c2c80000)
 Metaspace       used 59827K, committed 61184K, reserved 1114112K
  class space    used 6052K, committed 6592K, reserved 1048576K
}
Event: 21.239 GC heap after
{Heap after GC invocations=522 (full 3):
 PSYoungGen      total 2048K, used 534K [0x00000000d5580000, 0x00000000d5880000, 0x0000000100000000)
  eden space 1024K, 0% used [0x00000000d5580000,0x00000000d5580000,0x00000000d5680000)
  from space 1024K, 52% used [0x00000000d5780000,0x00000000d5805898,0x00000000d5880000)
  to   space 1024K, 0% used [0x00000000d5680000,0x00000000d5680000,0x00000000d5780000)
 ParOldGen       total 1094144K, used 1093496K [0x0000000080000000, 0x00000000c2c80000, 0x00000000d5580000)
  object space 1094144K, 99% used [0x0000000080000000,0x00000000c2bde3a8,0x00000000c2c80000)
 Metaspace       used 59827K, committed 61184K, reserved 1114112K
  class space    used 6052K, committed 6592K, reserved 1048576K
}
Event: 21.265 GC heap before
{Heap before GC invocations=523 (full 3):
 PSYoungGen      total 2048K, used 1494K [0x00000000d5580000, 0x00000000d5880000, 0x0000000100000000)
  eden space 1024K, 93% used [0x00000000d5580000,0x00000000d56702e0,0x00000000d5680000)
  from space 1024K, 52% used [0x00000000d5780000,0x00000000d5805898,0x00000000d5880000)
  to   space 1024K, 0% used [0x00000000d5680000,0x00000000d5680000,0x00000000d5780000)
 ParOldGen       total 1101824K, used 1100585K [0x0000000080000000, 0x00000000c3400000, 0x00000000d5580000)
  object space 1101824K, 99% used [0x0000000080000000,0x00000000c32ca400,0x00000000c3400000)
 Metaspace       used 59827K, committed 61184K, reserved 1114112K
  class space    used 6052K, committed 6592K, reserved 1048576K
}
Event: 21.267 GC heap after
{Heap after GC invocations=523 (full 3):
 PSYoungGen      total 2048K, used 416K [0x00000000d5580000, 0x00000000d5800000, 0x0000000100000000)
  eden space 1024K, 0% used [0x00000000d5580000,0x00000000d5580000,0x00000000d5680000)
  from space 1024K, 40% used [0x00000000d5680000,0x00000000d56e8000,0x00000000d5780000)
  to   space 512K, 0% used [0x00000000d5780000,0x00000000d5780000,0x00000000d5800000)
 ParOldGen       total 1101824K, used 1100697K [0x0000000080000000, 0x00000000c3400000, 0x00000000d5580000)
  object space 1101824K, 99% used [0x0000000080000000,0x00000000c32e6400,0x00000000c3400000)
 Metaspace       used 59827K, committed 61184K, reserved 1114112K
  class space    used 6052K, committed 6592K, reserved 1048576K
}
Event: 21.293 GC heap before
{Heap before GC invocations=524 (full 3):
 PSYoungGen      total 2048K, used 1365K [0x00000000d5580000, 0x00000000d5800000, 0x0000000100000000)
  eden space 1024K, 92% used [0x00000000d5580000,0x00000000d566d4f8,0x00000000d5680000)
  from space 1024K, 40% used [0x00000000d5680000,0x00000000d56e8000,0x00000000d5780000)
  to   space 512K, 0% used [0x00000000d5780000,0x00000000d5780000,0x00000000d5800000)
 ParOldGen       total 1106432K, used 1106367K [0x0000000080000000, 0x00000000c3880000, 0x00000000d5580000)
  object space 1106432K, 99% used [0x0000000080000000,0x00000000c386fde0,0x00000000c3880000)
 Metaspace       used 59827K, committed 61184K, reserved 1114112K
  class space    used 6052K, committed 6592K, reserved 1048576K
}
Event: 21.296 GC heap after
{Heap after GC invocations=524 (full 3):
 PSYoungGen      total 1536K, used 416K [0x00000000d5580000, 0x00000000d5800000, 0x0000000100000000)
  eden space 1024K, 0% used [0x00000000d5580000,0x00000000d5580000,0x00000000d5680000)
  from space 512K, 81% used [0x00000000d5780000,0x00000000d57e8000,0x00000000d5800000)
  to   space 512K, 0% used [0x00000000d5700000,0x00000000d5700000,0x00000000d5780000)
 ParOldGen       total 1106944K, used 1106463K [0x0000000080000000, 0x00000000c3900000, 0x00000000d5580000)
  object space 1106944K, 99% used [0x0000000080000000,0x00000000c3887de0,0x00000000c3900000)
 Metaspace       used 59827K, committed 61184K, reserved 1114112K
  class space    used 6052K, committed 6592K, reserved 1048576K
}
Event: 21.323 GC heap before
{Heap before GC invocations=525 (full 3):
 PSYoungGen      total 1536K, used 1432K [0x00000000d5580000, 0x00000000d5800000, 0x0000000100000000)
  eden space 1024K, 99% used [0x00000000d5580000,0x00000000d567e3d8,0x00000000d5680000)
  from space 512K, 81% used [0x00000000d5780000,0x00000000d57e8000,0x00000000d5800000)
  to   space 512K, 0% used [0x00000000d5700000,0x00000000d5700000,0x00000000d5780000)
 ParOldGen       total 1113088K, used 1112133K [0x0000000080000000, 0x00000000c3f00000, 0x00000000d5580000)
  object space 1113088K, 99% used [0x0000000080000000,0x00000000c3e117c0,0x00000000c3f00000)
 Metaspace       used 59827K, committed 61184K, reserved 1114112K
  class space    used 6052K, committed 6592K, reserved 1048576K
}
Event: 21.326 GC heap after
{Heap after GC invocations=525 (full 3):
 PSYoungGen      total 1536K, used 416K [0x00000000d5580000, 0x00000000d5800000, 0x0000000100000000)
  eden space 1024K, 0% used [0x00000000d5580000,0x00000000d5580000,0x00000000d5680000)
  from space 512K, 81% used [0x00000000d5700000,0x00000000d5768000,0x00000000d5780000)
  to   space 512K, 0% used [0x00000000d5780000,0x00000000d5780000,0x00000000d5800000)
 ParOldGen       total 1113088K, used 1112245K [0x0000000080000000, 0x00000000c3f00000, 0x00000000d5580000)
  object space 1113088K, 99% used [0x0000000080000000,0x00000000c3e2d7c0,0x00000000c3f00000)
 Metaspace       used 59827K, committed 61184K, reserved 1114112K
  class space    used 6052K, committed 6592K, reserved 1048576K
}
Event: 21.354 GC heap before
{Heap before GC invocations=526 (full 3):
 PSYoungGen      total 1536K, used 1317K [0x00000000d5580000, 0x00000000d5800000, 0x0000000100000000)
  eden space 1024K, 88% used [0x00000000d5580000,0x00000000d56616e0,0x00000000d5680000)
  from space 512K, 81% used [0x00000000d5700000,0x00000000d5768000,0x00000000d5780000)
  to   space 512K, 0% used [0x00000000d5780000,0x00000000d5780000,0x00000000d5800000)
 ParOldGen       total 1119232K, used 1117916K [0x0000000080000000, 0x00000000c4500000, 0x00000000d5580000)
  object space 1119232K, 99% used [0x0000000080000000,0x00000000c43b71a0,0x00000000c4500000)
 Metaspace       used 59827K, committed 61184K, reserved 1114112K
  class space    used 6052K, committed 6592K, reserved 1048576K
}
Event: 21.357 GC heap after
{Heap after GC invocations=526 (full 3):
 PSYoungGen      total 1536K, used 384K [0x00000000d5580000, 0x00000000d5800000, 0x0000000100000000)
  eden space 1024K, 0% used [0x00000000d5580000,0x00000000d5580000,0x00000000d5680000)
  from space 512K, 75% used [0x00000000d5780000,0x00000000d57e0000,0x00000000d5800000)
  to   space 512K, 0% used [0x00000000d5700000,0x00000000d5700000,0x00000000d5780000)
 ParOldGen       total 1119232K, used 1118028K [0x0000000080000000, 0x00000000c4500000, 0x00000000d5580000)
  object space 1119232K, 99% used [0x0000000080000000,0x00000000c43d31a0,0x00000000c4500000)
 Metaspace       used 59827K, committed 61184K, reserved 1114112K
  class space    used 6052K, committed 6592K, reserved 1048576K
}
Event: 21.390 GC heap before
{Heap before GC invocations=527 (full 3):
 PSYoungGen      total 1536K, used 1295K [0x00000000d5580000, 0x00000000d5800000, 0x0000000100000000)
  eden space 1024K, 88% used [0x00000000d5580000,0x00000000d5663cf0,0x00000000d5680000)
  from space 512K, 75% used [0x00000000d5780000,0x00000000d57e0000,0x00000000d5800000)
  to   space 512K, 0% used [0x00000000d5700000,0x00000000d5700000,0x00000000d5780000)
 ParOldGen       total 1124352K, used 1124030K [0x0000000080000000, 0x00000000c4a00000, 0x00000000d5580000)
  object space 1124352K, 99% used [0x0000000080000000,0x00000000c49afab8,0x00000000c4a00000)
 Metaspace       used 59828K, committed 61184K, reserved 1114112K
  class space    used 6052K, committed 6592K, reserved 1048576K
}
Event: 21.393 GC heap after
{Heap after GC invocations=527 (full 3):
 PSYoungGen      total 1536K, used 448K [0x00000000d5580000, 0x00000000d5800000, 0x0000000100000000)
  eden space 1024K, 0% used [0x00000000d5580000,0x00000000d5580000,0x00000000d5680000)
  from space 512K, 87% used [0x00000000d5700000,0x00000000d5770000,0x00000000d5780000)
  to   space 512K, 0% used [0x00000000d5780000,0x00000000d5780000,0x00000000d5800000)
 ParOldGen       total 1124352K, used 1124158K [0x0000000080000000, 0x00000000c4a00000, 0x00000000d5580000)
  object space 1124352K, 99% used [0x0000000080000000,0x00000000c49cfab8,0x00000000c4a00000)
 Metaspace       used 59828K, committed 61184K, reserved 1114112K
  class space    used 6052K, committed 6592K, reserved 1048576K
}
Event: 21.413 GC heap before
{Heap before GC invocations=528 (full 3):
 PSYoungGen      total 1536K, used 1337K [0x00000000d5580000, 0x00000000d5800000, 0x0000000100000000)
  eden space 1024K, 86% used [0x00000000d5580000,0x00000000d565e768,0x00000000d5680000)
  from space 512K, 87% used [0x00000000d5700000,0x00000000d5770000,0x00000000d5780000)
  to   space 512K, 0% used [0x00000000d5780000,0x00000000d5780000,0x00000000d5800000)
 ParOldGen       total 1128960K, used 1128411K [0x0000000080000000, 0x00000000c4e80000, 0x00000000d5580000)
  object space 1128960K, 99% used [0x0000000080000000,0x00000000c4df6e20,0x00000000c4e80000)
 Metaspace       used 59828K, committed 61184K, reserved 1114112K
  class space    used 6052K, committed 6592K, reserved 1048576K
}
Event: 21.415 GC heap after
{Heap after GC invocations=528 (full 3):
 PSYoungGen      total 1536K, used 416K [0x00000000d5580000, 0x00000000d5800000, 0x0000000100000000)
  eden space 1024K, 0% used [0x00000000d5580000,0x00000000d5580000,0x00000000d5680000)
  from space 512K, 81% used [0x00000000d5780000,0x00000000d57e8000,0x00000000d5800000)
  to   space 512K, 0% used [0x00000000d5700000,0x00000000d5700000,0x00000000d5780000)
 ParOldGen       total 1128960K, used 1128507K [0x0000000080000000, 0x00000000c4e80000, 0x00000000d5580000)
  object space 1128960K, 99% used [0x0000000080000000,0x00000000c4e0ee20,0x00000000c4e80000)
 Metaspace       used 59828K, committed 61184K, reserved 1114112K
  class space    used 6052K, committed 6592K, reserved 1048576K
}
Event: 21.432 GC heap before
{Heap before GC invocations=529 (full 3):
 PSYoungGen      total 1536K, used 1356K [0x00000000d5580000, 0x00000000d5800000, 0x0000000100000000)
  eden space 1024K, 91% used [0x00000000d5580000,0x00000000d566b150,0x00000000d5680000)
  from space 512K, 81% used [0x00000000d5780000,0x00000000d57e8000,0x00000000d5800000)
  to   space 512K, 0% used [0x00000000d5700000,0x00000000d5700000,0x00000000d5780000)
 ParOldGen       total 1133568K, used 1132760K [0x0000000080000000, 0x00000000c5300000, 0x00000000d5580000)
  object space 1133568K, 99% used [0x0000000080000000,0x00000000c5236188,0x00000000c5300000)
 Metaspace       used 59828K, committed 61184K, reserved 1114112K
  class space    used 6052K, committed 6592K, reserved 1048576K
}
Event: 21.436 GC heap after
{Heap after GC invocations=529 (full 3):
 PSYoungGen      total 1536K, used 320K [0x00000000d5580000, 0x00000000d5800000, 0x0000000100000000)
  eden space 1024K, 0% used [0x00000000d5580000,0x00000000d5580000,0x00000000d5680000)
  from space 512K, 62% used [0x00000000d5700000,0x00000000d5750000,0x00000000d5780000)
  to   space 512K, 0% used [0x00000000d5780000,0x00000000d5780000,0x00000000d5800000)
 ParOldGen       total 1133568K, used 1132901K [0x0000000080000000, 0x00000000c5300000, 0x00000000d5580000)
  object space 1133568K, 99% used [0x0000000080000000,0x00000000c5259430,0x00000000c5300000)
 Metaspace       used 59828K, committed 61184K, reserved 1114112K
  class space    used 6052K, committed 6592K, reserved 1048576K
}
Event: 21.456 GC heap before
{Heap before GC invocations=530 (full 3):
 PSYoungGen      total 1536K, used 1344K [0x00000000d5580000, 0x00000000d5800000, 0x0000000100000000)
  eden space 1024K, 100% used [0x00000000d5580000,0x00000000d5680000,0x00000000d5680000)
  from space 512K, 62% used [0x00000000d5700000,0x00000000d5750000,0x00000000d5780000)
  to   space 512K, 0% used [0x00000000d5780000,0x00000000d5780000,0x00000000d5800000)
 ParOldGen       total 1136640K, used 1135736K [0x0000000080000000, 0x00000000c5600000, 0x00000000d5580000)
  object space 1136640K, 99% used [0x0000000080000000,0x00000000c551e120,0x00000000c5600000)
 Metaspace       used 59828K, committed 61184K, reserved 1114112K
  class space    used 6052K, committed 6592K, reserved 1048576K
}
Event: 21.459 GC heap after
{Heap after GC invocations=530 (full 3):
 PSYoungGen      total 1536K, used 488K [0x00000000d5580000, 0x00000000d5880000, 0x0000000100000000)
  eden space 1024K, 0% used [0x00000000d5580000,0x00000000d5580000,0x00000000d5680000)
  from space 512K, 95% used [0x00000000d5780000,0x00000000d57fa308,0x00000000d5800000)
  to   space 1024K, 0% used [0x00000000d5680000,0x00000000d5680000,0x00000000d5780000)
 ParOldGen       total 1136640K, used 1135919K [0x0000000080000000, 0x00000000c5600000, 0x00000000d5580000)
  object space 1136640K, 99% used [0x0000000080000000,0x00000000c554bc28,0x00000000c5600000)
 Metaspace       used 59828K, committed 61184K, reserved 1114112K
  class space    used 6052K, committed 6592K, reserved 1048576K
}
Event: 21.538 GC heap before
{Heap before GC invocations=531 (full 3):
 PSYoungGen      total 1536K, used 1497K [0x00000000d5580000, 0x00000000d5880000, 0x0000000100000000)
  eden space 1024K, 98% used [0x00000000d5580000,0x00000000d567c3b0,0x00000000d5680000)
  from space 512K, 95% used [0x00000000d5780000,0x00000000d57fa308,0x00000000d5800000)
  to   space 1024K, 0% used [0x00000000d5680000,0x00000000d5680000,0x00000000d5780000)
 ParOldGen       total 1142784K, used 1141589K [0x0000000080000000, 0x00000000c5c00000, 0x00000000d5580000)
  object space 1142784K, 99% used [0x0000000080000000,0x00000000c5ad5608,0x00000000c5c00000)
 Metaspace       used 59828K, committed 61184K, reserved 1114112K
  class space    used 6052K, committed 6592K, reserved 1048576K
}
Event: 21.542 GC heap after
{Heap after GC invocations=531 (full 3):
 PSYoungGen      total 2048K, used 480K [0x00000000d5580000, 0x00000000d5880000, 0x0000000100000000)
  eden space 1024K, 0% used [0x00000000d5580000,0x00000000d5580000,0x00000000d5680000)
  from space 1024K, 46% used [0x00000000d5680000,0x00000000d56f8000,0x00000000d5780000)
  to   space 1024K, 0% used [0x00000000d5780000,0x00000000d5780000,0x00000000d5880000)
 ParOldGen       total 1142784K, used 1141815K [0x0000000080000000, 0x00000000c5c00000, 0x00000000d5580000)
  object space 1142784K, 99% used [0x0000000080000000,0x00000000c5b0df90,0x00000000c5c00000)
 Metaspace       used 59828K, committed 61184K, reserved 1114112K
  class space    used 6052K, committed 6592K, reserved 1048576K
}

Dll operation events (10 events):
Event: 0.009 Loaded shared library c:\Users\Administrator\.trae-cn\extensions\redhat.java-1.47.0-win32-x64\jre\21.0.8-win32-x86_64\bin\java.dll
Event: 0.045 Loaded shared library c:\Users\Administrator\.trae-cn\extensions\redhat.java-1.47.0-win32-x64\jre\21.0.8-win32-x86_64\bin\zip.dll
Event: 0.126 Loaded shared library C:\Users\Administrator\.trae-cn\extensions\redhat.java-1.47.0-win32-x64\jre\21.0.8-win32-x86_64\bin\instrument.dll
Event: 0.132 Loaded shared library C:\Users\Administrator\.trae-cn\extensions\redhat.java-1.47.0-win32-x64\jre\21.0.8-win32-x86_64\bin\net.dll
Event: 0.135 Loaded shared library C:\Users\Administrator\.trae-cn\extensions\redhat.java-1.47.0-win32-x64\jre\21.0.8-win32-x86_64\bin\nio.dll
Event: 0.139 Loaded shared library C:\Users\Administrator\.trae-cn\extensions\redhat.java-1.47.0-win32-x64\jre\21.0.8-win32-x86_64\bin\zip.dll
Event: 0.166 Loaded shared library C:\Users\Administrator\.trae-cn\extensions\redhat.java-1.47.0-win32-x64\jre\21.0.8-win32-x86_64\bin\jimage.dll
Event: 0.245 Loaded shared library c:\Users\Administrator\.trae-cn\extensions\redhat.java-1.47.0-win32-x64\jre\21.0.8-win32-x86_64\bin\verify.dll
Event: 1.301 Loaded shared library C:\Users\Administrator\AppData\Roaming\Trae CN\User\globalStorage\redhat.java\1.47.0\config_win\org.eclipse.equinox.launcher\org.eclipse.equinox.launcher.win32.win32.x86_64_1.2.1400.v20250801-0854\eclipse_11916.dll
Event: 2.444 Loaded shared library C:\Users\Administrator\AppData\Local\Temp\jna-146731693\jna9595821468453548284.dll

Deoptimization events (20 events):
Event: 21.078 Thread 0x00000255eb40a270 DEOPT PACKING pc=0x0000025591cddf50 sp=0x000000fc00bfec50
Event: 21.078 Thread 0x00000255eb40a270 DEOPT UNPACKING pc=0x0000025590ec3aa2 sp=0x000000fc00bfebe8 mode 2
Event: 21.081 Thread 0x00000255eb40a270 DEOPT PACKING pc=0x000002558b91f6fe sp=0x000000fc00bfedb0
Event: 21.081 Thread 0x00000255eb40a270 DEOPT UNPACKING pc=0x0000025590ec4242 sp=0x000000fc00bfe310 mode 0
Event: 21.159 Thread 0x00000255eb40a270 Uncommon trap: trap_request=0xffffff45 fr.pc=0x000002559201c520 relative=0x0000000000000580
Event: 21.159 Thread 0x00000255eb40a270 Uncommon trap: reason=unstable_if action=reinterpret pc=0x000002559201c520 method=org.eclipse.jdt.internal.compiler.ast.TypeReference.resolveAnnotations(Lorg/eclipse/jdt/internal/compiler/lookup/Scope;I)V @ 24 c2
Event: 21.159 Thread 0x00000255eb40a270 DEOPT PACKING pc=0x000002559201c520 sp=0x000000fc00bfea80
Event: 21.159 Thread 0x00000255eb40a270 DEOPT UNPACKING pc=0x0000025590ec3aa2 sp=0x000000fc00bfea10 mode 2
Event: 21.176 Thread 0x00000255eb40a270 Uncommon trap: trap_request=0xffffffde fr.pc=0x0000025591e9f610 relative=0x0000000000000150
Event: 21.176 Thread 0x00000255eb40a270 Uncommon trap: reason=class_check action=maybe_recompile pc=0x0000025591e9f610 method=org.eclipse.jdt.internal.compiler.lookup.ReferenceBinding$2.compare(Ljava/lang/Object;Ljava/lang/Object;)I @ 2 c2
Event: 21.176 Thread 0x00000255eb40a270 DEOPT PACKING pc=0x0000025591e9f610 sp=0x000000fc00bfed50
Event: 21.176 Thread 0x00000255eb40a270 DEOPT UNPACKING pc=0x0000025590ec3aa2 sp=0x000000fc00bfece0 mode 2
Event: 21.176 Thread 0x00000255eb40a270 Uncommon trap: trap_request=0xffffffde fr.pc=0x0000025591e9f610 relative=0x0000000000000150
Event: 21.176 Thread 0x00000255eb40a270 Uncommon trap: reason=class_check action=maybe_recompile pc=0x0000025591e9f610 method=org.eclipse.jdt.internal.compiler.lookup.ReferenceBinding$2.compare(Ljava/lang/Object;Ljava/lang/Object;)I @ 2 c2
Event: 21.176 Thread 0x00000255eb40a270 DEOPT PACKING pc=0x0000025591e9f610 sp=0x000000fc00bfed50
Event: 21.176 Thread 0x00000255eb40a270 DEOPT UNPACKING pc=0x0000025590ec3aa2 sp=0x000000fc00bfece0 mode 2
Event: 21.311 Thread 0x00000255eb40a270 Uncommon trap: trap_request=0xffffff6e fr.pc=0x00000255921446b0 relative=0x0000000000000170
Event: 21.311 Thread 0x00000255eb40a270 Uncommon trap: reason=loop_limit_check action=maybe_recompile pc=0x00000255921446b0 method=org.eclipse.jdt.internal.compiler.lookup.BinaryTypeBinding.createMethods([Lorg/eclipse/jdt/internal/compiler/env/IBinaryMethod;Lorg/eclipse/jdt/internal/compiler/en
Event: 21.311 Thread 0x00000255eb40a270 DEOPT PACKING pc=0x00000255921446b0 sp=0x000000fc00bfdee0
Event: 21.311 Thread 0x00000255eb40a270 DEOPT UNPACKING pc=0x0000025590ec3aa2 sp=0x000000fc00bfde48 mode 2

Classes loaded (20 events):
Event: 10.558 Loading class java/util/stream/Nodes$IntFixedNodeBuilder
Event: 10.558 Loading class java/util/stream/Node$Builder$OfInt
Event: 10.558 Loading class java/util/stream/Node$Builder$OfInt done
Event: 10.558 Loading class java/util/stream/Nodes$IntArrayNode
Event: 10.558 Loading class java/util/stream/Nodes$IntArrayNode done
Event: 10.558 Loading class java/util/stream/Nodes$IntFixedNodeBuilder done
Event: 10.558 Loading class java/util/stream/ReferencePipeline$4$1
Event: 10.559 Loading class java/util/stream/ReferencePipeline$4$1 done
Event: 11.327 Loading class java/util/stream/ReduceOps$4
Event: 11.329 Loading class java/util/stream/ReduceOps$4 done
Event: 11.329 Loading class java/util/stream/ReduceOps$4ReducingSink
Event: 11.330 Loading class java/util/stream/ReduceOps$4ReducingSink done
Event: 11.502 Loading class java/util/concurrent/ForkJoinTask$AdaptedCallable
Event: 11.502 Loading class java/util/concurrent/ForkJoinTask$AdaptedCallable done
Event: 13.559 Loading class java/util/concurrent/ArrayBlockingQueue
Event: 13.559 Loading class java/util/concurrent/ArrayBlockingQueue done
Event: 13.719 Loading class java/util/Hashtable$ValueCollection
Event: 13.719 Loading class java/util/Hashtable$ValueCollection done
Event: 16.164 Loading class jdk/internal/math/FDBigInteger
Event: 16.165 Loading class jdk/internal/math/FDBigInteger done

Classes unloaded (13 events):
Event: 2.922 Thread 0x00000255df8153b0 Unloading class 0x000002559f1aa800 'java/lang/invoke/LambdaForm$MH+0x000002559f1aa800'
Event: 2.922 Thread 0x00000255df8153b0 Unloading class 0x000002559f1aa400 'java/lang/invoke/LambdaForm$MH+0x000002559f1aa400'
Event: 2.922 Thread 0x00000255df8153b0 Unloading class 0x000002559f1aa000 'java/lang/invoke/LambdaForm$MH+0x000002559f1aa000'
Event: 2.922 Thread 0x00000255df8153b0 Unloading class 0x000002559f1a9c00 'java/lang/invoke/LambdaForm$MH+0x000002559f1a9c00'
Event: 2.922 Thread 0x00000255df8153b0 Unloading class 0x000002559f1a9800 'java/lang/invoke/LambdaForm$BMH+0x000002559f1a9800'
Event: 2.922 Thread 0x00000255df8153b0 Unloading class 0x000002559f1a9400 'java/lang/invoke/LambdaForm$DMH+0x000002559f1a9400'
Event: 2.922 Thread 0x00000255df8153b0 Unloading class 0x000002559f1a8400 'java/lang/invoke/LambdaForm$DMH+0x000002559f1a8400'
Event: 4.261 Thread 0x00000255df8153b0 Unloading class 0x000002559f344800 'java/lang/invoke/LambdaForm$MH+0x000002559f344800'
Event: 4.261 Thread 0x00000255df8153b0 Unloading class 0x000002559f343c00 'java/lang/invoke/LambdaForm$MH+0x000002559f343c00'
Event: 4.261 Thread 0x00000255df8153b0 Unloading class 0x000002559f343400 'java/lang/invoke/LambdaForm$MH+0x000002559f343400'
Event: 4.261 Thread 0x00000255df8153b0 Unloading class 0x000002559f342c00 'java/lang/invoke/LambdaForm$MH+0x000002559f342c00'
Event: 4.261 Thread 0x00000255df8153b0 Unloading class 0x000002559f342800 'java/lang/invoke/LambdaForm$DMH+0x000002559f342800'
Event: 4.261 Thread 0x00000255df8153b0 Unloading class 0x000002559f341c00 'java/lang/invoke/LambdaForm$MH+0x000002559f341c00'

Classes redefined (0 events):
No events

Internal exceptions (20 events):
Event: 21.082 Thread 0x00000255eb40a270 Implicit null exception at 0x000002558ae9de9b to 0x000002558ae9e455
Event: 21.082 Thread 0x00000255eb40a270 Exception <a 'java/lang/NullPointerException'{0x00000000d559afe0}> (0x00000000d559afe0) 
thrown [s\src\hotspot\share\runtime\sharedRuntime.cpp, line 625]
Event: 21.082 Thread 0x00000255eb40a270 Implicit null exception at 0x000002558ae9de9b to 0x000002558ae9e455
Event: 21.082 Thread 0x00000255eb40a270 Exception <a 'java/lang/NullPointerException'{0x00000000d559b5d0}> (0x00000000d559b5d0) 
thrown [s\src\hotspot\share\runtime\sharedRuntime.cpp, line 625]
Event: 21.082 Thread 0x00000255eb40a270 Implicit null exception at 0x000002558ae9de9b to 0x000002558ae9e455
Event: 21.082 Thread 0x00000255eb40a270 Exception <a 'java/lang/NullPointerException'{0x00000000d559c098}> (0x00000000d559c098) 
thrown [s\src\hotspot\share\runtime\sharedRuntime.cpp, line 625]
Event: 21.082 Thread 0x00000255eb40a270 Implicit null exception at 0x000002558ae9de9b to 0x000002558ae9e455
Event: 21.082 Thread 0x00000255eb40a270 Exception <a 'java/lang/NullPointerException'{0x00000000d559c7c0}> (0x00000000d559c7c0) 
thrown [s\src\hotspot\share\runtime\sharedRuntime.cpp, line 625]
Event: 21.082 Thread 0x00000255eb40a270 Implicit null exception at 0x000002558ae9de9b to 0x000002558ae9e455
Event: 21.083 Thread 0x00000255eb40a270 Exception <a 'java/lang/NullPointerException'{0x00000000d559cbc8}> (0x00000000d559cbc8) 
thrown [s\src\hotspot\share\runtime\sharedRuntime.cpp, line 625]
Event: 21.083 Thread 0x00000255eb40a270 Exception <a 'java/lang/NullPointerException'{0x00000000d559d000}> (0x00000000d559d000) 
thrown [s\src\hotspot\share\interpreter\linkResolver.cpp, line 1372]
Event: 21.083 Thread 0x00000255eb40a270 Implicit null exception at 0x000002558ae9de9b to 0x000002558ae9e455
Event: 21.083 Thread 0x00000255eb40a270 Exception <a 'java/lang/NullPointerException'{0x00000000d559e8f8}> (0x00000000d559e8f8) 
thrown [s\src\hotspot\share\runtime\sharedRuntime.cpp, line 625]
Event: 21.083 Thread 0x00000255eb40a270 Exception <a 'java/lang/NullPointerException'{0x00000000d559f3b8}> (0x00000000d559f3b8) 
thrown [s\src\hotspot\share\interpreter\linkResolver.cpp, line 1372]
Event: 21.083 Thread 0x00000255eb40a270 Implicit null exception at 0x000002558ae9de9b to 0x000002558ae9e455
Event: 21.083 Thread 0x00000255eb40a270 Exception <a 'java/lang/NullPointerException'{0x00000000d55a0128}> (0x00000000d55a0128) 
thrown [s\src\hotspot\share\runtime\sharedRuntime.cpp, line 625]
Event: 21.083 Thread 0x00000255eb40a270 Implicit null exception at 0x000002558ae9de9b to 0x000002558ae9e455
Event: 21.083 Thread 0x00000255eb40a270 Exception <a 'java/lang/NullPointerException'{0x00000000d55a0618}> (0x00000000d55a0618) 
thrown [s\src\hotspot\share\runtime\sharedRuntime.cpp, line 625]
Event: 21.083 Thread 0x00000255eb40a270 Implicit null exception at 0x000002558ae9de9b to 0x000002558ae9e455
Event: 21.083 Thread 0x00000255eb40a270 Exception <a 'java/lang/NullPointerException'{0x00000000d55a0a98}> (0x00000000d55a0a98) 
thrown [s\src\hotspot\share\runtime\sharedRuntime.cpp, line 625]

ZGC Phase Switch (0 events):
No events

VM Operations (20 events):
Event: 21.235 Executing VM operation: ParallelGCFailedAllocation (Allocation Failure)
Event: 21.239 Executing VM operation: ParallelGCFailedAllocation (Allocation Failure) done
Event: 21.265 Executing VM operation: ParallelGCFailedAllocation (Allocation Failure)
Event: 21.267 Executing VM operation: ParallelGCFailedAllocation (Allocation Failure) done
Event: 21.293 Executing VM operation: ParallelGCFailedAllocation (Allocation Failure)
Event: 21.296 Executing VM operation: ParallelGCFailedAllocation (Allocation Failure) done
Event: 21.323 Executing VM operation: ParallelGCFailedAllocation (Allocation Failure)
Event: 21.326 Executing VM operation: ParallelGCFailedAllocation (Allocation Failure) done
Event: 21.354 Executing VM operation: ParallelGCFailedAllocation (Allocation Failure)
Event: 21.357 Executing VM operation: ParallelGCFailedAllocation (Allocation Failure) done
Event: 21.390 Executing VM operation: ParallelGCFailedAllocation (Allocation Failure)
Event: 21.393 Executing VM operation: ParallelGCFailedAllocation (Allocation Failure) done
Event: 21.412 Executing VM operation: ParallelGCFailedAllocation (Allocation Failure)
Event: 21.415 Executing VM operation: ParallelGCFailedAllocation (Allocation Failure) done
Event: 21.432 Executing VM operation: ParallelGCFailedAllocation (Allocation Failure)
Event: 21.436 Executing VM operation: ParallelGCFailedAllocation (Allocation Failure) done
Event: 21.456 Executing VM operation: ParallelGCFailedAllocation (Allocation Failure)
Event: 21.460 Executing VM operation: ParallelGCFailedAllocation (Allocation Failure) done
Event: 21.538 Executing VM operation: ParallelGCFailedAllocation (Allocation Failure)
Event: 21.542 Executing VM operation: ParallelGCFailedAllocation (Allocation Failure) done

Memory protections (0 events):
No events

Nmethod flushes (20 events):
Event: 15.424 Thread 0x00000255df8153b0 flushing  nmethod 0x000002558a3e5810
Event: 15.424 Thread 0x00000255df8153b0 flushing  nmethod 0x000002558a3f6510
Event: 15.424 Thread 0x00000255df8153b0 flushing  nmethod 0x000002558a403b10
Event: 15.424 Thread 0x00000255df8153b0 flushing  nmethod 0x000002558a40cf10
Event: 15.424 Thread 0x00000255df8153b0 flushing  nmethod 0x000002558a43e510
Event: 15.424 Thread 0x00000255df8153b0 flushing  nmethod 0x000002558a445990
Event: 15.424 Thread 0x00000255df8153b0 flushing  nmethod 0x000002558a455990
Event: 15.424 Thread 0x00000255df8153b0 flushing  nmethod 0x000002558a475110
Event: 15.424 Thread 0x00000255df8153b0 flushing  nmethod 0x000002558a477110
Event: 15.424 Thread 0x00000255df8153b0 flushing  nmethod 0x000002558a478290
Event: 15.424 Thread 0x00000255df8153b0 flushing  nmethod 0x000002558a479510
Event: 15.424 Thread 0x00000255df8153b0 flushing  nmethod 0x000002558a483210
Event: 15.424 Thread 0x00000255df8153b0 flushing  nmethod 0x000002558a484d10
Event: 15.424 Thread 0x00000255df8153b0 flushing  nmethod 0x000002558a485710
Event: 15.424 Thread 0x00000255df8153b0 flushing  nmethod 0x000002558a485b90
Event: 15.424 Thread 0x00000255df8153b0 flushing  nmethod 0x000002558a485f90
Event: 15.424 Thread 0x00000255df8153b0 flushing  nmethod 0x000002558a487890
Event: 15.424 Thread 0x00000255df8153b0 flushing  nmethod 0x000002558a488790
Event: 15.424 Thread 0x00000255df8153b0 flushing  nmethod 0x000002558a489c10
Event: 15.424 Thread 0x00000255df8153b0 flushing  nmethod 0x000002558a493e90

Events (20 events):
Event: 13.380 Thread 0x00000255e687eb10 Thread added: 0x00000255e7c088b0
Event: 13.560 Thread 0x00000255e1a2f4a0 Thread added: 0x00000255eb40a270
Event: 13.748 Thread 0x00000255df92f4b0 Thread added: 0x00000255e7c04b60
Event: 13.756 Thread 0x00000255e7c04b60 Thread added: 0x00000255e7c09650
Event: 14.790 Thread 0x00000255e7c09650 Thread exited: 0x00000255e7c09650
Event: 14.840 Thread 0x00000255e7c04b60 Thread exited: 0x00000255e7c04b60
Event: 14.840 Thread 0x00000255e7c088b0 Thread exited: 0x00000255e7c088b0
Event: 14.947 Thread 0x00000255df82be50 Thread added: 0x00000255e7c03dc0
Event: 15.847 Thread 0x00000255e687eb10 Thread exited: 0x00000255e687eb10
Event: 15.875 Thread 0x00000255df92f4b0 Thread added: 0x00000255e7c04b60
Event: 16.649 Thread 0x00000255e7c04b60 Thread added: 0x00000255e7c05fd0
Event: 17.691 Thread 0x00000255e7c05fd0 Thread exited: 0x00000255e7c05fd0
Event: 18.224 Thread 0x00000255e7c04b60 Thread exited: 0x00000255e7c04b60
Event: 18.444 Thread 0x00000255e7c03dc0 Thread exited: 0x00000255e7c03dc0
Event: 18.906 Thread 0x00000255dfaaaf50 Thread added: 0x00000255e7c05fd0
Event: 20.259 Thread 0x00000255df92f4b0 Thread added: 0x00000255e7c07440
Event: 20.397 Thread 0x00000255dfaaaf50 Thread added: 0x00000255e7c09650
Event: 20.397 Thread 0x00000255dfaaaf50 Thread added: 0x00000255e7c04490
Event: 20.397 Thread 0x00000255dfaaaf50 Thread added: 0x00000255e7c09d20
Event: 21.334 Thread 0x00000255e7c09d20 Thread exited: 0x00000255e7c09d20


Dynamic libraries:
0x00007ff7cc370000 - 0x00007ff7cc37e000 	c:\Users\Administrator\.trae-cn\extensions\redhat.java-1.47.0-win32-x64\jre\21.0.8-win32-x86_64\bin\java.exe
0x00007ff92d9a0000 - 0x00007ff92dba9000 	C:\Windows\SYSTEM32\ntdll.dll
0x00007ff92cc00000 - 0x00007ff92ccbe000 	C:\Windows\System32\KERNEL32.DLL
0x00007ff92b270000 - 0x00007ff92b5eb000 	C:\Windows\System32\KERNELBASE.dll
0x00007ff92aef0000 - 0x00007ff92b001000 	C:\Windows\System32\ucrtbase.dll
0x00007ff8df790000 - 0x00007ff8df7a8000 	c:\Users\Administrator\.trae-cn\extensions\redhat.java-1.47.0-win32-x64\jre\21.0.8-win32-x86_64\bin\jli.dll
0x00007ff8dff40000 - 0x00007ff8dff5e000 	c:\Users\Administrator\.trae-cn\extensions\redhat.java-1.47.0-win32-x64\jre\21.0.8-win32-x86_64\bin\VCRUNTIME140.dll
0x00007ff92bfd0000 - 0x00007ff92c17d000 	C:\Windows\System32\USER32.dll
0x00007ff91b150000 - 0x00007ff91b3f5000 	C:\Windows\WinSxS\amd64_microsoft.windows.common-controls_6595b64144ccf1df_6.0.22000.120_none_9d947278b86cc467\COMCTL32.dll
0x00007ff92b240000 - 0x00007ff92b266000 	C:\Windows\System32\win32u.dll
0x00007ff92b940000 - 0x00007ff92b9e3000 	C:\Windows\System32\msvcrt.dll
0x00007ff92d2f0000 - 0x00007ff92d319000 	C:\Windows\System32\GDI32.dll
0x00007ff92b010000 - 0x00007ff92b128000 	C:\Windows\System32\gdi32full.dll
0x00007ff92b130000 - 0x00007ff92b1cd000 	C:\Windows\System32\msvcp_win.dll
0x00007ff92d230000 - 0x00007ff92d262000 	C:\Windows\System32\IMM32.DLL
0x00007ff8ec8f0000 - 0x00007ff8ec8fc000 	c:\Users\Administrator\.trae-cn\extensions\redhat.java-1.47.0-win32-x64\jre\21.0.8-win32-x86_64\bin\vcruntime140_1.dll
0x00007ff8ba0e0000 - 0x00007ff8ba16d000 	c:\Users\Administrator\.trae-cn\extensions\redhat.java-1.47.0-win32-x64\jre\21.0.8-win32-x86_64\bin\msvcp140.dll
0x00007ff8a51b0000 - 0x00007ff8a5f47000 	c:\Users\Administrator\.trae-cn\extensions\redhat.java-1.47.0-win32-x64\jre\21.0.8-win32-x86_64\bin\server\jvm.dll
0x00007ff92b9f0000 - 0x00007ff92ba9e000 	C:\Windows\System32\ADVAPI32.dll
0x00007ff92c9e0000 - 0x00007ff92ca7e000 	C:\Windows\System32\sechost.dll
0x00007ff92b820000 - 0x00007ff92b940000 	C:\Windows\System32\RPCRT4.dll
0x00007ff92d280000 - 0x00007ff92d2ef000 	C:\Windows\System32\WS2_32.dll
0x00007ff92ad40000 - 0x00007ff92ad8d000 	C:\Windows\SYSTEM32\POWRPROF.dll
0x00007ff91b950000 - 0x00007ff91b983000 	C:\Windows\SYSTEM32\WINMM.dll
0x00007ff926ae0000 - 0x00007ff926aea000 	C:\Windows\SYSTEM32\VERSION.dll
0x00007ff92ad20000 - 0x00007ff92ad33000 	C:\Windows\SYSTEM32\UMPDC.dll
0x00007ff929ef0000 - 0x00007ff929f08000 	C:\Windows\SYSTEM32\kernel.appcore.dll
0x00007ff8ebee0000 - 0x00007ff8ebeea000 	c:\Users\Administrator\.trae-cn\extensions\redhat.java-1.47.0-win32-x64\jre\21.0.8-win32-x86_64\bin\jimage.dll
0x00007ff9287f0000 - 0x00007ff928a11000 	C:\Windows\SYSTEM32\DBGHELP.DLL
0x00007ff8e1900000 - 0x00007ff8e1931000 	C:\Windows\SYSTEM32\dbgcore.DLL
0x00007ff92ae70000 - 0x00007ff92aeef000 	C:\Windows\System32\bcryptPrimitives.dll
0x00007ff8e93a0000 - 0x00007ff8e93af000 	c:\Users\Administrator\.trae-cn\extensions\redhat.java-1.47.0-win32-x64\jre\21.0.8-win32-x86_64\bin\instrument.dll
0x00007ff8d8a90000 - 0x00007ff8d8aaf000 	c:\Users\Administrator\.trae-cn\extensions\redhat.java-1.47.0-win32-x64\jre\21.0.8-win32-x86_64\bin\java.dll
0x00007ff92c190000 - 0x00007ff92c947000 	C:\Windows\System32\SHELL32.dll
0x00007ff928f60000 - 0x00007ff9297c5000 	C:\Windows\SYSTEM32\windows.storage.dll
0x00007ff92cea0000 - 0x00007ff92d218000 	C:\Windows\System32\combase.dll
0x00007ff928df0000 - 0x00007ff928f56000 	C:\Windows\SYSTEM32\wintypes.dll
0x00007ff92d870000 - 0x00007ff92d95a000 	C:\Windows\System32\SHCORE.dll
0x00007ff92bd10000 - 0x00007ff92bd6d000 	C:\Windows\System32\shlwapi.dll
0x00007ff92ada0000 - 0x00007ff92adc1000 	C:\Windows\SYSTEM32\profapi.dll
0x00007ff8d60a0000 - 0x00007ff8d60b8000 	c:\Users\Administrator\.trae-cn\extensions\redhat.java-1.47.0-win32-x64\jre\21.0.8-win32-x86_64\bin\zip.dll
0x00007ff8e8500000 - 0x00007ff8e8510000 	C:\Users\Administrator\.trae-cn\extensions\redhat.java-1.47.0-win32-x64\jre\21.0.8-win32-x86_64\bin\net.dll
0x00007ff9266d0000 - 0x00007ff9267e4000 	C:\Windows\SYSTEM32\WINHTTP.dll
0x00007ff92a390000 - 0x00007ff92a3f7000 	C:\Windows\system32\mswsock.dll
0x00007ff8d5410000 - 0x00007ff8d5426000 	C:\Users\Administrator\.trae-cn\extensions\redhat.java-1.47.0-win32-x64\jre\21.0.8-win32-x86_64\bin\nio.dll
0x00007ff8e8490000 - 0x00007ff8e84a0000 	c:\Users\Administrator\.trae-cn\extensions\redhat.java-1.47.0-win32-x64\jre\21.0.8-win32-x86_64\bin\verify.dll
0x00007ff8d4910000 - 0x00007ff8d4954000 	C:\Users\Administrator\AppData\Roaming\Trae CN\User\globalStorage\redhat.java\1.47.0\config_win\org.eclipse.equinox.launcher\org.eclipse.equinox.launcher.win32.win32.x86_64_1.2.1400.v20250801-0854\eclipse_11916.dll
0x00007ff92bb70000 - 0x00007ff92bd0a000 	C:\Windows\System32\ole32.dll
0x00007ff92a5d0000 - 0x00007ff92a5e8000 	C:\Windows\SYSTEM32\CRYPTSP.dll
0x00007ff929e50000 - 0x00007ff929e85000 	C:\Windows\system32\rsaenh.dll
0x00007ff92a480000 - 0x00007ff92a4a9000 	C:\Windows\SYSTEM32\USERENV.dll
0x00007ff92a760000 - 0x00007ff92a787000 	C:\Windows\SYSTEM32\bcrypt.dll
0x00007ff92a5f0000 - 0x00007ff92a5fc000 	C:\Windows\SYSTEM32\CRYPTBASE.dll
0x00007ff929a20000 - 0x00007ff929a4d000 	C:\Windows\SYSTEM32\IPHLPAPI.DLL
0x00007ff92bf40000 - 0x00007ff92bf49000 	C:\Windows\System32\NSI.dll
0x00007ff8b9da0000 - 0x00007ff8b9de9000 	C:\Users\Administrator\AppData\Local\Temp\jna-146731693\jna9595821468453548284.dll
0x00007ff92d220000 - 0x00007ff92d228000 	C:\Windows\System32\PSAPI.DLL
0x00007ff925f60000 - 0x00007ff925f79000 	C:\Windows\SYSTEM32\dhcpcsvc6.DLL
0x00007ff9270e0000 - 0x00007ff9270fe000 	C:\Windows\SYSTEM32\dhcpcsvc.DLL

JVMTI agents:
c:\Users\Administrator\.trae-cn\extensions\redhat.java-1.47.0-win32-x64\lombok\lombok-1.18.39-4050.jar path:c:\Users\Administrator\.trae-cn\extensions\redhat.java-1.47.0-win32-x64\jre\21.0.8-win32-x86_64\bin\instrument.dll, loaded, initialized, instrumentlib options:none

dbghelp: loaded successfully - version: 4.0.5 - missing functions: none
symbol engine: initialized successfully - sym options: 0x614 - pdb path: .;c:\Users\Administrator\.trae-cn\extensions\redhat.java-1.47.0-win32-x64\jre\21.0.8-win32-x86_64\bin;C:\Windows\SYSTEM32;C:\Windows\WinSxS\amd64_microsoft.windows.common-controls_6595b64144ccf1df_6.0.22000.120_none_9d947278b86cc467;c:\Users\Administrator\.trae-cn\extensions\redhat.java-1.47.0-win32-x64\jre\21.0.8-win32-x86_64\bin\server;C:\Users\Administrator\AppData\Roaming\Trae CN\User\globalStorage\redhat.java\1.47.0\config_win\org.eclipse.equinox.launcher\org.eclipse.equinox.launcher.win32.win32.x86_64_1.2.1400.v20250801-0854;C:\Users\Administrator\AppData\Local\Temp\jna-146731693

VM Arguments:
jvm_args: --add-modules=ALL-SYSTEM --add-opens=java.base/java.util=ALL-UNNAMED --add-opens=java.base/java.lang=ALL-UNNAMED --add-opens=java.base/sun.nio.fs=ALL-UNNAMED -Declipse.application=org.eclipse.jdt.ls.core.id1 -Dosgi.bundles.defaultStartLevel=4 -Declipse.product=org.eclipse.jdt.ls.core.product -Djava.import.generatesMetadataFilesAtProjectRoot=false -DDetectVMInstallationsJob.disabled=true -Dfile.encoding=utf8 -XX:+UseParallelGC -XX:GCTimeRatio=4 -XX:AdaptiveSizePolicyWeight=90 -Dsun.zip.disableMemoryMapping=true -Xmx2G -Xms100m -Xlog:disable -javaagent:c:\Users\Administrator\.trae-cn\extensions\redhat.java-1.47.0-win32-x64\lombok\lombok-1.18.39-4050.jar -XX:+HeapDumpOnOutOfMemoryError -XX:HeapDumpPath=c:\Users\Administrator\AppData\Roaming\Trae CN\User\workspaceStorage\e4a04282005564b2607c75b1cf6fb7fe\redhat.java -Daether.dependencyCollector.impl=bf 
java_command: c:\Users\Administrator\.trae-cn\extensions\redhat.java-1.47.0-win32-x64\server\plugins\org.eclipse.equinox.launcher_1.7.100.v20251014-1222.jar -configuration c:\Users\Administrator\AppData\Roaming\Trae CN\User\globalStorage\redhat.java\1.47.0\config_win -data c:\Users\Administrator\AppData\Roaming\Trae CN\User\workspaceStorage\e4a04282005564b2607c75b1cf6fb7fe\redhat.java\jdt_ws --pipe=\\.\pipe\lsp-858994b94cd7cb588d914c725f353bac-sock
java_class_path (initial): c:\Users\Administrator\.trae-cn\extensions\redhat.java-1.47.0-win32-x64\server\plugins\org.eclipse.equinox.launcher_1.7.100.v20251014-1222.jar
Launcher Type: SUN_STANDARD

[Global flags]
    uintx AdaptiveSizePolicyWeight                 = 90                                        {product} {command line}
     intx CICompilerCount                          = 12                                        {product} {ergonomic}
    uintx GCTimeRatio                              = 4                                         {product} {command line}
     bool HeapDumpOnOutOfMemoryError               = true                                   {manageable} {command line}
    ccstr HeapDumpPath                             = c:\Users\Administrator\AppData\Roaming\Trae CN\User\workspaceStorage\e4a04282005564b2607c75b1cf6fb7fe\redhat.java         {manageable} {command line}
   size_t InitialHeapSize                          = 104857600                                 {product} {command line}
   size_t MaxHeapSize                              = 2147483648                                {product} {command line}
   size_t MaxNewSize                               = 715653120                                 {product} {ergonomic}
   size_t MinHeapDeltaBytes                        = 524288                                    {product} {ergonomic}
   size_t MinHeapSize                              = 104857600                                 {product} {command line}
   size_t NewSize                                  = 34603008                                  {product} {ergonomic}
    uintx NonNMethodCodeHeapSize                   = 7602480                                {pd product} {ergonomic}
    uintx NonProfiledCodeHeapSize                  = 122027880                              {pd product} {ergonomic}
   size_t OldSize                                  = 70254592                                  {product} {ergonomic}
    uintx ProfiledCodeHeapSize                     = 122027880                              {pd product} {ergonomic}
    uintx ReservedCodeCacheSize                    = 251658240                              {pd product} {ergonomic}
     bool SegmentedCodeCache                       = true                                      {product} {ergonomic}
   size_t SoftMaxHeapSize                          = 2147483648                             {manageable} {ergonomic}
     bool UseCompressedOops                        = true                           {product lp64_product} {ergonomic}
     bool UseLargePagesIndividualAllocation        = false                                  {pd product} {ergonomic}
     bool UseParallelGC                            = true                                      {product} {command line}

Logging:
Log output configuration:
 #0: stdout all=off uptime,level,tags foldmultilines=false
 #1: stderr all=off uptime,level,tags foldmultilines=false

Environment Variables:
JAVA_HOME=E:\Program Files\Eclipse Adoptium\jdk-17.0.16.8-hotspot
PATH=C:\Users\Administrator\.trae-cn\tools\gradle\latest\bin;E:\Program Files\Eclipse Adoptium\jdk-17.0.16.8-hotspot\bin;C:\Users\Administrator\.trae-cn\tools\maven\latest\bin;E:\Program Files\Eclipse Adoptium\jdk-17.0.16.8-hotspot\bin;C:\Program Files (x86)\Common Files\Intel\Shared Libraries\redist\intel64\compiler;C:\Program Files\Zulu\zulu-8\bin\;C:\Program Files\Python39\Scripts\;C:\Program Files\Python39\;C:\windows\system32;C:\windows;C:\windows\System32\Wbem;C:\windows\System32\WindowsPowerShell\v1.0\;C:\windows\System32\OpenSSH\;C:\Program Files (x86)\NVIDIA Corporation\PhysX\Common;E:\ - \\;;C:\Program File;\NVIDIA Corporation\NVIDIA NvDLISR;C:\Program Files\dotnet\;E:\Program Files\nodejs\;E:\Program Files\Git\cmd;E:\Program Files\CMake\bin;E:\Program Files (x86)\blur;;E:\Program Files\Git LFS;C:\Users\Administrator\AppData\Local\Programs\Python\Python312\Scripts\;C:\Users\Administrator\AppData\Local\Programs\Python\Python312\;C:\Users\Administrator\AppData\Local\Microsoft\WindowsApps;D:\Program Files\cpolar\;E:\Program Files\JetBrains\IntelliJ IDEA 2023.2.2\bin;C:\Program Files\cpolar\;E:\Fiddler Web Debugger(5.0.20192.25092);C:\Users\Administrator\AppData\Roaming\npm;C:\Users\Administrator\.bun\bin;C:\Users\Administrator\AppData\Local\GitHubDesktop\bin;E:\Program Files (x86)\Nmap;E:\apache-maven-3.9.11\bin;;E:\Program Files\JetBrains\IntelliJ IDEA 2024.1\bin;;E:\Users\Administrator\AppData\Local\Programs\Microsoft VS Code\bin;e:\Users\Administrator\AppData\Local\Programs\Trae CN\resources\app\bin\lib
USERNAME=Administrator
OS=Windows_NT
PROCESSOR_IDENTIFIER=Intel64 Family 6 Model 62 Stepping 4, GenuineIntel
TMP=C:\Users\ADMINI~1\AppData\Local\Temp
TEMP=C:\Users\ADMINI~1\AppData\Local\Temp




Periodic native trim disabled

---------------  S Y S T E M  ---------------

OS:
 Windows 11 , 64 bit Build 22000 (10.0.22000.1335)
OS uptime: 0 days 8:14 hours

CPU: total 20 (initial active 20) (10 cores per cpu, 2 threads per core) family 6 model 62 stepping 4 microcode 0x42e, cx8, cmov, fxsr, ht, mmx, sse, sse2, sse3, ssse3, sse4.1, sse4.2, popcnt, tsc, tscinvbit, avx, aes, erms, clmul, vzeroupper, clflush, rdtscp, f16c
Processor Information for the first 20 processors :
  Max Mhz: 2501, Current Mhz: 2501, Mhz Limit: 2501

Memory: 4k page, system-wide physical 14268M (4973M free)
TotalPageFile size 19058M (AvailPageFile size 5M)
current process WorkingSet (physical memory assigned to process): 1469M, peak: 1475M
current process commit charge ("private bytes"): 1536M, peak: 1787M

vm_info: OpenJDK 64-Bit Server VM (21.0.8+9-LTS) for windows-amd64 JRE (21.0.8+9-LTS), built on 2025-07-15T00:00:00Z by "admin" with MS VC++ 17.7 (VS2022)

END.
