#
# There is insufficient memory for the Java Runtime Environment to continue.
# Native memory allocation (malloc) failed to allocate 77808 bytes. Error detail: Chunk::new
# Possible reasons:
#   The system is out of physical RAM or swap space
#   This process is running with CompressedOops enabled, and the Java Heap may be blocking the growth of the native heap
# Possible solutions:
#   Reduce memory load on the system
#   Increase physical memory or swap space
#   Check if swap backing store is full
#   Decrease Java heap size (-Xmx/-Xms)
#   Decrease number of Java threads
#   Decrease Java thread stack sizes (-Xss)
#   Set larger code cache with -XX:ReservedCodeCacheSize=
#   JVM is running with Unscaled Compressed Oops mode in which the Java heap is
#     placed in the first 4GB address space. The Java Heap base address is the
#     maximum limit for the native heap growth. Please use -XX:HeapBaseMinAddress
#     to set the Java Heap base and to place the Java Heap above 4GB virtual address.
# This output file may be truncated or incomplete.
#
#  Out of Memory Error (arena.cpp:168), pid=11928, tid=26984
#
# JRE version: OpenJDK Runtime Environment Temurin-21.0.9+10 (21.0.9+10) (build 21.0.9+10-LTS)
# Java VM: OpenJDK 64-Bit Server VM Temurin-21.0.9+10 (21.0.9+10-LTS, mixed mode, sharing, tiered, compressed oops, compressed class ptrs, parallel gc, windows-amd64)
# No core dump will be written. Minidumps are not enabled by default on client versions of Windows
#

---------------  S U M M A R Y ------------

Command Line: --add-modules=ALL-SYSTEM --add-opens=java.base/java.util=ALL-UNNAMED --add-opens=java.base/java.lang=ALL-UNNAMED --add-opens=java.base/sun.nio.fs=ALL-UNNAMED -Declipse.application=org.eclipse.jdt.ls.core.id1 -Dosgi.bundles.defaultStartLevel=4 -Declipse.product=org.eclipse.jdt.ls.core.product -Djava.import.generatesMetadataFilesAtProjectRoot=false -DDetectVMInstallationsJob.disabled=true -Dfile.encoding=utf8 -XX:+UseParallelGC -XX:GCTimeRatio=4 -XX:AdaptiveSizePolicyWeight=90 -Dsun.zip.disableMemoryMapping=true -Xmx2G -Xms100m -Xlog:disable -javaagent:c:\Users\Administrator\.trae\extensions\redhat.java-1.51.0-win32-x64\lombok\lombok-1.18.39-4050.jar c:\Users\Administrator\.trae\extensions\redhat.java-1.51.0-win32-x64\server\plugins\org.eclipse.equinox.launcher_1.7.100.v20251111-0406.jar -configuration c:\Users\Administrator\AppData\Roaming\Trae\User\globalStorage\redhat.java\1.51.0\config_ss_win -data c:\Users\Administrator\AppData\Roaming\Trae\User\workspaceStorage\e4a04282005564b2607c75b1cf6fb7fe\redhat.java\ss_ws --pipe=\\.\pipe\lsp-e9162dd1f9164cde9e38e329e5340bd7-sock

Host: Intel(R) Xeon(R) CPU E5-2670 v2 @ 2.50GHz, 20 cores, 15G,  Windows 11 , 64 bit Build 22000 (10.0.22000.1335)
Time: Sat Jan 24 01:06:54 2026 elapsed time: 4.091007 seconds (0d 0h 0m 4s)

---------------  T H R E A D  ---------------

Current thread (0x00000175ed04e000):  JavaThread "C2 CompilerThread2" daemon [_thread_in_native, id=26984, stack(0x00000040a5200000,0x00000040a5300000) (1024K)]


Current CompileTask:
C2:4091 2679       4       java.util.Arrays::copyOf (40 bytes)

Stack: [0x00000040a5200000,0x00000040a5300000]
Native frames: (J=compiled Java code, j=interpreted, Vv=VM code, C=native code)
V  [jvm.dll+0x6d6e29]
V  [jvm.dll+0x8b4b76]
V  [jvm.dll+0x8b712e]
V  [jvm.dll+0x8b7813]
V  [jvm.dll+0x283d86]
V  [jvm.dll+0xc66ed]
V  [jvm.dll+0xc6c31]
V  [jvm.dll+0x3be53b]
V  [jvm.dll+0x38ab92]
V  [jvm.dll+0x389fda]
V  [jvm.dll+0x24bfa0]
V  [jvm.dll+0x24b580]
V  [jvm.dll+0x1cb13e]
V  [jvm.dll+0x25b29d]
V  [jvm.dll+0x25982a]
V  [jvm.dll+0x3f7ea6]
V  [jvm.dll+0x85e9ad]
V  [jvm.dll+0x6d565d]
C  [ucrtbase.dll+0x26c0c]
C  [KERNEL32.DLL+0x155a0]
C  [ntdll.dll+0x485b]


---------------  P R O C E S S  ---------------

Threads class SMR info:
_java_thread_list=0x00000175ed27c580, length=21, elements={
0x000001758d8d1370, 0x00000175a4384030, 0x00000175e6a56920, 0x00000175e6a5c700,
0x00000175e6a5d150, 0x00000175e6a5e6a0, 0x00000175e6a64f50, 0x00000175e6a68e80,
0x00000175e6a73f20, 0x00000175a438e2a0, 0x00000175e6af0ef0, 0x00000175e6af1d30,
0x00000175e6cdaf40, 0x00000175e8749700, 0x00000175ed56b130, 0x00000175ed4102b0,
0x00000175ed335c40, 0x00000175ed469470, 0x00000175ed04b050, 0x00000175ed04e000,
0x00000175ed5ce9f0
}

Java Threads: ( => current thread )
  0x000001758d8d1370 JavaThread "main"                              [_thread_blocked, id=21600, stack(0x00000040a3900000,0x00000040a3a00000) (1024K)]
  0x00000175a4384030 JavaThread "Reference Handler"          daemon [_thread_blocked, id=13840, stack(0x00000040a3d00000,0x00000040a3e00000) (1024K)]
  0x00000175e6a56920 JavaThread "Finalizer"                  daemon [_thread_blocked, id=29724, stack(0x00000040a3e00000,0x00000040a3f00000) (1024K)]
  0x00000175e6a5c700 JavaThread "Signal Dispatcher"          daemon [_thread_blocked, id=13576, stack(0x00000040a3f00000,0x00000040a4000000) (1024K)]
  0x00000175e6a5d150 JavaThread "Attach Listener"            daemon [_thread_blocked, id=23192, stack(0x00000040a4000000,0x00000040a4100000) (1024K)]
  0x00000175e6a5e6a0 JavaThread "Service Thread"             daemon [_thread_blocked, id=21480, stack(0x00000040a4100000,0x00000040a4200000) (1024K)]
  0x00000175e6a64f50 JavaThread "Monitor Deflation Thread"   daemon [_thread_blocked, id=22568, stack(0x00000040a4200000,0x00000040a4300000) (1024K)]
  0x00000175e6a68e80 JavaThread "C2 CompilerThread0"         daemon [_thread_in_native, id=24020, stack(0x00000040a4300000,0x00000040a4400000) (1024K)]
  0x00000175e6a73f20 JavaThread "C1 CompilerThread0"         daemon [_thread_blocked, id=22696, stack(0x00000040a4400000,0x00000040a4500000) (1024K)]
  0x00000175a438e2a0 JavaThread "C1 CompilerThread1"         daemon [_thread_blocked, id=18480, stack(0x00000040a4500000,0x00000040a4600000) (1024K)]
  0x00000175e6af0ef0 JavaThread "C1 CompilerThread2"         daemon [_thread_blocked, id=25504, stack(0x00000040a4600000,0x00000040a4700000) (1024K)]
  0x00000175e6af1d30 JavaThread "C1 CompilerThread3"         daemon [_thread_blocked, id=2492, stack(0x00000040a4700000,0x00000040a4800000) (1024K)]
  0x00000175e6cdaf40 JavaThread "Common-Cleaner"             daemon [_thread_blocked, id=28352, stack(0x00000040a4a00000,0x00000040a4b00000) (1024K)]
  0x00000175e8749700 JavaThread "Notification Thread"        daemon [_thread_blocked, id=19956, stack(0x00000040a4900000,0x00000040a4a00000) (1024K)]
  0x00000175ed56b130 JavaThread "Active Thread: Equinox Container: ea2bfd5f-a66e-4dd4-930d-82dbd8250377"        [_thread_blocked, id=28060, stack(0x00000040a5300000,0x00000040a5400000) (1024K)]
  0x00000175ed4102b0 JavaThread "Framework Event Dispatcher: Equinox Container: ea2bfd5f-a66e-4dd4-930d-82dbd8250377" daemon [_thread_blocked, id=10548, stack(0x00000040a5500000,0x00000040a5600000) (1024K)]
  0x00000175ed335c40 JavaThread "Start Level: Equinox Container: ea2bfd5f-a66e-4dd4-930d-82dbd8250377" daemon [_thread_in_vm, id=25772, stack(0x00000040a5600000,0x00000040a5700000) (1024K)]
  0x00000175ed469470 JavaThread "SCR Component Actor"        daemon [_thread_blocked, id=20876, stack(0x00000040a4800000,0x00000040a4900000) (1024K)]
  0x00000175ed04b050 JavaThread "C2 CompilerThread1"         daemon [_thread_in_native, id=9988, stack(0x00000040a5100000,0x00000040a5200000) (1024K)]
=>0x00000175ed04e000 JavaThread "C2 CompilerThread2"         daemon [_thread_in_native, id=26984, stack(0x00000040a5200000,0x00000040a5300000) (1024K)]
  0x00000175ed5ce9f0 JavaThread "Worker-JM"                         [_thread_blocked, id=8592, stack(0x00000040a5800000,0x00000040a5900000) (1024K)]
Total: 21

Other Threads:
  0x000001758b66e280 VMThread "VM Thread"                           [id=2416, stack(0x00000040a3c00000,0x00000040a3d00000) (1024K)]
  0x000001758d93f5e0 WatcherThread "VM Periodic Task Thread"        [id=30568, stack(0x00000040a3b00000,0x00000040a3c00000) (1024K)]
  0x000001758b66ed60 WorkerThread "GC Thread#0"                     [id=27292, stack(0x00000040a3a00000,0x00000040a3b00000) (1024K)]
  0x000001758b66f100 WorkerThread "GC Thread#1"                     [id=24624, stack(0x00000040a4b00000,0x00000040a4c00000) (1024K)]
  0x00000175e8b5eb60 WorkerThread "GC Thread#2"                     [id=26276, stack(0x00000040a4c00000,0x00000040a4d00000) (1024K)]
  0x00000175e8b5d940 WorkerThread "GC Thread#3"                     [id=25708, stack(0x00000040a4d00000,0x00000040a4e00000) (1024K)]
  0x00000175e8b5c380 WorkerThread "GC Thread#4"                     [id=5644, stack(0x00000040a4e00000,0x00000040a4f00000) (1024K)]
  0x00000175e8b5ce60 WorkerThread "GC Thread#5"                     [id=19224, stack(0x00000040a4f00000,0x00000040a5000000) (1024K)]
  0x00000175e8b5f640 WorkerThread "GC Thread#6"                     [id=26952, stack(0x00000040a5000000,0x00000040a5100000) (1024K)]
  0x00000175e8b5d200 WorkerThread "GC Thread#7"                     [id=28168, stack(0x00000040a5400000,0x00000040a5500000) (1024K)]
  0x00000175e8b5f2a0 WorkerThread "GC Thread#8"                     [id=29232, stack(0x00000040a5900000,0x00000040a5a00000) (1024K)]
  0x00000175e8b5ef00 WorkerThread "GC Thread#9"                     [id=12196, stack(0x00000040a5a00000,0x00000040a5b00000) (1024K)]
  0x00000175e8b5e080 WorkerThread "GC Thread#10"                    [id=2388, stack(0x00000040a5700000,0x00000040a5800000) (1024K)]
  0x00000175e8b5d5a0 WorkerThread "GC Thread#11"                    [id=1576, stack(0x00000040a5b00000,0x00000040a5c00000) (1024K)]
  0x00000175e8b5dce0 WorkerThread "GC Thread#12"                    [id=31388, stack(0x00000040a5c00000,0x00000040a5d00000) (1024K)]
Total: 15

Threads with active compile tasks:
C2 CompilerThread0  4113 2678       4       java.io.DataInputStream::readUTF (501 bytes)
C2 CompilerThread1  4113 2677   !   4       java.io.BufferedInputStream::read (69 bytes)
C2 CompilerThread2  4113 2679       4       java.util.Arrays::copyOf (40 bytes)
Total: 3

VM state: not at safepoint (normal execution)

VM Mutex/Monitor currently owned by a thread: None

Heap address: 0x0000000080000000, size: 2048 MB, Compressed Oops mode: 32-bit

CDS archive(s) mapped at: [0x00000175a5000000-0x00000175a5ba0000-0x00000175a5ba0000), size 12189696, SharedBaseAddress: 0x00000175a5000000, ArchiveRelocationMode: 1.
Compressed class space mapped at: 0x00000175a6000000-0x00000175e6000000, reserved size: 1073741824
Narrow klass base: 0x00000175a5000000, Narrow klass shift: 0, Narrow klass range: 0x100000000

GC Precious Log:
 CardTable entry size: 512
 CPUs: 20 total, 20 available
 Memory: 16316M
 Large Page Support: Disabled
 NUMA Support: Disabled
 Compressed Oops: Enabled (32-bit)
 Alignments: Space 512K, Generation 512K, Heap 2M
 Heap Min Capacity: 100M
 Heap Initial Capacity: 100M
 Heap Max Capacity: 2G
 Pre-touch: Disabled
 Parallel Workers: 15

Heap:
 PSYoungGen      total 29696K, used 11115K [0x00000000d5580000, 0x00000000d7680000, 0x0000000100000000)
  eden space 25600K, 27% used [0x00000000d5580000,0x00000000d5c5efc0,0x00000000d6e80000)
  from space 4096K, 99% used [0x00000000d7280000,0x00000000d767bf10,0x00000000d7680000)
  to   space 4096K, 0% used [0x00000000d6e80000,0x00000000d6e80000,0x00000000d7280000)
 ParOldGen       total 68608K, used 10360K [0x0000000080000000, 0x0000000084300000, 0x00000000d5580000)
  object space 68608K, 15% used [0x0000000080000000,0x0000000080a1e310,0x0000000084300000)
 Metaspace       used 14379K, committed 14976K, reserved 1114112K
  class space    used 1509K, committed 1792K, reserved 1048576K

Card table byte_map: [0x000001758d2b0000,0x000001758d6c0000] _byte_map_base: 0x000001758ceb0000

Marking Bits: (ParMarkBitMap*) 0x00007ffaa8fb2460
 Begin Bits: [0x000001759fd90000, 0x00000175a1d90000)
 End Bits:   [0x00000175a1d90000, 0x00000175a3d90000)

Polling page: 0x000001758d0a0000

Metaspace:

Usage:
  Non-class:     12.57 MB used.
      Class:      1.47 MB used.
       Both:     14.04 MB used.

Virtual space:
  Non-class space:       64.00 MB reserved,      12.88 MB ( 20%) committed,  1 nodes.
      Class space:        1.00 GB reserved,       1.75 MB ( <1%) committed,  1 nodes.
             Both:        1.06 GB reserved,      14.62 MB (  1%) committed. 

Chunk freelists:
   Non-Class:  3.17 MB
       Class:  14.31 MB
        Both:  17.48 MB

MaxMetaspaceSize: unlimited
CompressedClassSpaceSize: 1.00 GB
Initial GC threshold: 21.00 MB
Current GC threshold: 21.00 MB
CDS: on
 - commit_granule_bytes: 65536.
 - commit_granule_words: 8192.
 - virtual_space_node_default_size: 8388608.
 - enlarge_chunks_in_place: 1.
 - use_allocation_guard: 0.


Internal statistics:

num_allocs_failed_limit: 0.
num_arena_births: 420.
num_arena_deaths: 0.
num_vsnodes_births: 2.
num_vsnodes_deaths: 0.
num_space_committed: 234.
num_space_uncommitted: 0.
num_chunks_returned_to_freelist: 0.
num_chunks_taken_from_freelist: 933.
num_chunk_merges: 0.
num_chunk_splits: 593.
num_chunks_enlarged: 365.
num_inconsistent_stats: 0.

CodeHeap 'non-profiled nmethods': size=119168Kb used=1149Kb max_used=1149Kb free=118019Kb
 bounds [0x0000017598680000, 0x00000175988f0000, 0x000001759fae0000]
CodeHeap 'profiled nmethods': size=119104Kb used=5173Kb max_used=5173Kb free=113930Kb
 bounds [0x0000017590ae0000, 0x0000017590ff0000, 0x0000017597f30000]
CodeHeap 'non-nmethods': size=7488Kb used=2951Kb max_used=2983Kb free=4536Kb
 bounds [0x0000017597f30000, 0x0000017598220000, 0x0000017598680000]
CodeCache: size=245760Kb, used=9273Kb, max_used=9305Kb, free=236485Kb
 total_blobs=3223, nmethods=2682, adapters=444, full_count=0
Compilation: enabled, stopped_count=0, restarted_count=0

Compilation events (20 events):
Event: 4.057 Thread 0x00000175ed04b050 2670       4       java.lang.Integer::valueOf (32 bytes)
Event: 4.057 Thread 0x00000175e6af1d30 2671       3       org.eclipse.core.internal.resources.MarkerReader_3::readAttributes (145 bytes)
Event: 4.058 Thread 0x00000175ed04b050 nmethod 2670 0x0000017598799990 code [0x0000017598799b20, 0x0000017598799c10]
Event: 4.060 Thread 0x00000175e6af1d30 nmethod 2671 0x0000017590fe5590 code [0x0000017590fe59a0, 0x0000017590fe7498]
Event: 4.073 Thread 0x00000175e6af0ef0 2672   !   3       java.io.BufferedInputStream::read (69 bytes)
Event: 4.073 Thread 0x00000175a438e2a0 2673       3       java.io.DataInputStream::readUTF (501 bytes)
Event: 4.073 Thread 0x00000175e6a68e80 nmethod 2650 0x0000017598799d10 code [0x000001759879a0e0, 0x000001759879be08]
Event: 4.074 Thread 0x00000175e6af0ef0 nmethod 2672 0x0000017590fe7e90 code [0x0000017590fe8120, 0x0000017590fe8d60]
Event: 4.075 Thread 0x00000175e6a68e80 2674       4       java.util.concurrent.locks.AbstractQueuedSynchronizer::signalNext (34 bytes)
Event: 4.075 Thread 0x00000175a438e2a0 nmethod 2673 0x0000017590fe9210 code [0x0000017590fe9640, 0x0000017590feb3b0]
Event: 4.076 Thread 0x00000175ed04b050 2675       4       java.util.concurrent.locks.ReentrantLock$Sync::tryRelease (51 bytes)
Event: 4.076 Thread 0x00000175e6a68e80 nmethod 2674 0x000001759879dd10 code [0x000001759879dea0, 0x000001759879df80]
Event: 4.076 Thread 0x00000175ed04e000 2676       4       java.util.concurrent.locks.ReentrantLock$NonfairSync::initialTryLock (58 bytes)
Event: 4.077 Thread 0x00000175ed04b050 nmethod 2675 0x000001759879e090 code [0x000001759879e220, 0x000001759879e2f8]
Event: 4.077 Thread 0x00000175ed04b050 2677   !   4       java.io.BufferedInputStream::read (69 bytes)
Event: 4.077 Thread 0x00000175e6a68e80 2678       4       java.io.DataInputStream::readUTF (501 bytes)
Event: 4.077 Thread 0x00000175ed04e000 nmethod 2676 0x000001759879e390 code [0x000001759879e520, 0x000001759879e638]
Event: 4.079 Thread 0x00000175ed04e000 2679       4       java.util.Arrays::copyOf (40 bytes)
Event: 4.080 Thread 0x00000175e6a73f20 2680       3       java.lang.reflect.Array::newInstance (6 bytes)
Event: 4.080 Thread 0x00000175e6a73f20 nmethod 2680 0x0000017590febf10 code [0x0000017590fec0c0, 0x0000017590fec1d8]

GC Heap History (8 events):
Event: 1.870 GC heap before
{Heap before GC invocations=1 (full 0):
 PSYoungGen      total 29696K, used 25600K [0x00000000d5580000, 0x00000000d7680000, 0x0000000100000000)
  eden space 25600K, 100% used [0x00000000d5580000,0x00000000d6e80000,0x00000000d6e80000)
  from space 4096K, 0% used [0x00000000d7280000,0x00000000d7280000,0x00000000d7680000)
  to   space 4096K, 0% used [0x00000000d6e80000,0x00000000d6e80000,0x00000000d7280000)
 ParOldGen       total 68608K, used 0K [0x0000000080000000, 0x0000000084300000, 0x00000000d5580000)
  object space 68608K, 0% used [0x0000000080000000,0x0000000080000000,0x0000000084300000)
 Metaspace       used 4172K, committed 4416K, reserved 1114112K
  class space    used 457K, committed 576K, reserved 1048576K
}
Event: 1.880 GC heap after
{Heap after GC invocations=1 (full 0):
 PSYoungGen      total 29696K, used 3732K [0x00000000d5580000, 0x00000000d7680000, 0x0000000100000000)
  eden space 25600K, 0% used [0x00000000d5580000,0x00000000d5580000,0x00000000d6e80000)
  from space 4096K, 91% used [0x00000000d6e80000,0x00000000d7225010,0x00000000d7280000)
  to   space 4096K, 0% used [0x00000000d7280000,0x00000000d7280000,0x00000000d7680000)
 ParOldGen       total 68608K, used 16K [0x0000000080000000, 0x0000000084300000, 0x00000000d5580000)
  object space 68608K, 0% used [0x0000000080000000,0x0000000080004000,0x0000000084300000)
 Metaspace       used 4172K, committed 4416K, reserved 1114112K
  class space    used 457K, committed 576K, reserved 1048576K
}
Event: 2.625 GC heap before
{Heap before GC invocations=2 (full 0):
 PSYoungGen      total 29696K, used 29332K [0x00000000d5580000, 0x00000000d7680000, 0x0000000100000000)
  eden space 25600K, 100% used [0x00000000d5580000,0x00000000d6e80000,0x00000000d6e80000)
  from space 4096K, 91% used [0x00000000d6e80000,0x00000000d7225010,0x00000000d7280000)
  to   space 4096K, 0% used [0x00000000d7280000,0x00000000d7280000,0x00000000d7680000)
 ParOldGen       total 68608K, used 16K [0x0000000080000000, 0x0000000084300000, 0x00000000d5580000)
  object space 68608K, 0% used [0x0000000080000000,0x0000000080004000,0x0000000084300000)
 Metaspace       used 7995K, committed 8256K, reserved 1114112K
  class space    used 834K, committed 960K, reserved 1048576K
}
Event: 2.630 GC heap after
{Heap after GC invocations=2 (full 0):
 PSYoungGen      total 29696K, used 4088K [0x00000000d5580000, 0x00000000d7680000, 0x0000000100000000)
  eden space 25600K, 0% used [0x00000000d5580000,0x00000000d5580000,0x00000000d6e80000)
  from space 4096K, 99% used [0x00000000d7280000,0x00000000d767e148,0x00000000d7680000)
  to   space 4096K, 0% used [0x00000000d6e80000,0x00000000d6e80000,0x00000000d7280000)
 ParOldGen       total 68608K, used 1202K [0x0000000080000000, 0x0000000084300000, 0x00000000d5580000)
  object space 68608K, 1% used [0x0000000080000000,0x000000008012c840,0x0000000084300000)
 Metaspace       used 7995K, committed 8256K, reserved 1114112K
  class space    used 834K, committed 960K, reserved 1048576K
}
Event: 3.451 GC heap before
{Heap before GC invocations=3 (full 0):
 PSYoungGen      total 29696K, used 29688K [0x00000000d5580000, 0x00000000d7680000, 0x0000000100000000)
  eden space 25600K, 100% used [0x00000000d5580000,0x00000000d6e80000,0x00000000d6e80000)
  from space 4096K, 99% used [0x00000000d7280000,0x00000000d767e148,0x00000000d7680000)
  to   space 4096K, 0% used [0x00000000d6e80000,0x00000000d6e80000,0x00000000d7280000)
 ParOldGen       total 68608K, used 1202K [0x0000000080000000, 0x0000000084300000, 0x00000000d5580000)
  object space 68608K, 1% used [0x0000000080000000,0x000000008012c840,0x0000000084300000)
 Metaspace       used 12656K, committed 13120K, reserved 1114112K
  class space    used 1345K, committed 1536K, reserved 1048576K
}
Event: 3.457 GC heap after
{Heap after GC invocations=3 (full 0):
 PSYoungGen      total 29696K, used 4071K [0x00000000d5580000, 0x00000000d7680000, 0x0000000100000000)
  eden space 25600K, 0% used [0x00000000d5580000,0x00000000d5580000,0x00000000d6e80000)
  from space 4096K, 99% used [0x00000000d6e80000,0x00000000d7279f20,0x00000000d7280000)
  to   space 4096K, 0% used [0x00000000d7280000,0x00000000d7280000,0x00000000d7680000)
 ParOldGen       total 68608K, used 2764K [0x0000000080000000, 0x0000000084300000, 0x00000000d5580000)
  object space 68608K, 4% used [0x0000000080000000,0x00000000802b31a8,0x0000000084300000)
 Metaspace       used 12656K, committed 13120K, reserved 1114112K
  class space    used 1345K, committed 1536K, reserved 1048576K
}
Event: 4.015 GC heap before
{Heap before GC invocations=4 (full 0):
 PSYoungGen      total 29696K, used 29671K [0x00000000d5580000, 0x00000000d7680000, 0x0000000100000000)
  eden space 25600K, 100% used [0x00000000d5580000,0x00000000d6e80000,0x00000000d6e80000)
  from space 4096K, 99% used [0x00000000d6e80000,0x00000000d7279f20,0x00000000d7280000)
  to   space 4096K, 0% used [0x00000000d7280000,0x00000000d7280000,0x00000000d7680000)
 ParOldGen       total 68608K, used 2764K [0x0000000080000000, 0x0000000084300000, 0x00000000d5580000)
  object space 68608K, 4% used [0x0000000080000000,0x00000000802b31a8,0x0000000084300000)
 Metaspace       used 14280K, committed 14784K, reserved 1114112K
  class space    used 1501K, committed 1728K, reserved 1048576K
}
Event: 4.031 GC heap after
{Heap after GC invocations=4 (full 0):
 PSYoungGen      total 29696K, used 4079K [0x00000000d5580000, 0x00000000d7680000, 0x0000000100000000)
  eden space 25600K, 0% used [0x00000000d5580000,0x00000000d5580000,0x00000000d6e80000)
  from space 4096K, 99% used [0x00000000d7280000,0x00000000d767bf10,0x00000000d7680000)
  to   space 4096K, 0% used [0x00000000d6e80000,0x00000000d6e80000,0x00000000d7280000)
 ParOldGen       total 68608K, used 10360K [0x0000000080000000, 0x0000000084300000, 0x00000000d5580000)
  object space 68608K, 15% used [0x0000000080000000,0x0000000080a1e310,0x0000000084300000)
 Metaspace       used 14280K, committed 14784K, reserved 1114112K
  class space    used 1501K, committed 1728K, reserved 1048576K
}

Dll operation events (9 events):
Event: 0.085 Loaded shared library c:\Users\Administrator\.trae\extensions\redhat.java-1.51.0-win32-x64\jre\21.0.9-win32-x86_64\bin\java.dll
Event: 0.383 Loaded shared library c:\Users\Administrator\.trae\extensions\redhat.java-1.51.0-win32-x64\jre\21.0.9-win32-x86_64\bin\zip.dll
Event: 0.495 Loaded shared library C:\Users\Administrator\.trae\extensions\redhat.java-1.51.0-win32-x64\jre\21.0.9-win32-x86_64\bin\instrument.dll
Event: 0.504 Loaded shared library C:\Users\Administrator\.trae\extensions\redhat.java-1.51.0-win32-x64\jre\21.0.9-win32-x86_64\bin\net.dll
Event: 0.510 Loaded shared library C:\Users\Administrator\.trae\extensions\redhat.java-1.51.0-win32-x64\jre\21.0.9-win32-x86_64\bin\nio.dll
Event: 0.515 Loaded shared library C:\Users\Administrator\.trae\extensions\redhat.java-1.51.0-win32-x64\jre\21.0.9-win32-x86_64\bin\zip.dll
Event: 0.558 Loaded shared library C:\Users\Administrator\.trae\extensions\redhat.java-1.51.0-win32-x64\jre\21.0.9-win32-x86_64\bin\jimage.dll
Event: 0.708 Loaded shared library c:\Users\Administrator\.trae\extensions\redhat.java-1.51.0-win32-x64\jre\21.0.9-win32-x86_64\bin\verify.dll
Event: 2.715 Loaded shared library C:\Users\Administrator\AppData\Roaming\Trae\User\globalStorage\redhat.java\1.51.0\config_ss_win\org.eclipse.equinox.launcher\org.eclipse.equinox.launcher.win32.win32.x86_64_1.2.1400.v20250801-0854\eclipse_11916.dll

Deoptimization events (20 events):
Event: 4.070 Thread 0x00000175ed335c40 Uncommon trap: trap_request=0xffffff45 fr.pc=0x000001759878d8bc relative=0x0000000000000d1c
Event: 4.070 Thread 0x00000175ed335c40 Uncommon trap: reason=unstable_if action=reinterpret pc=0x000001759878d8bc method=java.io.DataInputStream.readFully([BII)V @ 37 c2
Event: 4.070 Thread 0x00000175ed335c40 DEOPT PACKING pc=0x000001759878d8bc sp=0x00000040a56f9aa0
Event: 4.070 Thread 0x00000175ed335c40 DEOPT UNPACKING pc=0x0000017597f83aa2 sp=0x00000040a56f9960 mode 2
Event: 4.076 Thread 0x00000175ed335c40 DEOPT PACKING pc=0x0000017590feae3e sp=0x00000040a56f9960
Event: 4.076 Thread 0x00000175ed335c40 DEOPT UNPACKING pc=0x0000017597f84242 sp=0x00000040a56f8ea0 mode 0
Event: 4.077 Thread 0x00000175ed335c40 DEOPT PACKING pc=0x0000017590feae3e sp=0x00000040a56f9960
Event: 4.077 Thread 0x00000175ed335c40 DEOPT UNPACKING pc=0x0000017597f84242 sp=0x00000040a56f8ea0 mode 0
Event: 4.078 Thread 0x00000175ed335c40 DEOPT PACKING pc=0x0000017590feae3e sp=0x00000040a56f9960
Event: 4.078 Thread 0x00000175ed335c40 DEOPT UNPACKING pc=0x0000017597f84242 sp=0x00000040a56f8ea0 mode 0
Event: 4.078 Thread 0x00000175ed335c40 DEOPT PACKING pc=0x0000017590feae3e sp=0x00000040a56f9960
Event: 4.079 Thread 0x00000175ed335c40 DEOPT UNPACKING pc=0x0000017597f84242 sp=0x00000040a56f8ea0 mode 0
Event: 4.079 Thread 0x00000175ed335c40 Uncommon trap: trap_request=0xffffff45 fr.pc=0x00000175986fc94c relative=0x000000000000058c
Event: 4.079 Thread 0x00000175ed335c40 Uncommon trap: reason=unstable_if action=reinterpret pc=0x00000175986fc94c method=java.io.BufferedInputStream.implRead([BII)I @ 55 c2
Event: 4.079 Thread 0x00000175ed335c40 DEOPT PACKING pc=0x00000175986fc94c sp=0x00000040a56f9740
Event: 4.079 Thread 0x00000175ed335c40 DEOPT UNPACKING pc=0x0000017597f83aa2 sp=0x00000040a56f96f8 mode 2
Event: 4.079 Thread 0x00000175ed335c40 Uncommon trap: trap_request=0xffffff45 fr.pc=0x000001759875fa28 relative=0x0000000000000168
Event: 4.079 Thread 0x00000175ed335c40 Uncommon trap: reason=unstable_if action=reinterpret pc=0x000001759875fa28 method=java.io.DataInputStream.readFully([BII)V @ 37 c2
Event: 4.079 Thread 0x00000175ed335c40 DEOPT PACKING pc=0x000001759875fa28 sp=0x00000040a56f98c0
Event: 4.079 Thread 0x00000175ed335c40 DEOPT UNPACKING pc=0x0000017597f83aa2 sp=0x00000040a56f9850 mode 2

Classes loaded (20 events):
Event: 3.750 Loading class java/text/MessageFormat$Field
Event: 3.750 Loading class java/text/MessageFormat$Field done
Event: 3.783 Loading class java/util/stream/SortedOps
Event: 3.788 Loading class java/util/stream/SortedOps done
Event: 3.788 Loading class java/util/stream/SortedOps$OfRef
Event: 3.788 Loading class java/util/stream/ReferencePipeline$StatefulOp
Event: 3.789 Loading class java/util/stream/ReferencePipeline$StatefulOp done
Event: 3.789 Loading class java/util/stream/SortedOps$OfRef done
Event: 3.789 Loading class java/util/stream/SortedOps$RefSortingSink
Event: 3.789 Loading class java/util/stream/SortedOps$AbstractRefSortingSink
Event: 3.789 Loading class java/util/stream/SortedOps$AbstractRefSortingSink done
Event: 3.789 Loading class java/util/stream/SortedOps$RefSortingSink done
Event: 3.835 Loading class java/util/concurrent/ExecutionException
Event: 3.835 Loading class java/util/concurrent/ExecutionException done
Event: 3.835 Loading class java/util/zip/ZipOutputStream
Event: 3.836 Loading class java/util/zip/DeflaterOutputStream
Event: 3.837 Loading class java/util/zip/DeflaterOutputStream done
Event: 3.837 Loading class java/util/zip/ZipOutputStream done
Event: 3.891 Loading class java/io/FilenameFilter
Event: 3.891 Loading class java/io/FilenameFilter done

Classes unloaded (0 events):
No events

Classes redefined (0 events):
No events

Internal exceptions (20 events):
Event: 2.415 Thread 0x000001758d8d1370 Exception <a 'java/lang/NoSuchMethodError'{0x00000000d66bdca8}: 'void java.lang.invoke.DirectMethodHandle$Holder.invokeStaticInit(java.lang.Object, java.lang.Object)'> (0x00000000d66bdca8) 
thrown [s\src\hotspot\share\interpreter\linkResolver.cpp, line 773]
Event: 2.416 Thread 0x000001758d8d1370 Exception <a 'java/lang/NoSuchMethodError'{0x00000000d66c6e60}: 'int java.lang.invoke.DirectMethodHandle$Holder.invokeStaticInit(java.lang.Object, java.lang.Object)'> (0x00000000d66c6e60) 
thrown [s\src\hotspot\share\interpreter\linkResolver.cpp, line 773]
Event: 2.470 Thread 0x000001758d8d1370 Exception <a 'java/lang/NoSuchMethodError'{0x00000000d691aa18}: 'java.lang.Object java.lang.invoke.DirectMethodHandle$Holder.newInvokeSpecial(java.lang.Object, int, java.lang.Object)'> (0x00000000d691aa18) 
thrown [s\src\hotspot\share\interpreter\linkResolver.cpp, line 773]
Event: 2.509 Thread 0x000001758d8d1370 Exception <a 'java/lang/ClassNotFoundException'{0x00000000d6b37380}: sun/net/www/protocol/plurl/Handler> (0x00000000d6b37380) 
thrown [s\src\hotspot\share\classfile\systemDictionary.cpp, line 312]
Event: 2.509 Thread 0x000001758d8d1370 Exception <a 'java/lang/ClassNotFoundException'{0x00000000d6b38200}: sun/net/www/protocol/plurl/Handler> (0x00000000d6b38200) 
thrown [s\src\hotspot\share\classfile\systemDictionary.cpp, line 312]
Event: 2.700 Thread 0x000001758d8d1370 Exception <a 'java/lang/UnsatisfiedLinkError'{0x00000000d56f8310}: 'void org.eclipse.equinox.launcher.JNIBridge._update_splash()'> (0x00000000d56f8310) 
thrown [s\src\hotspot\share\prims\nativeLookup.cpp, line 415]
Event: 2.817 Thread 0x00000175ed335c40 Exception <a 'java/lang/NullPointerException'{0x00000000d5a7d2f8}> (0x00000000d5a7d2f8) 
thrown [s\src\hotspot\share\interpreter\linkResolver.cpp, line 1372]
Event: 2.817 Thread 0x00000175ed335c40 Exception <a 'java/lang/NullPointerException'{0x00000000d5a7d5d8}> (0x00000000d5a7d5d8) 
thrown [s\src\hotspot\share\interpreter\linkResolver.cpp, line 1372]
Event: 3.089 Thread 0x00000175ed335c40 Exception <a 'java/lang/NoSuchMethodError'{0x00000000d63983d0}: 'long java.lang.invoke.DirectMethodHandle$Holder.invokeSpecial(java.lang.Object, java.lang.Object)'> (0x00000000d63983d0) 
thrown [s\src\hotspot\share\interpreter\linkResolver.cpp, line 773]
Event: 3.153 Thread 0x00000175ed335c40 Exception <a 'java/io/FileNotFoundException'{0x00000000d658b2c0}> (0x00000000d658b2c0) 
thrown [s\src\hotspot\share\prims\jni.cpp, line 520]
Event: 3.290 Thread 0x00000175ed335c40 Exception <a 'java/lang/NoSuchMethodError'{0x00000000d687f7e8}: 'java.lang.Object java.lang.invoke.Invokers$Holder.linkToTargetMethod(java.lang.Object, long, java.lang.Object)'> (0x00000000d687f7e8) 
thrown [s\src\hotspot\share\interpreter\linkResolver.cpp, line 773]
Event: 3.379 Thread 0x00000175ed335c40 Exception <a 'java/lang/NoSuchMethodError'{0x00000000d6c15268}: 'void java.lang.invoke.DirectMethodHandle$Holder.invokeInterface(java.lang.Object, java.lang.Object, java.lang.Object)'> (0x00000000d6c15268) 
thrown [s\src\hotspot\share\interpreter\linkResolver.cpp, line 773]
Event: 3.433 Thread 0x00000175ed335c40 Exception <a 'java/lang/NoSuchMethodError'{0x00000000d6e209c0}: 'void java.lang.invoke.Invokers$Holder.invokeExact_MT(java.lang.Object, java.lang.Object, java.lang.Object)'> (0x00000000d6e209c0) 
thrown [s\src\hotspot\share\interpreter\linkResolver.cpp, line 773]
Event: 3.554 Thread 0x00000175ed335c40 Exception <a 'java/lang/NoSuchMethodError'{0x00000000d5895e38}: 'java.lang.Object java.lang.invoke.DirectMethodHandle$Holder.invokeVirtual(java.lang.Object, java.lang.Object, java.lang.Object)'> (0x00000000d5895e38) 
thrown [s\src\hotspot\share\interpreter\linkResolver.cpp, line 773]
Event: 3.558 Thread 0x00000175ed335c40 Exception <a 'java/lang/NoSuchMethodError'{0x00000000d58aaee0}: 'java.lang.Object java.lang.invoke.DelegatingMethodHandle$Holder.reinvoke_L(java.lang.Object, java.lang.Object, java.lang.Object, java.lang.Object, int, int)'> (0x00000000d58aaee0) 
thrown [s\src\hotspot\share\interpreter\linkResolver.cpp, line 773]
Event: 3.562 Thread 0x00000175ed335c40 Exception <a 'java/lang/NoSuchMethodError'{0x00000000d58c7c18}: 'java.lang.Object java.lang.invoke.DirectMethodHandle$Holder.newInvokeSpecial(java.lang.Object, java.lang.Object, java.lang.Object, java.lang.Object, java.lang.Object, java.lang.Object)'> (0x00000000d58c7c18) 
thrown [s\src\hotspot\share\interpreter\linkResolver.cpp, line 773]
Event: 3.567 Thread 0x00000175ed335c40 Exception <a 'java/lang/NoSuchMethodError'{0x00000000d58f4270}: 'void java.lang.invoke.Invokers$Holder.invokeExact_MT(java.lang.Object, java.lang.Object, java.lang.Object, java.lang.Object)'> (0x00000000d58f4270) 
thrown [s\src\hotspot\share\interpreter\linkResolver.cpp, line 773]
Event: 3.757 Thread 0x00000175ed335c40 Exception <a 'java/io/FileNotFoundException'{0x00000000d5d60108}> (0x00000000d5d60108) 
thrown [s\src\hotspot\share\prims\jni.cpp, line 520]
Event: 3.759 Thread 0x00000175ed335c40 Exception <a 'java/io/FileNotFoundException'{0x00000000d5d67918}> (0x00000000d5d67918) 
thrown [s\src\hotspot\share\prims\jni.cpp, line 520]
Event: 3.890 Thread 0x00000175ed335c40 Exception <a 'java/lang/NoSuchMethodError'{0x00000000d6186430}: 'java.lang.Object java.lang.invoke.DirectMethodHandle$Holder.newInvokeSpecial(java.lang.Object, java.lang.Object, java.lang.Object, java.lang.Object, java.lang.Object)'> (0x00000000d6186430) 
thrown [s\src\hotspot\share\interpreter\linkResolver.cpp, line 773]

ZGC Phase Switch (0 events):
No events

VM Operations (20 events):
Event: 2.504 Executing VM operation: HandshakeAllThreads (Deoptimize)
Event: 2.504 Executing VM operation: HandshakeAllThreads (Deoptimize) done
Event: 2.545 Executing VM operation: ICBufferFull
Event: 2.545 Executing VM operation: ICBufferFull done
Event: 2.624 Executing VM operation: ParallelGCFailedAllocation (Allocation Failure)
Event: 2.631 Executing VM operation: ParallelGCFailedAllocation (Allocation Failure) done
Event: 3.006 Executing VM operation: HandshakeAllThreads (Deoptimize)
Event: 3.006 Executing VM operation: HandshakeAllThreads (Deoptimize) done
Event: 3.342 Executing VM operation: HandshakeAllThreads (Deoptimize)
Event: 3.342 Executing VM operation: HandshakeAllThreads (Deoptimize) done
Event: 3.451 Executing VM operation: ParallelGCFailedAllocation (Allocation Failure)
Event: 3.457 Executing VM operation: ParallelGCFailedAllocation (Allocation Failure) done
Event: 3.682 Executing VM operation: HandshakeAllThreads (Deoptimize)
Event: 3.683 Executing VM operation: HandshakeAllThreads (Deoptimize) done
Event: 3.709 Executing VM operation: HandshakeAllThreads (Deoptimize)
Event: 3.709 Executing VM operation: HandshakeAllThreads (Deoptimize) done
Event: 3.746 Executing VM operation: HandshakeAllThreads (Deoptimize)
Event: 3.746 Executing VM operation: HandshakeAllThreads (Deoptimize) done
Event: 4.015 Executing VM operation: ParallelGCFailedAllocation (Allocation Failure)
Event: 4.032 Executing VM operation: ParallelGCFailedAllocation (Allocation Failure) done

Memory protections (0 events):
No events

Nmethod flushes (0 events):
No events

Events (20 events):
Event: 0.582 Thread 0x00000175e6bd8a90 Thread exited: 0x00000175e6bd8a90
Event: 0.854 Thread 0x000001758d8d1370 Thread added: 0x00000175e8749700
Event: 1.060 Thread 0x00000175e6af0ef0 Thread added: 0x00000175e88cda60
Event: 1.504 Thread 0x00000175e88cda60 Thread exited: 0x00000175e88cda60
Event: 1.606 Thread 0x00000175e6bd5050 Thread exited: 0x00000175e6bd5050
Event: 1.751 Thread 0x00000175e6af0ef0 Thread added: 0x00000175e88caab0
Event: 2.186 Thread 0x00000175a438e2a0 Thread added: 0x00000175e88cda60
Event: 2.186 Thread 0x00000175a438e2a0 Thread added: 0x00000175e88cb180
Event: 2.441 Thread 0x000001758d8d1370 Thread added: 0x00000175ed56b130
Event: 2.680 Thread 0x000001758d8d1370 Thread added: 0x00000175ed4102b0
Event: 2.698 Thread 0x000001758d8d1370 Thread added: 0x00000175ed335c40
Event: 2.844 Thread 0x00000175e88cb180 Thread exited: 0x00000175e88cb180
Event: 2.844 Thread 0x00000175e88cda60 Thread exited: 0x00000175e88cda60
Event: 2.844 Thread 0x00000175e88caab0 Thread exited: 0x00000175e88caab0
Event: 2.990 Thread 0x00000175ed335c40 Thread added: 0x00000175ed469470
Event: 3.101 Thread 0x00000175e6af1d30 Thread added: 0x00000175ed04b050
Event: 3.101 Thread 0x00000175e6af1d30 Thread added: 0x00000175ed04e000
Event: 3.102 Thread 0x00000175e6af1d30 Thread added: 0x00000175ed04bdf0
Event: 3.393 Thread 0x00000175ed335c40 Thread added: 0x00000175ed5ce9f0
Event: 3.457 Thread 0x00000175ed04bdf0 Thread exited: 0x00000175ed04bdf0


Dynamic libraries:
0x00007ff70a2b0000 - 0x00007ff70a2be000 	c:\Users\Administrator\.trae\extensions\redhat.java-1.51.0-win32-x64\jre\21.0.9-win32-x86_64\bin\java.exe
0x00007ffb05ee0000 - 0x00007ffb060e9000 	C:\Windows\SYSTEM32\ntdll.dll
0x00007ffb05d80000 - 0x00007ffb05e3e000 	C:\Windows\System32\KERNEL32.DLL
0x00007ffb03520000 - 0x00007ffb0389b000 	C:\Windows\System32\KERNELBASE.dll
0x00007ffb03c40000 - 0x00007ffb03d51000 	C:\Windows\System32\ucrtbase.dll
0x00007ffae9e60000 - 0x00007ffae9e78000 	c:\Users\Administrator\.trae\extensions\redhat.java-1.51.0-win32-x64\jre\21.0.9-win32-x86_64\bin\jli.dll
0x00007ffb04740000 - 0x00007ffb048ed000 	C:\Windows\System32\USER32.dll
0x00007ffaf5ae0000 - 0x00007ffaf5d85000 	C:\Windows\WinSxS\amd64_microsoft.windows.common-controls_6595b64144ccf1df_6.0.22000.120_none_9d947278b86cc467\COMCTL32.dll
0x00007ffb03470000 - 0x00007ffb03496000 	C:\Windows\System32\win32u.dll
0x00007ffb05a90000 - 0x00007ffb05b33000 	C:\Windows\System32\msvcrt.dll
0x00007ffb04d60000 - 0x00007ffb04d89000 	C:\Windows\System32\GDI32.dll
0x00007ffb03b20000 - 0x00007ffb03c38000 	C:\Windows\System32\gdi32full.dll
0x00007ffb03910000 - 0x00007ffb039ad000 	C:\Windows\System32\msvcp_win.dll
0x00007ffae4e00000 - 0x00007ffae4e1e000 	c:\Users\Administrator\.trae\extensions\redhat.java-1.51.0-win32-x64\jre\21.0.9-win32-x86_64\bin\VCRUNTIME140.dll
0x00007ffb05550000 - 0x00007ffb05582000 	C:\Windows\System32\IMM32.DLL
0x00007ffaff330000 - 0x00007ffaff33c000 	c:\Users\Administrator\.trae\extensions\redhat.java-1.51.0-win32-x64\jre\21.0.9-win32-x86_64\bin\vcruntime140_1.dll
0x00007ffae3f40000 - 0x00007ffae3fcd000 	c:\Users\Administrator\.trae\extensions\redhat.java-1.51.0-win32-x64\jre\21.0.9-win32-x86_64\bin\msvcp140.dll
0x00007ffaa82f0000 - 0x00007ffaa9090000 	c:\Users\Administrator\.trae\extensions\redhat.java-1.51.0-win32-x64\jre\21.0.9-win32-x86_64\bin\server\jvm.dll
0x00007ffb05030000 - 0x00007ffb050de000 	C:\Windows\System32\ADVAPI32.dll
0x00007ffb04690000 - 0x00007ffb0472e000 	C:\Windows\System32\sechost.dll
0x00007ffb04d90000 - 0x00007ffb04eb0000 	C:\Windows\System32\RPCRT4.dll
0x00007ffb04fb0000 - 0x00007ffb0501f000 	C:\Windows\System32\WS2_32.dll
0x00007ffb03280000 - 0x00007ffb032cd000 	C:\Windows\SYSTEM32\POWRPROF.dll
0x00007ffaff4a0000 - 0x00007ffaff4aa000 	C:\Windows\SYSTEM32\VERSION.dll
0x00007ffaf61f0000 - 0x00007ffaf6223000 	C:\Windows\SYSTEM32\WINMM.dll
0x00007ffb03260000 - 0x00007ffb03273000 	C:\Windows\SYSTEM32\UMPDC.dll
0x00007ffb02430000 - 0x00007ffb02448000 	C:\Windows\SYSTEM32\kernel.appcore.dll
0x00007ffae66f0000 - 0x00007ffae66fa000 	c:\Users\Administrator\.trae\extensions\redhat.java-1.51.0-win32-x64\jre\21.0.9-win32-x86_64\bin\jimage.dll
0x00007ffb00d30000 - 0x00007ffb00f51000 	C:\Windows\SYSTEM32\DBGHELP.DLL
0x00007ffadb4a0000 - 0x00007ffadb4d1000 	C:\Windows\SYSTEM32\dbgcore.DLL
0x00007ffb034a0000 - 0x00007ffb0351f000 	C:\Windows\System32\bcryptPrimitives.dll
0x00007ffae4df0000 - 0x00007ffae4dff000 	c:\Users\Administrator\.trae\extensions\redhat.java-1.51.0-win32-x64\jre\21.0.9-win32-x86_64\bin\instrument.dll
0x00007ffae4810000 - 0x00007ffae4830000 	c:\Users\Administrator\.trae\extensions\redhat.java-1.51.0-win32-x64\jre\21.0.9-win32-x86_64\bin\java.dll
0x00007ffb03ed0000 - 0x00007ffb04687000 	C:\Windows\System32\SHELL32.dll
0x00007ffb014a0000 - 0x00007ffb01d05000 	C:\Windows\SYSTEM32\windows.storage.dll
0x00007ffb05710000 - 0x00007ffb05a88000 	C:\Windows\System32\combase.dll
0x00007ffb012e0000 - 0x00007ffb01446000 	C:\Windows\SYSTEM32\wintypes.dll
0x00007ffb03d60000 - 0x00007ffb03e4a000 	C:\Windows\System32\SHCORE.dll
0x00007ffb03e70000 - 0x00007ffb03ecd000 	C:\Windows\System32\shlwapi.dll
0x00007ffb032e0000 - 0x00007ffb03301000 	C:\Windows\SYSTEM32\profapi.dll
0x00007ffae4670000 - 0x00007ffae4688000 	c:\Users\Administrator\.trae\extensions\redhat.java-1.51.0-win32-x64\jre\21.0.9-win32-x86_64\bin\zip.dll
0x00007ffae4940000 - 0x00007ffae4950000 	C:\Users\Administrator\.trae\extensions\redhat.java-1.51.0-win32-x64\jre\21.0.9-win32-x86_64\bin\net.dll
0x00007ffafef60000 - 0x00007ffaff074000 	C:\Windows\SYSTEM32\WINHTTP.dll
0x00007ffb028d0000 - 0x00007ffb02937000 	C:\Windows\system32\mswsock.dll
0x00007ffae4600000 - 0x00007ffae4616000 	C:\Users\Administrator\.trae\extensions\redhat.java-1.51.0-win32-x64\jre\21.0.9-win32-x86_64\bin\nio.dll
0x00007ffae48f0000 - 0x00007ffae4900000 	c:\Users\Administrator\.trae\extensions\redhat.java-1.51.0-win32-x64\jre\21.0.9-win32-x86_64\bin\verify.dll
0x00007ffae3c30000 - 0x00007ffae3c74000 	C:\Users\Administrator\AppData\Roaming\Trae\User\globalStorage\redhat.java\1.51.0\config_ss_win\org.eclipse.equinox.launcher\org.eclipse.equinox.launcher.win32.win32.x86_64_1.2.1400.v20250801-0854\eclipse_11916.dll
0x00007ffb05270000 - 0x00007ffb0540a000 	C:\Windows\System32\ole32.dll

JVMTI agents:
c:\Users\Administrator\.trae\extensions\redhat.java-1.51.0-win32-x64\lombok\lombok-1.18.39-4050.jar path:c:\Users\Administrator\.trae\extensions\redhat.java-1.51.0-win32-x64\jre\21.0.9-win32-x86_64\bin\instrument.dll, loaded, initialized, instrumentlib options:none

dbghelp: loaded successfully - version: 4.0.5 - missing functions: none
symbol engine: initialized successfully - sym options: 0x614 - pdb path: .;c:\Users\Administrator\.trae\extensions\redhat.java-1.51.0-win32-x64\jre\21.0.9-win32-x86_64\bin;C:\Windows\SYSTEM32;C:\Windows\WinSxS\amd64_microsoft.windows.common-controls_6595b64144ccf1df_6.0.22000.120_none_9d947278b86cc467;c:\Users\Administrator\.trae\extensions\redhat.java-1.51.0-win32-x64\jre\21.0.9-win32-x86_64\bin\server;C:\Users\Administrator\AppData\Roaming\Trae\User\globalStorage\redhat.java\1.51.0\config_ss_win\org.eclipse.equinox.launcher\org.eclipse.equinox.launcher.win32.win32.x86_64_1.2.1400.v20250801-0854

VM Arguments:
jvm_args: --add-modules=ALL-SYSTEM --add-opens=java.base/java.util=ALL-UNNAMED --add-opens=java.base/java.lang=ALL-UNNAMED --add-opens=java.base/sun.nio.fs=ALL-UNNAMED -Declipse.application=org.eclipse.jdt.ls.core.id1 -Dosgi.bundles.defaultStartLevel=4 -Declipse.product=org.eclipse.jdt.ls.core.product -Djava.import.generatesMetadataFilesAtProjectRoot=false -DDetectVMInstallationsJob.disabled=true -Dfile.encoding=utf8 -XX:+UseParallelGC -XX:GCTimeRatio=4 -XX:AdaptiveSizePolicyWeight=90 -Dsun.zip.disableMemoryMapping=true -Xmx2G -Xms100m -Xlog:disable -javaagent:c:\Users\Administrator\.trae\extensions\redhat.java-1.51.0-win32-x64\lombok\lombok-1.18.39-4050.jar 
java_command: c:\Users\Administrator\.trae\extensions\redhat.java-1.51.0-win32-x64\server\plugins\org.eclipse.equinox.launcher_1.7.100.v20251111-0406.jar -configuration c:\Users\Administrator\AppData\Roaming\Trae\User\globalStorage\redhat.java\1.51.0\config_ss_win -data c:\Users\Administrator\AppData\Roaming\Trae\User\workspaceStorage\e4a04282005564b2607c75b1cf6fb7fe\redhat.java\ss_ws --pipe=\\.\pipe\lsp-e9162dd1f9164cde9e38e329e5340bd7-sock
java_class_path (initial): c:\Users\Administrator\.trae\extensions\redhat.java-1.51.0-win32-x64\server\plugins\org.eclipse.equinox.launcher_1.7.100.v20251111-0406.jar
Launcher Type: SUN_STANDARD

[Global flags]
    uintx AdaptiveSizePolicyWeight                 = 90                                        {product} {command line}
     intx CICompilerCount                          = 12                                        {product} {ergonomic}
    uintx GCTimeRatio                              = 4                                         {product} {command line}
   size_t InitialHeapSize                          = 104857600                                 {product} {command line}
   size_t MaxHeapSize                              = 2147483648                                {product} {command line}
   size_t MaxNewSize                               = 715653120                                 {product} {ergonomic}
   size_t MinHeapDeltaBytes                        = 524288                                    {product} {ergonomic}
   size_t MinHeapSize                              = 104857600                                 {product} {command line}
   size_t NewSize                                  = 34603008                                  {product} {ergonomic}
    uintx NonNMethodCodeHeapSize                   = 7602480                                {pd product} {ergonomic}
    uintx NonProfiledCodeHeapSize                  = 122027880                              {pd product} {ergonomic}
   size_t OldSize                                  = 70254592                                  {product} {ergonomic}
    uintx ProfiledCodeHeapSize                     = 122027880                              {pd product} {ergonomic}
    uintx ReservedCodeCacheSize                    = 251658240                              {pd product} {ergonomic}
     bool SegmentedCodeCache                       = true                                      {product} {ergonomic}
   size_t SoftMaxHeapSize                          = 2147483648                             {manageable} {ergonomic}
     bool UseCompressedOops                        = true                           {product lp64_product} {ergonomic}
     bool UseLargePagesIndividualAllocation        = false                                  {pd product} {ergonomic}
     bool UseParallelGC                            = true                                      {product} {command line}

Logging:
Log output configuration:
 #0: stdout all=off uptime,level,tags foldmultilines=false
 #1: stderr all=off uptime,level,tags foldmultilines=false

Release file:
JAVA_VERSION="21.0.9" 
MODULES="java.base java.compiler java.datatransfer java.xml java.prefs java.desktop java.instrument java.logging java.management java.security.sasl java.naming java.rmi java.management.rmi java.net.http java.scripting java.security.jgss java.transaction.xa java.sql java.sql.rowset java.xml.crypto java.se java.smartcardio jdk.accessibility jdk.internal.jvmstat jdk.attach jdk.charsets jdk.internal.opt jdk.zipfs jdk.compiler jdk.crypto.ec jdk.crypto.cryptoki jdk.crypto.mscapi jdk.dynalink jdk.internal.ed jdk.editpad jdk.hotspot.agent jdk.httpserver jdk.internal.le jdk.internal.vm.ci jdk.internal.vm.compiler jdk.internal.vm.compiler.management jdk.jartool jdk.javadoc jdk.jcmd jdk.management jdk.management.agent jdk.jconsole jdk.jdeps jdk.jdwp.agent jdk.jdi jdk.jfr jdk.jshell jdk.jsobject jdk.jstatd jdk.localedata jdk.management.jfr jdk.naming.dns jdk.naming.rmi jdk.net jdk.nio.mapmode jdk.random jdk.sctp jdk.security.auth jdk.security.jgss jdk.unsupported jdk.unsupported.desktop jdk.xml.dom" 

Environment Variables:
JAVA_HOME=E:\Program Files\Eclipse Adoptium\jdk-17.0.16.8-hotspot
PATH=C:\Users\Administrator\.trae\tools\gradle\latest\bin;E:\Program Files\Eclipse Adoptium\jdk-17.0.16.8-hotspot\bin;C:\Users\Administrator\.trae\tools\maven\latest\bin;E:\Program Files\Eclipse Adoptium\jdk-17.0.16.8-hotspot\bin;C:\Program Files (x86)\Common Files\Intel\Shared Libraries\redist\intel64\compiler;C:\Program Files\Zulu\zulu-8\bin\;C:\Program Files\Python39\Scripts\;C:\Program Files\Python39\;C:\windows\system32;C:\windows;C:\windows\System32\Wbem;C:\windows\System32\WindowsPowerShell\v1.0\;C:\windows\System32\OpenSSH\;C:\Program Files (x86)\NVIDIA Corporation\PhysX\Common;E:\中央处理器 - 算力集中器\集中器（文件）\;C:\Program File;\NVIDIA Corporation\NVIDIA NvDLISR;C:\Program Files\dotnet\;E:\Program Files\nodejs\;E:\Program Files\Git\cmd;E:\Program Files\CMake\bin;E:\Program Files (x86)\blur;E:\Program Files\Git LFS;C:\Program Files (x86)\GnuWin32\bin;C:\Users\Administrator\AppData\Local\Programs\Python\Python312\Scripts\;C:\Users\Administrator\AppData\Local\Programs\Python\Python312\;C:\Users\Administrator\AppData\Local\Microsoft\WindowsApps;D:\Program Files\cpolar\;E:\Program Files\JetBrains\IntelliJ IDEA 2023.2.2\bin;C:\Program Files\cpolar\;E:\Fiddler Web Debugger(5.0.20192.25092)中文版;C:\Users\Administrator\AppData\Roaming\npm;C:\Users\Administrator\.bun\bin;C:\Users\Administrator\AppData\Local\GitHubDesktop\bin;E:\Program Files (x86)\Nmap;E:\apache-maven-3.9.11\bin;;E:\Program Files\JetBrains\IntelliJ IDEA 2024.1\bin;;E:\Users\Administrator\AppData\Local\Programs\Microsoft VS Code\bin;C:\Users\Administrator\.dotnet\tools;e:\Users\Administrator\AppData\Local\Programs\Trae\resources\app\bin\lib
USERNAME=Administrator
OS=Windows_NT
PROCESSOR_IDENTIFIER=Intel64 Family 6 Model 62 Stepping 4, GenuineIntel
TMP=C:\Users\ADMINI~1\AppData\Local\Temp
TEMP=C:\Users\ADMINI~1\AppData\Local\Temp




Periodic native trim disabled

---------------  S Y S T E M  ---------------

OS:
 Windows 11 , 64 bit Build 22000 (10.0.22000.1335)
OS uptime: 0 days 8:20 hours

CPU: total 20 (initial active 20) (10 cores per cpu, 2 threads per core) family 6 model 62 stepping 4 microcode 0x42e, cx8, cmov, fxsr, ht, mmx, sse, sse2, sse3, ssse3, sse4.1, sse4.2, popcnt, tsc, tscinvbit, avx, aes, erms, clmul, vzeroupper, clflush, rdtscp, f16c
Processor Information for the first 20 processors :
  Max Mhz: 2501, Current Mhz: 2501, Mhz Limit: 2501

Memory: 4k page, system-wide physical 16316M (5047M free)
TotalPageFile size 22295M (AvailPageFile size 5M)
current process WorkingSet (physical memory assigned to process): 125M, peak: 125M
current process commit charge ("private bytes"): 283M, peak: 283M

vm_info: OpenJDK 64-Bit Server VM (21.0.9+10-LTS) for windows-amd64 JRE (21.0.9+10-LTS), built on 2025-10-21T00:00:00Z by "admin" with unknown MS VC++:1942

END.
