#
# There is insufficient memory for the Java Runtime Environment to continue.
# Native memory allocation (malloc) failed to allocate 1402976 bytes. Error detail: Chunk::new
# Possible reasons:
#   The system is out of physical RAM or swap space
#   This process is running with CompressedOops enabled, and the Java Heap may be blocking the growth of the native heap
# Possible solutions:
#   Reduce memory load on the system
#   Increase physical memory or swap space
#   Check if swap backing store is full
#   Decrease Java heap size (-Xmx/-Xms)
#   Decrease number of Java threads
#   Decrease Java thread stack sizes (-Xss)
#   Set larger code cache with -XX:ReservedCodeCacheSize=
#   JVM is running with Unscaled Compressed Oops mode in which the Java heap is
#     placed in the first 4GB address space. The Java Heap base address is the
#     maximum limit for the native heap growth. Please use -XX:HeapBaseMinAddress
#     to set the Java Heap base and to place the Java Heap above 4GB virtual address.
# This output file may be truncated or incomplete.
#
#  Out of Memory Error (arena.cpp:168), pid=12880, tid=20140
#
# JRE version: OpenJDK Runtime Environment Temurin-21.0.8+9 (21.0.8+9) (build 21.0.8+9-LTS)
# Java VM: OpenJDK 64-Bit Server VM Temurin-21.0.8+9 (21.0.8+9-LTS, mixed mode, sharing, tiered, compressed oops, compressed class ptrs, parallel gc, windows-amd64)
# No core dump will be written. Minidumps are not enabled by default on client versions of Windows
#

---------------  S U M M A R Y ------------

Command Line: --add-modules=ALL-SYSTEM --add-opens=java.base/java.util=ALL-UNNAMED --add-opens=java.base/java.lang=ALL-UNNAMED --add-opens=java.base/sun.nio.fs=ALL-UNNAMED -Declipse.application=org.eclipse.jdt.ls.core.id1 -Dosgi.bundles.defaultStartLevel=4 -Declipse.product=org.eclipse.jdt.ls.core.product -Djava.import.generatesMetadataFilesAtProjectRoot=false -DDetectVMInstallationsJob.disabled=true -Dfile.encoding=utf8 -XX:+UseParallelGC -XX:GCTimeRatio=4 -XX:AdaptiveSizePolicyWeight=90 -Dsun.zip.disableMemoryMapping=true -Xmx2G -Xms100m -Xlog:disable -javaagent:c:\Users\Administrator\.trae-cn\extensions\redhat.java-1.47.0-win32-x64\lombok\lombok-1.18.39-4050.jar -XX:+HeapDumpOnOutOfMemoryError -XX:HeapDumpPath=c:\Users\Administrator\AppData\Roaming\Trae CN\User\workspaceStorage\e4a04282005564b2607c75b1cf6fb7fe\redhat.java -Daether.dependencyCollector.impl=bf c:\Users\Administrator\.trae-cn\extensions\redhat.java-1.47.0-win32-x64\server\plugins\org.eclipse.equinox.launcher_1.7.100.v20251014-1222.jar -configuration c:\Users\Administrator\AppData\Roaming\Trae CN\User\globalStorage\redhat.java\1.47.0\config_win -data c:\Users\Administrator\AppData\Roaming\Trae CN\User\workspaceStorage\e4a04282005564b2607c75b1cf6fb7fe\redhat.java\jdt_ws --pipe=\\.\pipe\lsp-47cf51fb72032a1f43723bbd81a3a45e-sock

Host: Intel(R) Xeon(R) CPU E5-2670 v2 @ 2.50GHz, 20 cores, 13G,  Windows 11 , 64 bit Build 22000 (10.0.22000.1335)
Time: Sat Nov  8 01:17:05 2025 elapsed time: 17.923138 seconds (0d 0h 0m 17s)

---------------  T H R E A D  ---------------

Current thread (0x000001990bbf8270):  JavaThread "C2 CompilerThread4" daemon [_thread_in_native, id=20140, stack(0x0000001fdb000000,0x0000001fdb100000) (1024K)]


Current CompileTask:
C2:17923 8637   !   4       org.eclipse.jdt.internal.compiler.classfmt.ClassFileReader::<init> (1968 bytes)

Stack: [0x0000001fdb000000,0x0000001fdb100000]
Native frames: (J=compiled Java code, j=interpreted, Vv=VM code, C=native code)
V  [jvm.dll+0x6d2449]
V  [jvm.dll+0x8ae341]
V  [jvm.dll+0x8b08be]
V  [jvm.dll+0x8b0fa3]
V  [jvm.dll+0x280c96]
V  [jvm.dll+0xc581d]
V  [jvm.dll+0xc5d53]
V  [jvm.dll+0x2f539d]
V  [jvm.dll+0x5fa00a]
V  [jvm.dll+0x252092]
V  [jvm.dll+0x25244f]
V  [jvm.dll+0x24ad14]
V  [jvm.dll+0x2483a4]
V  [jvm.dll+0x1c89ee]
V  [jvm.dll+0x257d4d]
V  [jvm.dll+0x2562ea]
V  [jvm.dll+0x3f2d16]
V  [jvm.dll+0x857e6b]
V  [jvm.dll+0x6d0b0d]
C  [ucrtbase.dll+0x26c0c]
C  [KERNEL32.DLL+0x155a0]
C  [ntdll.dll+0x485b]


---------------  P R O C E S S  ---------------

Threads class SMR info:
_java_thread_list=0x000001991235d7a0, length=58, elements={
0x00000198b09156e0, 0x00000198c73b92f0, 0x00000198c73bd810, 0x0000019909a46500,
0x0000019909a47100, 0x0000019909a4c5e0, 0x0000019909a52820, 0x0000019909a55890,
0x0000019909a66fa0, 0x0000019909b4a260, 0x000001990b8b1e90, 0x000001990bd364e0,
0x000001990bddb5f0, 0x0000019910029080, 0x0000019910029ab0, 0x000001991080a210,
0x000001991098f2f0, 0x0000019910a0ffe0, 0x0000019909b51060, 0x00000199101f9d40,
0x00000199101fa3d0, 0x0000019910bd7f70, 0x000001990bc0c930, 0x00000199119c18e0,
0x00000199101fcb30, 0x0000019911647200, 0x00000199101faa60, 0x00000199101fd1c0,
0x00000199101fb0f0, 0x00000199101fb780, 0x00000199101fbe10, 0x00000199101fc4a0,
0x000001991257f880, 0x000001991257ca90, 0x000001991257d7b0, 0x000001991257de40,
0x000001991257ff10, 0x000001991257e4d0, 0x000001991257eb60, 0x000001991257d120,
0x000001991257f1f0, 0x00000199120e67f0, 0x00000199120e8f50, 0x00000199120e4db0,
0x00000199120e4720, 0x00000199120e6160, 0x00000199120e7510, 0x00000199120e5440,
0x00000199120e5ad0, 0x00000199120e1fc0, 0x00000199120e4090, 0x00000199120e8230,
0x00000199157cc8f0, 0x00000199120e6e80, 0x00000199120e2650, 0x00000199101313e0,
0x00000199120e95e0, 0x000001990bbf8270
}

Java Threads: ( => current thread )
  0x00000198b09156e0 JavaThread "main"                              [_thread_blocked, id=7904, stack(0x0000001fd6300000,0x0000001fd6400000) (1024K)]
  0x00000198c73b92f0 JavaThread "Reference Handler"          daemon [_thread_blocked, id=5820, stack(0x0000001fd6700000,0x0000001fd6800000) (1024K)]
  0x00000198c73bd810 JavaThread "Finalizer"                  daemon [_thread_blocked, id=30664, stack(0x0000001fd6800000,0x0000001fd6900000) (1024K)]
  0x0000019909a46500 JavaThread "Signal Dispatcher"          daemon [_thread_blocked, id=10284, stack(0x0000001fd6900000,0x0000001fd6a00000) (1024K)]
  0x0000019909a47100 JavaThread "Attach Listener"            daemon [_thread_blocked, id=30252, stack(0x0000001fd6a00000,0x0000001fd6b00000) (1024K)]
  0x0000019909a4c5e0 JavaThread "Service Thread"             daemon [_thread_blocked, id=24796, stack(0x0000001fd6b00000,0x0000001fd6c00000) (1024K)]
  0x0000019909a52820 JavaThread "Monitor Deflation Thread"   daemon [_thread_blocked, id=18880, stack(0x0000001fd6c00000,0x0000001fd6d00000) (1024K)]
  0x0000019909a55890 JavaThread "C2 CompilerThread0"         daemon [_thread_blocked, id=29724, stack(0x0000001fd6d00000,0x0000001fd6e00000) (1024K)]
  0x0000019909a66fa0 JavaThread "C1 CompilerThread0"         daemon [_thread_blocked, id=22048, stack(0x0000001fd6e00000,0x0000001fd6f00000) (1024K)]
  0x0000019909b4a260 JavaThread "Common-Cleaner"             daemon [_thread_blocked, id=25084, stack(0x0000001fd6f00000,0x0000001fd7000000) (1024K)]
  0x000001990b8b1e90 JavaThread "Notification Thread"        daemon [_thread_blocked, id=18312, stack(0x0000001fd7300000,0x0000001fd7400000) (1024K)]
  0x000001990bd364e0 JavaThread "Active Thread: Equinox Container: 68177e54-93e1-4e8b-8d81-c45f82a3c41a"        [_thread_blocked, id=28924, stack(0x0000001fd7c00000,0x0000001fd7d00000) (1024K)]
  0x000001990bddb5f0 JavaThread "Refresh Thread: Equinox Container: 68177e54-93e1-4e8b-8d81-c45f82a3c41a" daemon [_thread_blocked, id=12472, stack(0x0000001fd7e00000,0x0000001fd7f00000) (1024K)]
  0x0000019910029080 JavaThread "Framework Event Dispatcher: Equinox Container: 68177e54-93e1-4e8b-8d81-c45f82a3c41a" daemon [_thread_blocked, id=30124, stack(0x0000001fd7f00000,0x0000001fd8000000) (1024K)]
  0x0000019910029ab0 JavaThread "Start Level: Equinox Container: 68177e54-93e1-4e8b-8d81-c45f82a3c41a" daemon [_thread_blocked, id=25984, stack(0x0000001fd8000000,0x0000001fd8100000) (1024K)]
  0x000001991080a210 JavaThread "Bundle File Closer"         daemon [_thread_blocked, id=20136, stack(0x0000001fd8200000,0x0000001fd8300000) (1024K)]
  0x000001991098f2f0 JavaThread "SCR Component Actor"        daemon [_thread_blocked, id=22304, stack(0x0000001fd7200000,0x0000001fd7300000) (1024K)]
  0x0000019910a0ffe0 JavaThread "Worker-JM"                         [_thread_blocked, id=22328, stack(0x0000001fd8400000,0x0000001fd8500000) (1024K)]
  0x0000019909b51060 JavaThread "JNA Cleaner"                daemon [_thread_blocked, id=13236, stack(0x0000001fd7000000,0x0000001fd7100000) (1024K)]
  0x00000199101f9d40 JavaThread ""                                  [_thread_blocked, id=14244, stack(0x0000001fd7100000,0x0000001fd7200000) (1024K)]
  0x00000199101fa3d0 
[error occurred during error reporting (printing all threads), id 0xc0000005, EXCEPTION_ACCESS_VIOLATION (0xc0000005) at pc=0x00007ff8a5593a82]
VM state: at safepoint (normal execution)

VM Mutex/Monitor currently owned by a thread:  ([mutex/lock_event])
[0x00007ff8a5e65458] Threads_lock - owner thread: 0x00000198c73a42b0
[0x00007ff8a5e65558] Heap_lock - owner thread: 0x00000199101f9d40

Heap address: 0x0000000080000000, size: 2048 MB, Compressed Oops mode: 32-bit

CDS archive(s) mapped at: [0x00000198c8000000-0x00000198c8ba0000-0x00000198c8ba0000), size 12189696, SharedBaseAddress: 0x00000198c8000000, ArchiveRelocationMode: 1.
Compressed class space mapped at: 0x00000198c9000000-0x0000019909000000, reserved size: 1073741824
Narrow klass base: 0x00000198c8000000, Narrow klass shift: 0, Narrow klass range: 0x100000000

GC Precious Log:
 CardTable entry size: 512
 CPUs: 20 total, 20 available
 Memory: 14268M
 Large Page Support: Disabled
 NUMA Support: Disabled
 Compressed Oops: Enabled (32-bit)
 Alignments: Space 512K, Generation 512K, Heap 2M
 Heap Min Capacity: 100M
 Heap Initial Capacity: 100M
 Heap Max Capacity: 2G
 Pre-touch: Disabled
 Parallel Workers: 15

Heap:
 PSYoungGen      total 22528K, used 22171K [0x00000000d5580000, 0x00000000d6f00000, 0x0000000100000000)
  eden space 19968K, 100% used [0x00000000d5580000,0x00000000d6900000,0x00000000d6900000)
  from space 2560K, 86% used [0x00000000d6c80000,0x00000000d6ea6c08,0x00000000d6f00000)
  to   space 2560K, 99% used [0x00000000d6a00000,0x00000000d6c7d8a0,0x00000000d6c80000)
 ParOldGen       total 71168K, used 70969K [0x0000000080000000, 0x0000000084580000, 0x00000000d5580000)
  object space 71168K, 99% used [0x0000000080000000,0x000000008454e5d8,0x0000000084580000)
 Metaspace       used 54442K, committed 55680K, reserved 1114112K
  class space    used 5888K, committed 6400K, reserved 1048576K

Card table byte_map: [0x00000198b02c0000,0x00000198b06d0000] _byte_map_base: 0x00000198afec0000

Marking Bits: (ParMarkBitMap*) 0x00007ff8a5e6a340
 Begin Bits: [0x00000198c2dc0000, 0x00000198c4dc0000)
 End Bits:   [0x00000198c4dc0000, 0x00000198c6dc0000)

Polling page: 0x00000198ae5f0000

Metaspace:

Usage:
  Non-class:     47.42 MB used.
      Class:      5.75 MB used.
       Both:     53.17 MB used.

Virtual space:
  Non-class space:       64.00 MB reserved,      48.12 MB ( 75%) committed,  1 nodes.
      Class space:        1.00 GB reserved,       6.25 MB ( <1%) committed,  1 nodes.
             Both:        1.06 GB reserved,      54.38 MB (  5%) committed. 

Chunk freelists:
   Non-Class:  15.73 MB
       Class:  9.78 MB
        Both:  25.52 MB

MaxMetaspaceSize: unlimited
CompressedClassSpaceSize: 1.00 GB
Initial GC threshold: 21.00 MB
Current GC threshold: 58.38 MB
CDS: on
 - commit_granule_bytes: 65536.
 - commit_granule_words: 8192.
 - virtual_space_node_default_size: 8388608.
 - enlarge_chunks_in_place: 1.
 - use_allocation_guard: 0.


Internal statistics:

num_allocs_failed_limit: 6.
num_arena_births: 858.
num_arena_deaths: 18.
num_vsnodes_births: 2.
num_vsnodes_deaths: 0.
num_space_committed: 869.
num_space_uncommitted: 0.
num_chunks_returned_to_freelist: 26.
num_chunks_taken_from_freelist: 3117.
num_chunk_merges: 11.
num_chunk_splits: 1938.
num_chunks_enlarged: 1106.
num_inconsistent_stats: 0.

CodeHeap 'non-profiled nmethods': size=119168Kb used=5464Kb max_used=5615Kb free=113703Kb
 bounds [0x00000198bb6b0000, 0x00000198bbc30000, 0x00000198c2b10000]
CodeHeap 'profiled nmethods': size=119104Kb used=16725Kb max_used=17618Kb free=102379Kb
 bounds [0x00000198b3b10000, 0x00000198b4c50000, 0x00000198baf60000]
CodeHeap 'non-nmethods': size=7488Kb used=3119Kb max_used=3193Kb free=4368Kb
 bounds [0x00000198baf60000, 0x00000198bb2e0000, 0x00000198bb6b0000]
CodeCache: size=245760Kb, used=25308Kb, max_used=26426Kb, free=220450Kb
 total_blobs=8655, nmethods=7916, adapters=642, full_count=0
Compilation: enabled, stopped_count=0, restarted_count=0

Compilation events (20 events):
Event: 16.839 Thread 0x0000019914198260 nmethod 8638 0x00000198bbbfe590 code [0x00000198bbbfe800, 0x00000198bbbff2a0]
Event: 16.844 Thread 0x00000199101313e0 8639       1       org.eclipse.jdt.internal.compiler.classfmt.RecordComponentInfo::sizeInBytes (5 bytes)
Event: 16.844 Thread 0x0000019914f09d10 nmethod 8633 0x00000198bbbff890 code [0x00000198bbbffbe0, 0x00000198bbc02a48]
Event: 16.844 Thread 0x00000199101313e0 nmethod 8639 0x00000198bbc04190 code [0x00000198bbc04320, 0x00000198bbc043e8]
Event: 16.888 Thread 0x0000019915f36c30 8640       4       org.eclipse.jdt.internal.core.search.indexing.AbstractIndexer::addMethodReference (13 bytes)
Event: 16.901 Thread 0x0000019915f36c30 nmethod 8640 0x00000198bbc04490 code [0x00000198bbc046e0, 0x00000198bbc05118]
Event: 16.942 Thread 0x00000199157cc8f0 8641       3       org.eclipse.jdt.internal.core.search.indexing.BinaryIndexer::decodeReturnType (407 bytes)
Event: 16.943 Thread 0x00000199157cc8f0 nmethod 8641 0x00000198b4bfda90 code [0x00000198b4bfde60, 0x00000198b4bfef70]
Event: 16.964 Thread 0x0000019909a55890 8642       4       org.eclipse.jdt.internal.compiler.classfmt.ClassFileReader::isStaticInner (63 bytes)
Event: 16.968 Thread 0x0000019909a55890 nmethod 8642 0x00000198bbc05890 code [0x00000198bbc05a40, 0x00000198bbc05d50]
Event: 16.975 Thread 0x0000019909a66fa0 8643   !   3       java.lang.Thread::sleep (82 bytes)
Event: 16.975 Thread 0x00000199101313e0 8644   !   3       java.lang.Thread::beforeSleep (33 bytes)
Event: 16.975 Thread 0x00000199157cc8f0 8645       3       jdk.internal.event.ThreadSleepEvent::isTurnedOn (7 bytes)
Event: 16.975 Thread 0x00000199101313e0 nmethod 8644 0x00000198b4bff390 code [0x00000198b4bff540, 0x00000198b4bff708]
Event: 16.975 Thread 0x00000199157cc8f0 nmethod 8645 0x00000198b4bff810 code [0x00000198b4bff9c0, 0x00000198b4bffb10]
Event: 16.975 Thread 0x0000019909a66fa0 nmethod 8643 0x00000198b4bffb90 code [0x00000198b4bffdc0, 0x00000198b4c00630]
Event: 16.996 Thread 0x0000019911647200 8646       4       java.net.URI$Parser::scan (53 bytes)
Event: 17.000 Thread 0x0000019915f36c30 8647       4       org.eclipse.jdt.internal.compiler.classfmt.ClassFileReader::getConstantClassNameAt (33 bytes)
Event: 17.004 Thread 0x0000019911647200 nmethod 8646 0x00000198bbc05f10 code [0x00000198bbc06100, 0x00000198bbc06648]
Event: 17.007 Thread 0x0000019915f36c30 nmethod 8647 0x00000198bbc06b10 code [0x00000198bbc06ce0, 0x00000198bbc07198]

GC Heap History (20 events):
Event: 15.928 GC heap before
{Heap before GC invocations=28 (full 2):
 PSYoungGen      total 24576K, used 24337K [0x00000000d5580000, 0x00000000d7000000, 0x0000000100000000)
  eden space 22016K, 100% used [0x00000000d5580000,0x00000000d6b00000,0x00000000d6b00000)
  from space 2560K, 90% used [0x00000000d6c00000,0x00000000d6e44410,0x00000000d6e80000)
  to   space 1536K, 0% used [0x00000000d6e80000,0x00000000d6e80000,0x00000000d7000000)
 ParOldGen       total 68608K, used 37596K [0x0000000080000000, 0x0000000084300000, 0x00000000d5580000)
  object space 68608K, 54% used [0x0000000080000000,0x00000000824b7370,0x0000000084300000)
 Metaspace       used 54060K, committed 55296K, reserved 1114112K
  class space    used 5863K, committed 6336K, reserved 1048576K
}
Event: 15.933 GC heap after
{Heap after GC invocations=28 (full 2):
 PSYoungGen      total 22016K, used 1506K [0x00000000d5580000, 0x00000000d7500000, 0x0000000100000000)
  eden space 20480K, 0% used [0x00000000d5580000,0x00000000d5580000,0x00000000d6980000)
  from space 1536K, 98% used [0x00000000d6e80000,0x00000000d6ff8810,0x00000000d7000000)
  to   space 5120K, 0% used [0x00000000d6980000,0x00000000d6980000,0x00000000d6e80000)
 ParOldGen       total 68608K, used 40566K [0x0000000080000000, 0x0000000084300000, 0x00000000d5580000)
  object space 68608K, 59% used [0x0000000080000000,0x000000008279d8d0,0x0000000084300000)
 Metaspace       used 54060K, committed 55296K, reserved 1114112K
  class space    used 5863K, committed 6336K, reserved 1048576K
}
Event: 16.034 GC heap before
{Heap before GC invocations=29 (full 2):
 PSYoungGen      total 22016K, used 21986K [0x00000000d5580000, 0x00000000d7500000, 0x0000000100000000)
  eden space 20480K, 100% used [0x00000000d5580000,0x00000000d6980000,0x00000000d6980000)
  from space 1536K, 98% used [0x00000000d6e80000,0x00000000d6ff8810,0x00000000d7000000)
  to   space 5120K, 0% used [0x00000000d6980000,0x00000000d6980000,0x00000000d6e80000)
 ParOldGen       total 68608K, used 40570K [0x0000000080000000, 0x0000000084300000, 0x00000000d5580000)
  object space 68608K, 59% used [0x0000000080000000,0x000000008279e8e0,0x0000000084300000)
 Metaspace       used 54067K, committed 55296K, reserved 1114112K
  class space    used 5863K, committed 6336K, reserved 1048576K
}
Event: 16.038 GC heap after
{Heap after GC invocations=29 (full 2):
 PSYoungGen      total 22528K, used 2020K [0x00000000d5580000, 0x00000000d7100000, 0x0000000100000000)
  eden space 20480K, 0% used [0x00000000d5580000,0x00000000d5580000,0x00000000d6980000)
  from space 2048K, 98% used [0x00000000d6980000,0x00000000d6b79000,0x00000000d6b80000)
  to   space 3072K, 0% used [0x00000000d6e00000,0x00000000d6e00000,0x00000000d7100000)
 ParOldGen       total 68608K, used 41832K [0x0000000080000000, 0x0000000084300000, 0x00000000d5580000)
  object space 68608K, 60% used [0x0000000080000000,0x00000000828da2a0,0x0000000084300000)
 Metaspace       used 54067K, committed 55296K, reserved 1114112K
  class space    used 5863K, committed 6336K, reserved 1048576K
}
Event: 16.115 GC heap before
{Heap before GC invocations=30 (full 2):
 PSYoungGen      total 22528K, used 22500K [0x00000000d5580000, 0x00000000d7100000, 0x0000000100000000)
  eden space 20480K, 100% used [0x00000000d5580000,0x00000000d6980000,0x00000000d6980000)
  from space 2048K, 98% used [0x00000000d6980000,0x00000000d6b79000,0x00000000d6b80000)
  to   space 3072K, 0% used [0x00000000d6e00000,0x00000000d6e00000,0x00000000d7100000)
 ParOldGen       total 68608K, used 41850K [0x0000000080000000, 0x0000000084300000, 0x00000000d5580000)
  object space 68608K, 60% used [0x0000000080000000,0x00000000828deaf8,0x0000000084300000)
 Metaspace       used 54073K, committed 55296K, reserved 1114112K
  class space    used 5863K, committed 6336K, reserved 1048576K
}
Event: 16.120 GC heap after
{Heap after GC invocations=30 (full 2):
 PSYoungGen      total 22528K, used 1952K [0x00000000d5580000, 0x00000000d7000000, 0x0000000100000000)
  eden space 20480K, 0% used [0x00000000d5580000,0x00000000d5580000,0x00000000d6980000)
  from space 2048K, 95% used [0x00000000d6e00000,0x00000000d6fe8000,0x00000000d7000000)
  to   space 2560K, 0% used [0x00000000d6b00000,0x00000000d6b00000,0x00000000d6d80000)
 ParOldGen       total 68608K, used 43608K [0x0000000080000000, 0x0000000084300000, 0x00000000d5580000)
  object space 68608K, 63% used [0x0000000080000000,0x0000000082a96120,0x0000000084300000)
 Metaspace       used 54073K, committed 55296K, reserved 1114112K
  class space    used 5863K, committed 6336K, reserved 1048576K
}
Event: 16.249 GC heap before
{Heap before GC invocations=31 (full 2):
 PSYoungGen      total 22528K, used 22432K [0x00000000d5580000, 0x00000000d7000000, 0x0000000100000000)
  eden space 20480K, 100% used [0x00000000d5580000,0x00000000d6980000,0x00000000d6980000)
  from space 2048K, 95% used [0x00000000d6e00000,0x00000000d6fe8000,0x00000000d7000000)
  to   space 2560K, 0% used [0x00000000d6b00000,0x00000000d6b00000,0x00000000d6d80000)
 ParOldGen       total 68608K, used 43608K [0x0000000080000000, 0x0000000084300000, 0x00000000d5580000)
  object space 68608K, 63% used [0x0000000080000000,0x0000000082a96120,0x0000000084300000)
 Metaspace       used 54098K, committed 55296K, reserved 1114112K
  class space    used 5864K, committed 6336K, reserved 1048576K
}
Event: 16.256 GC heap after
{Heap after GC invocations=31 (full 2):
 PSYoungGen      total 22528K, used 1984K [0x00000000d5580000, 0x00000000d6e80000, 0x0000000100000000)
  eden space 20480K, 0% used [0x00000000d5580000,0x00000000d5580000,0x00000000d6980000)
  from space 2048K, 96% used [0x00000000d6b00000,0x00000000d6cf0010,0x00000000d6d00000)
  to   space 1536K, 0% used [0x00000000d6d00000,0x00000000d6d00000,0x00000000d6e80000)
 ParOldGen       total 68608K, used 45352K [0x0000000080000000, 0x0000000084300000, 0x00000000d5580000)
  object space 68608K, 66% used [0x0000000080000000,0x0000000082c4a120,0x0000000084300000)
 Metaspace       used 54098K, committed 55296K, reserved 1114112K
  class space    used 5864K, committed 6336K, reserved 1048576K
}
Event: 16.368 GC heap before
{Heap before GC invocations=32 (full 2):
 PSYoungGen      total 22528K, used 22464K [0x00000000d5580000, 0x00000000d6e80000, 0x0000000100000000)
  eden space 20480K, 100% used [0x00000000d5580000,0x00000000d6980000,0x00000000d6980000)
  from space 2048K, 96% used [0x00000000d6b00000,0x00000000d6cf0010,0x00000000d6d00000)
  to   space 1536K, 0% used [0x00000000d6d00000,0x00000000d6d00000,0x00000000d6e80000)
 ParOldGen       total 68608K, used 45352K [0x0000000080000000, 0x0000000084300000, 0x00000000d5580000)
  object space 68608K, 66% used [0x0000000080000000,0x0000000082c4a120,0x0000000084300000)
 Metaspace       used 54114K, committed 55296K, reserved 1114112K
  class space    used 5864K, committed 6336K, reserved 1048576K
}
Event: 16.374 GC heap after
{Heap after GC invocations=32 (full 2):
 PSYoungGen      total 21504K, used 1528K [0x00000000d5580000, 0x00000000d7180000, 0x0000000100000000)
  eden space 19968K, 0% used [0x00000000d5580000,0x00000000d5580000,0x00000000d6900000)
  from space 1536K, 99% used [0x00000000d6d00000,0x00000000d6e7e200,0x00000000d6e80000)
  to   space 4096K, 0% used [0x00000000d6900000,0x00000000d6900000,0x00000000d6d00000)
 ParOldGen       total 68608K, used 47440K [0x0000000080000000, 0x0000000084300000, 0x00000000d5580000)
  object space 68608K, 69% used [0x0000000080000000,0x0000000082e54130,0x0000000084300000)
 Metaspace       used 54114K, committed 55296K, reserved 1114112K
  class space    used 5864K, committed 6336K, reserved 1048576K
}
Event: 16.498 GC heap before
{Heap before GC invocations=33 (full 2):
 PSYoungGen      total 21504K, used 21496K [0x00000000d5580000, 0x00000000d7180000, 0x0000000100000000)
  eden space 19968K, 100% used [0x00000000d5580000,0x00000000d6900000,0x00000000d6900000)
  from space 1536K, 99% used [0x00000000d6d00000,0x00000000d6e7e200,0x00000000d6e80000)
  to   space 4096K, 0% used [0x00000000d6900000,0x00000000d6900000,0x00000000d6d00000)
 ParOldGen       total 68608K, used 47440K [0x0000000080000000, 0x0000000084300000, 0x00000000d5580000)
  object space 68608K, 69% used [0x0000000080000000,0x0000000082e54130,0x0000000084300000)
 Metaspace       used 54267K, committed 55488K, reserved 1114112K
  class space    used 5878K, committed 6400K, reserved 1048576K
}
Event: 16.504 GC heap after
{Heap after GC invocations=33 (full 2):
 PSYoungGen      total 24064K, used 4095K [0x00000000d5580000, 0x00000000d7600000, 0x0000000100000000)
  eden space 19968K, 0% used [0x00000000d5580000,0x00000000d5580000,0x00000000d6900000)
  from space 4096K, 99% used [0x00000000d6900000,0x00000000d6cffc28,0x00000000d6d00000)
  to   space 6656K, 0% used [0x00000000d6f80000,0x00000000d6f80000,0x00000000d7600000)
 ParOldGen       total 68608K, used 49381K [0x0000000080000000, 0x0000000084300000, 0x00000000d5580000)
  object space 68608K, 71% used [0x0000000080000000,0x0000000083039548,0x0000000084300000)
 Metaspace       used 54267K, committed 55488K, reserved 1114112K
  class space    used 5878K, committed 6400K, reserved 1048576K
}
Event: 16.651 GC heap before
{Heap before GC invocations=34 (full 2):
 PSYoungGen      total 24064K, used 24063K [0x00000000d5580000, 0x00000000d7600000, 0x0000000100000000)
  eden space 19968K, 100% used [0x00000000d5580000,0x00000000d6900000,0x00000000d6900000)
  from space 4096K, 99% used [0x00000000d6900000,0x00000000d6cffc28,0x00000000d6d00000)
  to   space 6656K, 0% used [0x00000000d6f80000,0x00000000d6f80000,0x00000000d7600000)
 ParOldGen       total 68608K, used 49381K [0x0000000080000000, 0x0000000084300000, 0x00000000d5580000)
  object space 68608K, 71% used [0x0000000080000000,0x0000000083039548,0x0000000084300000)
 Metaspace       used 54269K, committed 55488K, reserved 1114112K
  class space    used 5878K, committed 6400K, reserved 1048576K
}
Event: 16.655 GC heap after
{Heap after GC invocations=34 (full 2):
 PSYoungGen      total 22528K, used 2412K [0x00000000d5580000, 0x00000000d7200000, 0x0000000100000000)
  eden space 19968K, 0% used [0x00000000d5580000,0x00000000d5580000,0x00000000d6900000)
  from space 2560K, 94% used [0x00000000d6f80000,0x00000000d71db008,0x00000000d7200000)
  to   space 4096K, 0% used [0x00000000d6a00000,0x00000000d6a00000,0x00000000d6e00000)
 ParOldGen       total 68608K, used 53379K [0x0000000080000000, 0x0000000084300000, 0x00000000d5580000)
  object space 68608K, 77% used [0x0000000080000000,0x0000000083420e60,0x0000000084300000)
 Metaspace       used 54269K, committed 55488K, reserved 1114112K
  class space    used 5878K, committed 6400K, reserved 1048576K
}
Event: 16.780 GC heap before
{Heap before GC invocations=35 (full 2):
 PSYoungGen      total 22528K, used 22380K [0x00000000d5580000, 0x00000000d7200000, 0x0000000100000000)
  eden space 19968K, 100% used [0x00000000d5580000,0x00000000d6900000,0x00000000d6900000)
  from space 2560K, 94% used [0x00000000d6f80000,0x00000000d71db008,0x00000000d7200000)
  to   space 4096K, 0% used [0x00000000d6a00000,0x00000000d6a00000,0x00000000d6e00000)
 ParOldGen       total 68608K, used 53379K [0x0000000080000000, 0x0000000084300000, 0x00000000d5580000)
  object space 68608K, 77% used [0x0000000080000000,0x0000000083420e60,0x0000000084300000)
 Metaspace       used 54271K, committed 55488K, reserved 1114112K
  class space    used 5878K, committed 6400K, reserved 1048576K
}
Event: 16.784 GC heap after
{Heap after GC invocations=35 (full 2):
 PSYoungGen      total 22528K, used 2488K [0x00000000d5580000, 0x00000000d7000000, 0x0000000100000000)
  eden space 19968K, 0% used [0x00000000d5580000,0x00000000d5580000,0x00000000d6900000)
  from space 2560K, 97% used [0x00000000d6a00000,0x00000000d6c6e008,0x00000000d6c80000)
  to   space 3072K, 0% used [0x00000000d6d00000,0x00000000d6d00000,0x00000000d7000000)
 ParOldGen       total 68608K, used 55396K [0x0000000080000000, 0x0000000084300000, 0x00000000d5580000)
  object space 68608K, 80% used [0x0000000080000000,0x0000000083619270,0x0000000084300000)
 Metaspace       used 54271K, committed 55488K, reserved 1114112K
  class space    used 5878K, committed 6400K, reserved 1048576K
}
Event: 16.882 GC heap before
{Heap before GC invocations=36 (full 2):
 PSYoungGen      total 22528K, used 22456K [0x00000000d5580000, 0x00000000d7000000, 0x0000000100000000)
  eden space 19968K, 100% used [0x00000000d5580000,0x00000000d6900000,0x00000000d6900000)
  from space 2560K, 97% used [0x00000000d6a00000,0x00000000d6c6e008,0x00000000d6c80000)
  to   space 3072K, 0% used [0x00000000d6d00000,0x00000000d6d00000,0x00000000d7000000)
 ParOldGen       total 68608K, used 55396K [0x0000000080000000, 0x0000000084300000, 0x00000000d5580000)
  object space 68608K, 80% used [0x0000000080000000,0x0000000083619270,0x0000000084300000)
 Metaspace       used 54271K, committed 55488K, reserved 1114112K
  class space    used 5878K, committed 6400K, reserved 1048576K
}
Event: 16.885 GC heap after
{Heap after GC invocations=36 (full 2):
 PSYoungGen      total 22528K, used 2080K [0x00000000d5580000, 0x00000000d6f80000, 0x0000000100000000)
  eden space 19968K, 0% used [0x00000000d5580000,0x00000000d5580000,0x00000000d6900000)
  from space 2560K, 81% used [0x00000000d6d00000,0x00000000d6f08000,0x00000000d6f80000)
  to   space 2560K, 0% used [0x00000000d6a00000,0x00000000d6a00000,0x00000000d6c80000)
 ParOldGen       total 68608K, used 57535K [0x0000000080000000, 0x0000000084300000, 0x00000000d5580000)
  object space 68608K, 83% used [0x0000000080000000,0x000000008382fd98,0x0000000084300000)
 Metaspace       used 54271K, committed 55488K, reserved 1114112K
  class space    used 5878K, committed 6400K, reserved 1048576K
}
Event: 16.965 GC heap before
{Heap before GC invocations=37 (full 2):
 PSYoungGen      total 22528K, used 22048K [0x00000000d5580000, 0x00000000d6f80000, 0x0000000100000000)
  eden space 19968K, 100% used [0x00000000d5580000,0x00000000d6900000,0x00000000d6900000)
  from space 2560K, 81% used [0x00000000d6d00000,0x00000000d6f08000,0x00000000d6f80000)
  to   space 2560K, 0% used [0x00000000d6a00000,0x00000000d6a00000,0x00000000d6c80000)
 ParOldGen       total 68608K, used 57535K [0x0000000080000000, 0x0000000084300000, 0x00000000d5580000)
  object space 68608K, 83% used [0x0000000080000000,0x000000008382fd98,0x0000000084300000)
 Metaspace       used 54271K, committed 55488K, reserved 1114112K
  class space    used 5878K, committed 6400K, reserved 1048576K
}
Event: 16.967 GC heap after
{Heap after GC invocations=37 (full 2):
 PSYoungGen      total 22528K, used 2130K [0x00000000d5580000, 0x00000000d6e00000, 0x0000000100000000)
  eden space 19968K, 0% used [0x00000000d5580000,0x00000000d5580000,0x00000000d6900000)
  from space 2560K, 83% used [0x00000000d6a00000,0x00000000d6c14808,0x00000000d6c80000)
  to   space 1536K, 0% used [0x00000000d6c80000,0x00000000d6c80000,0x00000000d6e00000)
 ParOldGen       total 68608K, used 59367K [0x0000000080000000, 0x0000000084300000, 0x00000000d5580000)
  object space 68608K, 86% used [0x0000000080000000,0x00000000839f9d98,0x0000000084300000)
 Metaspace       used 54271K, committed 55488K, reserved 1114112K
  class space    used 5878K, committed 6400K, reserved 1048576K
}

Dll operation events (12 events):
Event: 0.011 Loaded shared library c:\Users\Administrator\.trae-cn\extensions\redhat.java-1.47.0-win32-x64\jre\21.0.8-win32-x86_64\bin\java.dll
Event: 0.054 Loaded shared library c:\Users\Administrator\.trae-cn\extensions\redhat.java-1.47.0-win32-x64\jre\21.0.8-win32-x86_64\bin\zip.dll
Event: 0.171 Loaded shared library C:\Users\Administrator\.trae-cn\extensions\redhat.java-1.47.0-win32-x64\jre\21.0.8-win32-x86_64\bin\instrument.dll
Event: 0.182 Loaded shared library C:\Users\Administrator\.trae-cn\extensions\redhat.java-1.47.0-win32-x64\jre\21.0.8-win32-x86_64\bin\net.dll
Event: 0.185 Loaded shared library C:\Users\Administrator\.trae-cn\extensions\redhat.java-1.47.0-win32-x64\jre\21.0.8-win32-x86_64\bin\nio.dll
Event: 0.192 Loaded shared library C:\Users\Administrator\.trae-cn\extensions\redhat.java-1.47.0-win32-x64\jre\21.0.8-win32-x86_64\bin\zip.dll
Event: 0.244 Loaded shared library C:\Users\Administrator\.trae-cn\extensions\redhat.java-1.47.0-win32-x64\jre\21.0.8-win32-x86_64\bin\jimage.dll
Event: 0.409 Loaded shared library c:\Users\Administrator\.trae-cn\extensions\redhat.java-1.47.0-win32-x64\jre\21.0.8-win32-x86_64\bin\verify.dll
Event: 2.388 Loaded shared library C:\Users\Administrator\AppData\Roaming\Trae CN\User\globalStorage\redhat.java\1.47.0\config_win\org.eclipse.equinox.launcher\org.eclipse.equinox.launcher.win32.win32.x86_64_1.2.1400.v20250801-0854\eclipse_11916.dll
Event: 6.432 Loaded shared library C:\Users\Administrator\AppData\Local\Temp\jna-146731693\jna3900841102962214691.dll
Event: 11.948 Loaded shared library C:\Users\Administrator\.trae-cn\extensions\redhat.java-1.47.0-win32-x64\jre\21.0.8-win32-x86_64\bin\extnet.dll
Event: 12.074 Loaded shared library C:\Users\Administrator\.trae-cn\extensions\redhat.java-1.47.0-win32-x64\jre\21.0.8-win32-x86_64\bin\sunmscapi.dll

Deoptimization events (20 events):
Event: 16.953 Thread 0x00000199101faa60 DEOPT PACKING pc=0x00000198b4be5653 sp=0x0000001fd8ffede0
Event: 16.953 Thread 0x00000199101faa60 DEOPT UNPACKING pc=0x00000198bafb4242 sp=0x0000001fd8ffe348 mode 0
Event: 16.960 Thread 0x00000199101faa60 DEOPT PACKING pc=0x00000198b4be55d3 sp=0x0000001fd8ffede0
Event: 16.960 Thread 0x00000199101faa60 DEOPT UNPACKING pc=0x00000198bafb4242 sp=0x0000001fd8ffe348 mode 0
Event: 16.968 Thread 0x00000199101faa60 DEOPT PACKING pc=0x00000198b4be55d3 sp=0x0000001fd8ffede0
Event: 16.968 Thread 0x00000199101faa60 DEOPT UNPACKING pc=0x00000198bafb4242 sp=0x0000001fd8ffe348 mode 0
Event: 16.975 Thread 0x00000199101faa60 DEOPT PACKING pc=0x00000198b4be55d3 sp=0x0000001fd8ffede0
Event: 16.975 Thread 0x00000199101faa60 DEOPT UNPACKING pc=0x00000198bafb4242 sp=0x0000001fd8ffe348 mode 0
Event: 16.976 Thread 0x00000199101faa60 DEOPT PACKING pc=0x00000198b49e478a sp=0x0000001fd8ffedb0
Event: 16.976 Thread 0x00000199101faa60 DEOPT UNPACKING pc=0x00000198bafb4242 sp=0x0000001fd8ffe328 mode 0
Event: 17.000 Thread 0x00000199101faa60 DEOPT PACKING pc=0x00000198b49e478a sp=0x0000001fd8ffedb0
Event: 17.000 Thread 0x00000199101faa60 DEOPT UNPACKING pc=0x00000198bafb4242 sp=0x0000001fd8ffe328 mode 0
Event: 17.006 Thread 0x00000199101faa60 DEOPT PACKING pc=0x00000198b4be55d3 sp=0x0000001fd8ffede0
Event: 17.006 Thread 0x00000199101faa60 DEOPT UNPACKING pc=0x00000198bafb4242 sp=0x0000001fd8ffe348 mode 0
Event: 17.014 Thread 0x00000199101faa60 DEOPT PACKING pc=0x00000198b4be5653 sp=0x0000001fd8ffede0
Event: 17.014 Thread 0x00000199101faa60 DEOPT UNPACKING pc=0x00000198bafb4242 sp=0x0000001fd8ffe348 mode 0
Event: 17.015 Thread 0x00000199101faa60 DEOPT PACKING pc=0x00000198b49e478a sp=0x0000001fd8ffedb0
Event: 17.015 Thread 0x00000199101faa60 DEOPT UNPACKING pc=0x00000198bafb4242 sp=0x0000001fd8ffe328 mode 0
Event: 17.023 Thread 0x00000199101faa60 DEOPT PACKING pc=0x00000198b4be55d3 sp=0x0000001fd8ffede0
Event: 17.023 Thread 0x00000199101faa60 DEOPT UNPACKING pc=0x00000198bafb4242 sp=0x0000001fd8ffe348 mode 0

Classes loaded (20 events):
Event: 15.255 Loading class java/nio/ByteBufferAsIntBufferL
Event: 15.255 Loading class java/nio/ByteBufferAsIntBufferL done
Event: 15.263 Loading class jdk/internal/jimage/ImageReader$Directory
Event: 15.263 Loading class jdk/internal/jimage/ImageReader$Directory done
Event: 15.322 Loading class java/nio/file/FileTreeWalker$DirectoryNode
Event: 15.322 Loading class java/nio/file/FileTreeWalker$DirectoryNode done
Event: 15.323 Loading class java/nio/file/FileTreeWalker$Event
Event: 15.323 Loading class java/nio/file/FileTreeWalker$Event done
Event: 15.323 Loading class java/nio/file/FileTreeWalker$EventType
Event: 15.323 Loading class java/nio/file/FileTreeWalker$EventType done
Event: 15.323 Loading class java/nio/file/Files$3
Event: 15.323 Loading class java/nio/file/Files$3 done
Event: 15.323 Loading class java/nio/file/FileVisitResult
Event: 15.324 Loading class java/nio/file/FileVisitResult done
Event: 15.761 Loading class java/util/AbstractList$ListItr
Event: 15.761 Loading class java/util/AbstractList$ListItr done
Event: 15.780 Loading class java/nio/channels/Channels$ReadableByteChannelImpl
Event: 15.780 Loading class java/nio/channels/Channels$ReadableByteChannelImpl done
Event: 15.781 Loading class java/nio/channels/NonWritableChannelException
Event: 15.781 Loading class java/nio/channels/NonWritableChannelException done

Classes unloaded (9 events):
Event: 7.593 Thread 0x00000198c73a42b0 Unloading class 0x00000198c91b0800 'java/lang/invoke/LambdaForm$MH+0x00000198c91b0800'
Event: 7.593 Thread 0x00000198c73a42b0 Unloading class 0x00000198c91b0400 'java/lang/invoke/LambdaForm$MH+0x00000198c91b0400'
Event: 7.593 Thread 0x00000198c73a42b0 Unloading class 0x00000198c91b0000 'java/lang/invoke/LambdaForm$MH+0x00000198c91b0000'
Event: 7.593 Thread 0x00000198c73a42b0 Unloading class 0x00000198c91afc00 'java/lang/invoke/LambdaForm$MH+0x00000198c91afc00'
Event: 7.593 Thread 0x00000198c73a42b0 Unloading class 0x00000198c91af800 'java/lang/invoke/LambdaForm$BMH+0x00000198c91af800'
Event: 7.593 Thread 0x00000198c73a42b0 Unloading class 0x00000198c91af400 'java/lang/invoke/LambdaForm$DMH+0x00000198c91af400'
Event: 7.593 Thread 0x00000198c73a42b0 Unloading class 0x00000198c91ae400 'java/lang/invoke/LambdaForm$DMH+0x00000198c91ae400'
Event: 10.802 Thread 0x00000198c73a42b0 Unloading class 0x00000198c92f9800 'java/lang/invoke/LambdaForm$MH+0x00000198c92f9800'
Event: 10.802 Thread 0x00000198c73a42b0 Unloading class 0x00000198c92f8c00 'java/lang/invoke/LambdaForm$MH+0x00000198c92f8c00'

Classes redefined (0 events):
No events

Internal exceptions (20 events):
Event: 15.443 Thread 0x00000199101faa60 Exception <a 'sun/nio/fs/WindowsException'{0x00000000d5614cc0}> (0x00000000d5614cc0) 
thrown [s\src\hotspot\share\prims\jni.cpp, line 520]
Event: 15.596 Thread 0x00000199101faa60 Exception <a 'sun/nio/fs/WindowsException'{0x00000000d679e140}> (0x00000000d679e140) 
thrown [s\src\hotspot\share\prims\jni.cpp, line 520]
Event: 15.628 Thread 0x00000199101faa60 Exception <a 'sun/nio/fs/WindowsException'{0x00000000d57215b8}> (0x00000000d57215b8) 
thrown [s\src\hotspot\share\prims\jni.cpp, line 520]
Event: 15.709 Thread 0x00000199101faa60 Exception <a 'sun/nio/fs/WindowsException'{0x00000000d6151230}> (0x00000000d6151230) 
thrown [s\src\hotspot\share\prims\jni.cpp, line 520]
Event: 15.762 Thread 0x00000199101faa60 Exception <a 'sun/nio/fs/WindowsException'{0x00000000d6477ad0}> (0x00000000d6477ad0) 
thrown [s\src\hotspot\share\prims\jni.cpp, line 520]
Event: 15.790 Thread 0x00000199101faa60 Exception <a 'sun/nio/fs/WindowsException'{0x00000000d6552408}> (0x00000000d6552408) 
thrown [s\src\hotspot\share\prims\jni.cpp, line 520]
Event: 15.866 Thread 0x00000199101faa60 Exception <a 'sun/nio/fs/WindowsException'{0x00000000d5d1b810}> (0x00000000d5d1b810) 
thrown [s\src\hotspot\share\prims\jni.cpp, line 520]
Event: 15.896 Thread 0x00000199101faa60 Exception <a 'sun/nio/fs/WindowsException'{0x00000000d6469428}> (0x00000000d6469428) 
thrown [s\src\hotspot\share\prims\jni.cpp, line 520]
Event: 15.960 Thread 0x00000199101faa60 Exception <a 'sun/nio/fs/WindowsException'{0x00000000d59c7e80}> (0x00000000d59c7e80) 
thrown [s\src\hotspot\share\prims\jni.cpp, line 520]
Event: 15.999 Thread 0x00000199101faa60 Exception <a 'sun/nio/fs/WindowsException'{0x00000000d6562840}> (0x00000000d6562840) 
thrown [s\src\hotspot\share\prims\jni.cpp, line 520]
Event: 16.074 Thread 0x00000199101faa60 Exception <a 'sun/nio/fs/WindowsException'{0x00000000d5fd33a0}> (0x00000000d5fd33a0) 
thrown [s\src\hotspot\share\prims\jni.cpp, line 520]
Event: 16.098 Thread 0x00000199101faa60 Exception <a 'sun/nio/fs/WindowsException'{0x00000000d6649370}> (0x00000000d6649370) 
thrown [s\src\hotspot\share\prims\jni.cpp, line 520]
Event: 16.143 Thread 0x00000199101faa60 Exception <a 'sun/nio/fs/WindowsException'{0x00000000d598f7b8}> (0x00000000d598f7b8) 
thrown [s\src\hotspot\share\prims\jni.cpp, line 520]
Event: 16.185 Thread 0x00000199101faa60 Exception <a 'sun/nio/fs/WindowsException'{0x00000000d5feb858}> (0x00000000d5feb858) 
thrown [s\src\hotspot\share\prims\jni.cpp, line 520]
Event: 16.210 Thread 0x00000199101faa60 Exception <a 'sun/nio/fs/WindowsException'{0x00000000d634bd38}> (0x00000000d634bd38) 
thrown [s\src\hotspot\share\prims\jni.cpp, line 520]
Event: 16.243 Thread 0x00000199101faa60 Exception <a 'sun/nio/fs/WindowsException'{0x00000000d670e1a0}> (0x00000000d670e1a0) 
thrown [s\src\hotspot\share\prims\jni.cpp, line 520]
Event: 16.286 Thread 0x00000199101faa60 Exception <a 'sun/nio/fs/WindowsException'{0x00000000d5a2df30}> (0x00000000d5a2df30) 
thrown [s\src\hotspot\share\prims\jni.cpp, line 520]
Event: 16.334 Thread 0x00000199101faa60 Exception <a 'sun/nio/fs/WindowsException'{0x00000000d6081e20}> (0x00000000d6081e20) 
thrown [s\src\hotspot\share\prims\jni.cpp, line 520]
Event: 16.396 Thread 0x00000199101faa60 Exception <a 'sun/nio/fs/WindowsException'{0x00000000d58b5138}> (0x00000000d58b5138) 
thrown [s\src\hotspot\share\prims\jni.cpp, line 520]
Event: 16.421 Thread 0x00000199101faa60 Exception <a 'sun/nio/fs/WindowsException'{0x00000000d5a46cb8}> (0x00000000d5a46cb8) 
thrown [s\src\hotspot\share\prims\jni.cpp, line 520]

ZGC Phase Switch (0 events):
No events

VM Operations (20 events):
Event: 16.032 Executing VM operation: ParallelGCFailedAllocation (Allocation Failure)
Event: 16.032 Executing VM operation: ParallelGCFailedAllocation (Allocation Failure) done
Event: 16.034 Executing VM operation: ParallelGCSystemGC (GCLocker Initiated GC)
Event: 16.038 Executing VM operation: ParallelGCSystemGC (GCLocker Initiated GC) done
Event: 16.115 Executing VM operation: ParallelGCFailedAllocation (Allocation Failure)
Event: 16.120 Executing VM operation: ParallelGCFailedAllocation (Allocation Failure) done
Event: 16.248 Executing VM operation: ParallelGCFailedAllocation (Allocation Failure)
Event: 16.256 Executing VM operation: ParallelGCFailedAllocation (Allocation Failure) done
Event: 16.368 Executing VM operation: ParallelGCFailedAllocation (Allocation Failure)
Event: 16.374 Executing VM operation: ParallelGCFailedAllocation (Allocation Failure) done
Event: 16.498 Executing VM operation: ParallelGCFailedAllocation (Allocation Failure)
Event: 16.505 Executing VM operation: ParallelGCFailedAllocation (Allocation Failure) done
Event: 16.651 Executing VM operation: ParallelGCFailedAllocation (Allocation Failure)
Event: 16.655 Executing VM operation: ParallelGCFailedAllocation (Allocation Failure) done
Event: 16.780 Executing VM operation: ParallelGCFailedAllocation (Allocation Failure)
Event: 16.784 Executing VM operation: ParallelGCFailedAllocation (Allocation Failure) done
Event: 16.882 Executing VM operation: ParallelGCFailedAllocation (Allocation Failure)
Event: 16.885 Executing VM operation: ParallelGCFailedAllocation (Allocation Failure) done
Event: 16.965 Executing VM operation: ParallelGCFailedAllocation (Allocation Failure)
Event: 16.967 Executing VM operation: ParallelGCFailedAllocation (Allocation Failure) done

Memory protections (0 events):
No events

Nmethod flushes (20 events):
Event: 10.839 Thread 0x00000198c73a42b0 flushing  nmethod 0x00000198b41f5d10
Event: 10.839 Thread 0x00000198c73a42b0 flushing  nmethod 0x00000198b41f8f90
Event: 10.839 Thread 0x00000198c73a42b0 flushing  nmethod 0x00000198b4218a90
Event: 10.839 Thread 0x00000198c73a42b0 flushing  nmethod 0x00000198b4218e90
Event: 10.839 Thread 0x00000198c73a42b0 flushing  nmethod 0x00000198b4219790
Event: 10.839 Thread 0x00000198c73a42b0 flushing  nmethod 0x00000198b421a990
Event: 10.839 Thread 0x00000198c73a42b0 flushing  nmethod 0x00000198b421b190
Event: 10.839 Thread 0x00000198c73a42b0 flushing  nmethod 0x00000198b421b910
Event: 10.839 Thread 0x00000198c73a42b0 flushing  nmethod 0x00000198b421ce90
Event: 10.839 Thread 0x00000198c73a42b0 flushing  nmethod 0x00000198b421d390
Event: 10.839 Thread 0x00000198c73a42b0 flushing  nmethod 0x00000198b421e310
Event: 10.839 Thread 0x00000198c73a42b0 flushing  nmethod 0x00000198b421e790
Event: 10.839 Thread 0x00000198c73a42b0 flushing  nmethod 0x00000198b421ec90
Event: 10.839 Thread 0x00000198c73a42b0 flushing  nmethod 0x00000198b4221090
Event: 10.839 Thread 0x00000198c73a42b0 flushing  nmethod 0x00000198b4221790
Event: 10.839 Thread 0x00000198c73a42b0 flushing  nmethod 0x00000198b422c390
Event: 10.839 Thread 0x00000198c73a42b0 flushing  nmethod 0x00000198b4269810
Event: 10.839 Thread 0x00000198c73a42b0 flushing  nmethod 0x00000198b4289610
Event: 10.839 Thread 0x00000198c73a42b0 flushing  nmethod 0x00000198b4295510
Event: 10.839 Thread 0x00000198c73a42b0 flushing  nmethod 0x00000198b42e6490

Events (20 events):
Event: 11.936 Thread 0x00000198b09156e0 Thread added: 0x00000199120e8230
Event: 12.454 Thread 0x0000019909a66fa0 Thread added: 0x00000199157cc8f0
Event: 12.540 Thread 0x0000019909a66fa0 Thread added: 0x00000199125f9660
Event: 12.776 Thread 0x00000199125f9660 Thread exited: 0x00000199125f9660
Event: 13.117 Thread 0x00000198b09156e0 Thread added: 0x00000199120e6e80
Event: 13.119 Thread 0x00000198b09156e0 Thread added: 0x00000199120e2650
Event: 13.180 Thread 0x0000019909a66fa0 Thread added: 0x00000199101313e0
Event: 13.238 Thread 0x00000199101313e0 Thread added: 0x0000019911850950
Event: 13.238 Thread 0x00000199101313e0 Thread added: 0x000001991006d530
Event: 14.558 Thread 0x00000199101fd1c0 Thread added: 0x00000199120e2ce0
Event: 14.559 Thread 0x00000199120e2ce0 Thread exited: 0x00000199120e2ce0
Event: 14.675 Thread 0x000001991006d530 Thread exited: 0x000001991006d530
Event: 14.732 Thread 0x0000019911850950 Thread exited: 0x0000019911850950
Event: 14.732 Thread 0x00000199123b5ad0 Thread exited: 0x00000199123b5ad0
Event: 15.235 Thread 0x00000199101fd1c0 Thread added: 0x00000199120e95e0
Event: 15.384 Thread 0x0000019909a66fa0 Thread added: 0x000001990bbf8270
Event: 15.649 Thread 0x0000019909a66fa0 Thread added: 0x0000019914f09d10
Event: 15.649 Thread 0x0000019909a66fa0 Thread added: 0x0000019915f36c30
Event: 15.695 Thread 0x000001990bc0c930 Thread added: 0x0000019914198260
Event: 16.942 Thread 0x0000019914198260 Thread exited: 0x0000019914198260


Dynamic libraries:
0x00007ff7cc370000 - 0x00007ff7cc37e000 	c:\Users\Administrator\.trae-cn\extensions\redhat.java-1.47.0-win32-x64\jre\21.0.8-win32-x86_64\bin\java.exe
0x00007ff92d9a0000 - 0x00007ff92dba9000 	C:\Windows\SYSTEM32\ntdll.dll
0x00007ff92cc00000 - 0x00007ff92ccbe000 	C:\Windows\System32\KERNEL32.DLL
0x00007ff92b270000 - 0x00007ff92b5eb000 	C:\Windows\System32\KERNELBASE.dll
0x00007ff92aef0000 - 0x00007ff92b001000 	C:\Windows\System32\ucrtbase.dll
0x00007ff8df790000 - 0x00007ff8df7a8000 	c:\Users\Administrator\.trae-cn\extensions\redhat.java-1.47.0-win32-x64\jre\21.0.8-win32-x86_64\bin\jli.dll
0x00007ff8dff40000 - 0x00007ff8dff5e000 	c:\Users\Administrator\.trae-cn\extensions\redhat.java-1.47.0-win32-x64\jre\21.0.8-win32-x86_64\bin\VCRUNTIME140.dll
0x00007ff92bfd0000 - 0x00007ff92c17d000 	C:\Windows\System32\USER32.dll
0x00007ff91b150000 - 0x00007ff91b3f5000 	C:\Windows\WinSxS\amd64_microsoft.windows.common-controls_6595b64144ccf1df_6.0.22000.120_none_9d947278b86cc467\COMCTL32.dll
0x00007ff92b240000 - 0x00007ff92b266000 	C:\Windows\System32\win32u.dll
0x00007ff92b940000 - 0x00007ff92b9e3000 	C:\Windows\System32\msvcrt.dll
0x00007ff92d2f0000 - 0x00007ff92d319000 	C:\Windows\System32\GDI32.dll
0x00007ff92b010000 - 0x00007ff92b128000 	C:\Windows\System32\gdi32full.dll
0x00007ff92b130000 - 0x00007ff92b1cd000 	C:\Windows\System32\msvcp_win.dll
0x00007ff92d230000 - 0x00007ff92d262000 	C:\Windows\System32\IMM32.DLL
0x00007ff8ec8f0000 - 0x00007ff8ec8fc000 	c:\Users\Administrator\.trae-cn\extensions\redhat.java-1.47.0-win32-x64\jre\21.0.8-win32-x86_64\bin\vcruntime140_1.dll
0x00007ff8ba0e0000 - 0x00007ff8ba16d000 	c:\Users\Administrator\.trae-cn\extensions\redhat.java-1.47.0-win32-x64\jre\21.0.8-win32-x86_64\bin\msvcp140.dll
0x00007ff8a51b0000 - 0x00007ff8a5f47000 	c:\Users\Administrator\.trae-cn\extensions\redhat.java-1.47.0-win32-x64\jre\21.0.8-win32-x86_64\bin\server\jvm.dll
0x00007ff92b9f0000 - 0x00007ff92ba9e000 	C:\Windows\System32\ADVAPI32.dll
0x00007ff92c9e0000 - 0x00007ff92ca7e000 	C:\Windows\System32\sechost.dll
0x00007ff92b820000 - 0x00007ff92b940000 	C:\Windows\System32\RPCRT4.dll
0x00007ff92d280000 - 0x00007ff92d2ef000 	C:\Windows\System32\WS2_32.dll
0x00007ff92ad40000 - 0x00007ff92ad8d000 	C:\Windows\SYSTEM32\POWRPROF.dll
0x00007ff91b950000 - 0x00007ff91b983000 	C:\Windows\SYSTEM32\WINMM.dll
0x00007ff926ae0000 - 0x00007ff926aea000 	C:\Windows\SYSTEM32\VERSION.dll
0x00007ff92ad20000 - 0x00007ff92ad33000 	C:\Windows\SYSTEM32\UMPDC.dll
0x00007ff929ef0000 - 0x00007ff929f08000 	C:\Windows\SYSTEM32\kernel.appcore.dll
0x00007ff8ebee0000 - 0x00007ff8ebeea000 	c:\Users\Administrator\.trae-cn\extensions\redhat.java-1.47.0-win32-x64\jre\21.0.8-win32-x86_64\bin\jimage.dll
0x00007ff9287f0000 - 0x00007ff928a11000 	C:\Windows\SYSTEM32\DBGHELP.DLL
0x00007ff8e1900000 - 0x00007ff8e1931000 	C:\Windows\SYSTEM32\dbgcore.DLL
0x00007ff92ae70000 - 0x00007ff92aeef000 	C:\Windows\System32\bcryptPrimitives.dll
0x00007ff8e93a0000 - 0x00007ff8e93af000 	c:\Users\Administrator\.trae-cn\extensions\redhat.java-1.47.0-win32-x64\jre\21.0.8-win32-x86_64\bin\instrument.dll
0x00007ff8d8a90000 - 0x00007ff8d8aaf000 	c:\Users\Administrator\.trae-cn\extensions\redhat.java-1.47.0-win32-x64\jre\21.0.8-win32-x86_64\bin\java.dll
0x00007ff92c190000 - 0x00007ff92c947000 	C:\Windows\System32\SHELL32.dll
0x00007ff928f60000 - 0x00007ff9297c5000 	C:\Windows\SYSTEM32\windows.storage.dll
0x00007ff92cea0000 - 0x00007ff92d218000 	C:\Windows\System32\combase.dll
0x00007ff928df0000 - 0x00007ff928f56000 	C:\Windows\SYSTEM32\wintypes.dll
0x00007ff92d870000 - 0x00007ff92d95a000 	C:\Windows\System32\SHCORE.dll
0x00007ff92bd10000 - 0x00007ff92bd6d000 	C:\Windows\System32\shlwapi.dll
0x00007ff92ada0000 - 0x00007ff92adc1000 	C:\Windows\SYSTEM32\profapi.dll
0x00007ff8d60a0000 - 0x00007ff8d60b8000 	c:\Users\Administrator\.trae-cn\extensions\redhat.java-1.47.0-win32-x64\jre\21.0.8-win32-x86_64\bin\zip.dll
0x00007ff8e8500000 - 0x00007ff8e8510000 	C:\Users\Administrator\.trae-cn\extensions\redhat.java-1.47.0-win32-x64\jre\21.0.8-win32-x86_64\bin\net.dll
0x00007ff9266d0000 - 0x00007ff9267e4000 	C:\Windows\SYSTEM32\WINHTTP.dll
0x00007ff92a390000 - 0x00007ff92a3f7000 	C:\Windows\system32\mswsock.dll
0x00007ff8d5410000 - 0x00007ff8d5426000 	C:\Users\Administrator\.trae-cn\extensions\redhat.java-1.47.0-win32-x64\jre\21.0.8-win32-x86_64\bin\nio.dll
0x00007ff8e8490000 - 0x00007ff8e84a0000 	c:\Users\Administrator\.trae-cn\extensions\redhat.java-1.47.0-win32-x64\jre\21.0.8-win32-x86_64\bin\verify.dll
0x00007ff8b56c0000 - 0x00007ff8b5704000 	C:\Users\Administrator\AppData\Roaming\Trae CN\User\globalStorage\redhat.java\1.47.0\config_win\org.eclipse.equinox.launcher\org.eclipse.equinox.launcher.win32.win32.x86_64_1.2.1400.v20250801-0854\eclipse_11916.dll
0x00007ff92bb70000 - 0x00007ff92bd0a000 	C:\Windows\System32\ole32.dll
0x00007ff92a5d0000 - 0x00007ff92a5e8000 	C:\Windows\SYSTEM32\CRYPTSP.dll
0x00007ff929e50000 - 0x00007ff929e85000 	C:\Windows\system32\rsaenh.dll
0x00007ff92a480000 - 0x00007ff92a4a9000 	C:\Windows\SYSTEM32\USERENV.dll
0x00007ff92a760000 - 0x00007ff92a787000 	C:\Windows\SYSTEM32\bcrypt.dll
0x00007ff92a5f0000 - 0x00007ff92a5fc000 	C:\Windows\SYSTEM32\CRYPTBASE.dll
0x00007ff929a20000 - 0x00007ff929a4d000 	C:\Windows\SYSTEM32\IPHLPAPI.DLL
0x00007ff92bf40000 - 0x00007ff92bf49000 	C:\Windows\System32\NSI.dll
0x00007ff8b9da0000 - 0x00007ff8b9de9000 	C:\Users\Administrator\AppData\Local\Temp\jna-146731693\jna3900841102962214691.dll
0x00007ff92d220000 - 0x00007ff92d228000 	C:\Windows\System32\PSAPI.DLL
0x00007ff925f60000 - 0x00007ff925f79000 	C:\Windows\SYSTEM32\dhcpcsvc6.DLL
0x00007ff9270e0000 - 0x00007ff9270fe000 	C:\Windows\SYSTEM32\dhcpcsvc.DLL
0x00007ff8e3ee0000 - 0x00007ff8e3ee9000 	C:\Users\Administrator\.trae-cn\extensions\redhat.java-1.47.0-win32-x64\jre\21.0.8-win32-x86_64\bin\extnet.dll
0x00007ff8e7680000 - 0x00007ff8e768e000 	C:\Users\Administrator\.trae-cn\extensions\redhat.java-1.47.0-win32-x64\jre\21.0.8-win32-x86_64\bin\sunmscapi.dll
0x00007ff92b6b0000 - 0x00007ff92b812000 	C:\Windows\System32\CRYPT32.dll
0x00007ff92a730000 - 0x00007ff92a758000 	C:\Windows\SYSTEM32\ncrypt.dll
0x00007ff92a6f0000 - 0x00007ff92a727000 	C:\Windows\SYSTEM32\NTASN1.dll

JVMTI agents:
c:\Users\Administrator\.trae-cn\extensions\redhat.java-1.47.0-win32-x64\lombok\lombok-1.18.39-4050.jar path:c:\Users\Administrator\.trae-cn\extensions\redhat.java-1.47.0-win32-x64\jre\21.0.8-win32-x86_64\bin\instrument.dll, loaded, initialized, instrumentlib options:none

dbghelp: loaded successfully - version: 4.0.5 - missing functions: none
symbol engine: initialized successfully - sym options: 0x614 - pdb path: .;c:\Users\Administrator\.trae-cn\extensions\redhat.java-1.47.0-win32-x64\jre\21.0.8-win32-x86_64\bin;C:\Windows\SYSTEM32;C:\Windows\WinSxS\amd64_microsoft.windows.common-controls_6595b64144ccf1df_6.0.22000.120_none_9d947278b86cc467;c:\Users\Administrator\.trae-cn\extensions\redhat.java-1.47.0-win32-x64\jre\21.0.8-win32-x86_64\bin\server;C:\Users\Administrator\AppData\Roaming\Trae CN\User\globalStorage\redhat.java\1.47.0\config_win\org.eclipse.equinox.launcher\org.eclipse.equinox.launcher.win32.win32.x86_64_1.2.1400.v20250801-0854;C:\Users\Administrator\AppData\Local\Temp\jna-146731693

VM Arguments:
jvm_args: --add-modules=ALL-SYSTEM --add-opens=java.base/java.util=ALL-UNNAMED --add-opens=java.base/java.lang=ALL-UNNAMED --add-opens=java.base/sun.nio.fs=ALL-UNNAMED -Declipse.application=org.eclipse.jdt.ls.core.id1 -Dosgi.bundles.defaultStartLevel=4 -Declipse.product=org.eclipse.jdt.ls.core.product -Djava.import.generatesMetadataFilesAtProjectRoot=false -DDetectVMInstallationsJob.disabled=true -Dfile.encoding=utf8 -XX:+UseParallelGC -XX:GCTimeRatio=4 -XX:AdaptiveSizePolicyWeight=90 -Dsun.zip.disableMemoryMapping=true -Xmx2G -Xms100m -Xlog:disable -javaagent:c:\Users\Administrator\.trae-cn\extensions\redhat.java-1.47.0-win32-x64\lombok\lombok-1.18.39-4050.jar -XX:+HeapDumpOnOutOfMemoryError -XX:HeapDumpPath=c:\Users\Administrator\AppData\Roaming\Trae CN\User\workspaceStorage\e4a04282005564b2607c75b1cf6fb7fe\redhat.java -Daether.dependencyCollector.impl=bf 
java_command: c:\Users\Administrator\.trae-cn\extensions\redhat.java-1.47.0-win32-x64\server\plugins\org.eclipse.equinox.launcher_1.7.100.v20251014-1222.jar -configuration c:\Users\Administrator\AppData\Roaming\Trae CN\User\globalStorage\redhat.java\1.47.0\config_win -data c:\Users\Administrator\AppData\Roaming\Trae CN\User\workspaceStorage\e4a04282005564b2607c75b1cf6fb7fe\redhat.java\jdt_ws --pipe=\\.\pipe\lsp-47cf51fb72032a1f43723bbd81a3a45e-sock
java_class_path (initial): c:\Users\Administrator\.trae-cn\extensions\redhat.java-1.47.0-win32-x64\server\plugins\org.eclipse.equinox.launcher_1.7.100.v20251014-1222.jar
Launcher Type: SUN_STANDARD

[Global flags]
    uintx AdaptiveSizePolicyWeight                 = 90                                        {product} {command line}
     intx CICompilerCount                          = 12                                        {product} {ergonomic}
    uintx GCTimeRatio                              = 4                                         {product} {command line}
     bool HeapDumpOnOutOfMemoryError               = true                                   {manageable} {command line}
    ccstr HeapDumpPath                             = c:\Users\Administrator\AppData\Roaming\Trae CN\User\workspaceStorage\e4a04282005564b2607c75b1cf6fb7fe\redhat.java         {manageable} {command line}
   size_t InitialHeapSize                          = 104857600                                 {product} {command line}
   size_t MaxHeapSize                              = 2147483648                                {product} {command line}
   size_t MaxNewSize                               = 715653120                                 {product} {ergonomic}
   size_t MinHeapDeltaBytes                        = 524288                                    {product} {ergonomic}
   size_t MinHeapSize                              = 104857600                                 {product} {command line}
   size_t NewSize                                  = 34603008                                  {product} {ergonomic}
    uintx NonNMethodCodeHeapSize                   = 7602480                                {pd product} {ergonomic}
    uintx NonProfiledCodeHeapSize                  = 122027880                              {pd product} {ergonomic}
   size_t OldSize                                  = 70254592                                  {product} {ergonomic}
    uintx ProfiledCodeHeapSize                     = 122027880                              {pd product} {ergonomic}
    uintx ReservedCodeCacheSize                    = 251658240                              {pd product} {ergonomic}
     bool SegmentedCodeCache                       = true                                      {product} {ergonomic}
   size_t SoftMaxHeapSize                          = 2147483648                             {manageable} {ergonomic}
     bool UseCompressedOops                        = true                           {product lp64_product} {ergonomic}
     bool UseLargePagesIndividualAllocation        = false                                  {pd product} {ergonomic}
     bool UseParallelGC                            = true                                      {product} {command line}

Logging:
Log output configuration:
 #0: stdout all=off uptime,level,tags foldmultilines=false
 #1: stderr all=off uptime,level,tags foldmultilines=false

Environment Variables:
JAVA_HOME=E:\Program Files\Eclipse Adoptium\jdk-17.0.16.8-hotspot
PATH=C:\Users\Administrator\.trae-cn\tools\gradle\latest\bin;E:\Program Files\Eclipse Adoptium\jdk-17.0.16.8-hotspot\bin;C:\Users\Administrator\.trae-cn\tools\maven\latest\bin;E:\Program Files\Eclipse Adoptium\jdk-17.0.16.8-hotspot\bin;C:\Program Files (x86)\Common Files\Intel\Shared Libraries\redist\intel64\compiler;C:\Program Files\Zulu\zulu-8\bin\;C:\Program Files\Python39\Scripts\;C:\Program Files\Python39\;C:\windows\system32;C:\windows;C:\windows\System32\Wbem;C:\windows\System32\WindowsPowerShell\v1.0\;C:\windows\System32\OpenSSH\;C:\Program Files (x86)\NVIDIA Corporation\PhysX\Common;E:\ - \\;;C:\Program File;\NVIDIA Corporation\NVIDIA NvDLISR;C:\Program Files\dotnet\;E:\Program Files\nodejs\;E:\Program Files\Git\cmd;E:\Program Files\CMake\bin;E:\Program Files (x86)\blur;;E:\Program Files\Git LFS;C:\Users\Administrator\AppData\Local\Programs\Python\Python312\Scripts\;C:\Users\Administrator\AppData\Local\Programs\Python\Python312\;C:\Users\Administrator\AppData\Local\Microsoft\WindowsApps;D:\Program Files\cpolar\;E:\Program Files\JetBrains\IntelliJ IDEA 2023.2.2\bin;C:\Program Files\cpolar\;E:\Fiddler Web Debugger(5.0.20192.25092);C:\Users\Administrator\AppData\Roaming\npm;C:\Users\Administrator\.bun\bin;C:\Users\Administrator\AppData\Local\GitHubDesktop\bin;E:\Program Files (x86)\Nmap;E:\apache-maven-3.9.11\bin;;E:\Program Files\JetBrains\IntelliJ IDEA 2024.1\bin;;E:\Users\Administrator\AppData\Local\Programs\Microsoft VS Code\bin;e:\Users\Administrator\AppData\Local\Programs\Trae CN\resources\app\bin\lib
USERNAME=Administrator
OS=Windows_NT
PROCESSOR_IDENTIFIER=Intel64 Family 6 Model 62 Stepping 4, GenuineIntel
TMP=C:\Users\ADMINI~1\AppData\Local\Temp
TEMP=C:\Users\ADMINI~1\AppData\Local\Temp




Periodic native trim disabled

---------------  S Y S T E M  ---------------

OS:
 Windows 11 , 64 bit Build 22000 (10.0.22000.1335)
OS uptime: 0 days 8:13 hours

CPU: total 20 (initial active 20) (10 cores per cpu, 2 threads per core) family 6 model 62 stepping 4 microcode 0x42e, cx8, cmov, fxsr, ht, mmx, sse, sse2, sse3, ssse3, sse4.1, sse4.2, popcnt, tsc, tscinvbit, avx, aes, erms, clmul, vzeroupper, clflush, rdtscp, f16c
Processor Information for the first 20 processors :
  Max Mhz: 2501, Current Mhz: 2501, Mhz Limit: 2501

Memory: 4k page, system-wide physical 14268M (5462M free)
TotalPageFile size 19058M (AvailPageFile size 6M)
current process WorkingSet (physical memory assigned to process): 334M, peak: 334M
current process commit charge ("private bytes"): 427M, peak: 1723M

vm_info: OpenJDK 64-Bit Server VM (21.0.8+9-LTS) for windows-amd64 JRE (21.0.8+9-LTS), built on 2025-07-15T00:00:00Z by "admin" with MS VC++ 17.7 (VS2022)

END.
