#
# There is insufficient memory for the Java Runtime Environment to continue.
# Native memory allocation (malloc) failed to allocate 2349696 bytes. Error detail: Chunk::new
# Possible reasons:
#   The system is out of physical RAM or swap space
#   This process is running with CompressedOops enabled, and the Java Heap may be blocking the growth of the native heap
# Possible solutions:
#   Reduce memory load on the system
#   Increase physical memory or swap space
#   Check if swap backing store is full
#   Decrease Java heap size (-Xmx/-Xms)
#   Decrease number of Java threads
#   Decrease Java thread stack sizes (-Xss)
#   Set larger code cache with -XX:ReservedCodeCacheSize=
#   JVM is running with Unscaled Compressed Oops mode in which the Java heap is
#     placed in the first 4GB address space. The Java Heap base address is the
#     maximum limit for the native heap growth. Please use -XX:HeapBaseMinAddress
#     to set the Java Heap base and to place the Java Heap above 4GB virtual address.
# This output file may be truncated or incomplete.
#
#  Out of Memory Error (arena.cpp:168), pid=28080, tid=29936
#
# JRE version: OpenJDK Runtime Environment Temurin-21.0.8+9 (21.0.8+9) (build 21.0.8+9-LTS)
# Java VM: OpenJDK 64-Bit Server VM Temurin-21.0.8+9 (21.0.8+9-LTS, mixed mode, sharing, tiered, compressed oops, compressed class ptrs, parallel gc, windows-amd64)
# No core dump will be written. Minidumps are not enabled by default on client versions of Windows
#

---------------  S U M M A R Y ------------

Command Line: --add-modules=ALL-SYSTEM --add-opens=java.base/java.util=ALL-UNNAMED --add-opens=java.base/java.lang=ALL-UNNAMED --add-opens=java.base/sun.nio.fs=ALL-UNNAMED -Declipse.application=org.eclipse.jdt.ls.core.id1 -Dosgi.bundles.defaultStartLevel=4 -Declipse.product=org.eclipse.jdt.ls.core.product -Djava.import.generatesMetadataFilesAtProjectRoot=false -DDetectVMInstallationsJob.disabled=true -Dfile.encoding=utf8 -XX:+UseParallelGC -XX:GCTimeRatio=4 -XX:AdaptiveSizePolicyWeight=90 -Dsun.zip.disableMemoryMapping=true -Xmx2G -Xms100m -Xlog:disable -javaagent:c:\Users\Administrator\.vscode\extensions\redhat.java-1.47.0-win32-x64\lombok\lombok-1.18.39-4050.jar -XX:+HeapDumpOnOutOfMemoryError -XX:HeapDumpPath=c:\Users\Administrator\AppData\Roaming\Code\User\workspaceStorage\e4a04282005564b2607c75b1cf6fb7fe\redhat.java -Daether.dependencyCollector.impl=bf c:\Users\Administrator\.vscode\extensions\redhat.java-1.47.0-win32-x64\server\plugins\org.eclipse.equinox.launcher_1.7.100.v20251014-1222.jar -configuration c:\Users\Administrator\AppData\Roaming\Code\User\globalStorage\redhat.java\1.47.0\config_win -data c:\Users\Administrator\AppData\Roaming\Code\User\workspaceStorage\e4a04282005564b2607c75b1cf6fb7fe\redhat.java\jdt_ws --pipe=\\.\pipe\lsp-25554c9bdfa3651c5ed86b8b6b8f1ace-sock

Host: Intel(R) Xeon(R) CPU E5-2670 v2 @ 2.50GHz, 20 cores, 13G,  Windows 11 , 64 bit Build 22000 (10.0.22000.1335)
Time: Fri Nov  7 22:19:38 2025 elapsed time: 118.930356 seconds (0d 0h 1m 58s)

---------------  T H R E A D  ---------------

Current thread (0x000002080380ad80):  JavaThread "C2 CompilerThread0" daemon [_thread_in_native, id=29936, stack(0x000000645a800000,0x000000645a900000) (1024K)]


Current CompileTask:
C2:118930 14694   !   4       lombok.eclipse.agent.PatchExtensionMethod::resolveType (870 bytes)

Stack: [0x000000645a800000,0x000000645a900000]
Native frames: (J=compiled Java code, j=interpreted, Vv=VM code, C=native code)
V  [jvm.dll+0x6d2449]
V  [jvm.dll+0x8ae341]
V  [jvm.dll+0x8b08be]
V  [jvm.dll+0x8b0fa3]
V  [jvm.dll+0x280c96]
V  [jvm.dll+0xc581d]
V  [jvm.dll+0xc5d53]
V  [jvm.dll+0x2f539d]
V  [jvm.dll+0x5fa00a]
V  [jvm.dll+0x252092]
V  [jvm.dll+0x24aa06]
V  [jvm.dll+0x2483a4]
V  [jvm.dll+0x1c89ee]
V  [jvm.dll+0x257d4d]
V  [jvm.dll+0x2562ea]
V  [jvm.dll+0x3f2d16]
V  [jvm.dll+0x857e6b]
V  [jvm.dll+0x6d0b0d]
C  [ucrtbase.dll+0x26c0c]
C  [KERNEL32.DLL+0x155a0]
C  [ntdll.dll+0x485b]


---------------  P R O C E S S  ---------------

Threads class SMR info:
_java_thread_list=0x000002080ce48060, length=74, elements={
0x00000207a83a7490, 0x00000208021fc620, 0x00000208021fdfe0, 0x00000208037fabc0,
0x00000208037fd7d0, 0x00000208038012e0, 0x00000208037fff30, 0x000002080380ad80,
0x000002080380da80, 0x0000020803802d20, 0x0000020803800c50, 0x0000020803801970,
0x00000208037ff8a0, 0x00000208038005c0, 0x0000020803802000, 0x0000020803802690,
0x000002080a74a0c0, 0x000002080a7465b0, 0x000002080a747ff0, 0x000002080a745200,
0x000002080a7493a0, 0x000002080a749a30, 0x000002080a743e50, 0x000002080a746c40,
0x000002080a747960, 0x000002080a7437c0, 0x000002080a743130, 0x000002080a74a750,
0x000002080a7444e0, 0x000002080a744b70, 0x000002080a745890, 0x000002080a748680,
0x000002080aed9830, 0x000002080aedabe0, 0x000002080aed91a0, 0x000002080aed8480,
0x000002080aed8b10, 0x000002080aed7df0, 0x000002080aed9ec0, 0x000002080aeda550,
0x000002080aed7760, 0x000002080bbb3830, 0x000002080bbb6cb0, 0x000002080bbb6620,
0x000002080bbb2480, 0x000002080bbb4550, 0x000002080bbb5270, 0x000002080bbb5900,
0x000002080563b520, 0x000002080563c2c0, 0x000002080bbb2b10, 0x000002080bbb1760,
0x000002080bbb31a0, 0x000002080bbb8060, 0x000002080bbb3ec0, 0x000002080bbb10d0,
0x000002080bbb4be0, 0x000002080bbb7340, 0x000002080bbb79d0, 0x000002080bbb86f0,
0x000002080a745f20, 0x000002080a7472d0, 0x000002080a748d10, 0x000002080ecf68c0,
0x000002080ecf3440, 0x000002080ecf9020, 0x000002080ecf47f0, 0x000002080ecf2720,
0x000002080ecf2db0, 0x000002080c80c2f0, 0x000002080c80e500, 0x000002080c80ebd0,
0x000002080563d730, 0x000002080563de00
}

Java Threads: ( => current thread )
  0x00000207a83a7490 JavaThread "main"                              [_thread_blocked, id=22564, stack(0x0000006459e00000,0x0000006459f00000) (1024K)]
  0x00000208021fc620 JavaThread "Reference Handler"          daemon [_thread_blocked, id=19928, stack(0x000000645a200000,0x000000645a300000) (1024K)]
  0x00000208021fdfe0 JavaThread "Finalizer"                  daemon [_thread_blocked, id=2072, stack(0x000000645a300000,0x000000645a400000) (1024K)]
  0x00000208037fabc0 JavaThread "Signal Dispatcher"          daemon [_thread_blocked, id=26496, stack(0x000000645a400000,0x000000645a500000) (1024K)]
  0x00000208037fd7d0 JavaThread "Attach Listener"            daemon [_thread_blocked, id=23392, stack(0x000000645a500000,0x000000645a600000) (1024K)]
  0x00000208038012e0 JavaThread "Service Thread"             daemon [_thread_blocked, id=13840, stack(0x000000645a600000,0x000000645a700000) (1024K)]
  0x00000208037fff30 JavaThread "Monitor Deflation Thread"   daemon [_thread_blocked, id=30440, stack(0x000000645a700000,0x000000645a800000) (1024K)]
=>0x000002080380ad80 JavaThread "C2 CompilerThread0"         daemon [_thread_in_native, id=29936, stack(0x000000645a800000,0x000000645a900000) (1024K)]
  0x000002080380da80 JavaThread "C1 CompilerThread0"         daemon [_thread_blocked, id=27704, stack(0x000000645a900000,0x000000645aa00000) (1024K)]
  0x0000020803802d20 JavaThread "Common-Cleaner"             daemon [_thread_blocked, id=24556, stack(0x000000645aa00000,0x000000645ab00000) (1024K)]
  0x0000020803800c50 JavaThread "Notification Thread"        daemon [_thread_blocked, id=24540, stack(0x000000645ae00000,0x000000645af00000) (1024K)]
  0x0000020803801970 JavaThread "Active Thread: Equinox Container: e2776477-35b7-4c4b-b106-8fd968e6052d"        [_thread_blocked, id=24164, stack(0x000000645b800000,0x000000645b900000) (1024K)]
  0x00000208037ff8a0 JavaThread "Refresh Thread: Equinox Container: e2776477-35b7-4c4b-b106-8fd968e6052d" daemon [_thread_blocked, id=7864, stack(0x000000645b700000,0x000000645b800000) (1024K)]
  0x00000208038005c0 JavaThread "Framework Event Dispatcher: Equinox Container: e2776477-35b7-4c4b-b106-8fd968e6052d" daemon [_thread_blocked, id=28776, stack(0x000000645b900000,0x000000645ba00000) (1024K)]
  0x0000020803802000 JavaThread "Start Level: Equinox Container: e2776477-35b7-4c4b-b106-8fd968e6052d" daemon [_thread_blocked, id=27060, stack(0x000000645ba00000,0x000000645bb00000) (1024K)]
  0x0000020803802690 JavaThread "Bundle File Closer"         daemon [_thread_blocked, id=18160, stack(0x000000645be00000,0x000000645bf00000) (1024K)]
  0x000002080a74a0c0 JavaThread "SCR Component Actor"        daemon [_thread_blocked, id=19712, stack(0x000000645ad00000,0x000000645ae00000) (1024K)]
  0x000002080a7465b0 JavaThread "Worker-JM"                         [_thread_blocked, id=22332, stack(0x000000645bf00000,0x000000645c000000) (1024K)]
  0x000002080a747ff0 JavaThread "Worker-1"                          [_thread_blocked, id=23556, stack(0x000000645c400000,0x000000645c500000) (1024K)]
  0x000002080a745200 JavaThread "Java indexing"              daemon [_thread_blocked, id=28960, stack(0x000000645c800000,0x000000645c900000) (1024K)]
  0x000002080a7493a0 JavaThread "JNA Cleaner"                daemon [_thread_blocked, id=22252, stack(0x000000645c900000,0x000000645ca00000) (1024K)]
  0x000002080a749a30 JavaThread "Worker-2: Initialize workspace"        [_thread_blocked, id=23908, stack(0x000000645cc00000,0x000000645cd00000) (1024K)]
  0x000002080a743e50 JavaThread "Worker-5"                          [_thread_blocked, id=21592, stack(0x000000645d000000,0x000000645d100000) (1024K)]
  0x000002080a746c40 JavaThread "Thread-1"                   daemon [_thread_in_native, id=30044, stack(0x000000645d100000,0x000000645d200000) (1024K)]
  0x000002080a747960 JavaThread "Thread-2"                   daemon [_thread_in_native, id=26260, stack(0x000000645d200000,0x000000645d300000) (1024K)]
  0x000002080a7437c0 JavaThread "Thread-3"                   daemon [_thread_in_native, id=28724, stack(0x000000645d300000,0x000000645d400000) (1024K)]
  0x000002080a743130 JavaThread "Thread-4"                   daemon [_thread_in_native, id=24088, stack(0x000000645d400000,0x000000645d500000) (1024K)]
  0x000002080a74a750 JavaThread "Thread-5"                   daemon [_thread_in_native, id=27196, stack(0x000000645d500000,0x000000645d600000) (1024K)]
  0x000002080a7444e0 JavaThread "Thread-6"                   daemon [_thread_in_native, id=21004, stack(0x000000645d600000,0x000000645d700000) (1024K)]
  0x000002080a744b70 JavaThread "Thread-7"                   daemon [_thread_in_native, id=25980, stack(0x000000645d700000,0x000000645d800000) (1024K)]
  0x000002080a745890 JavaThread "Thread-8"                   daemon [_thread_in_native, id=3196, stack(0x000000645d800000,0x000000645d900000) (1024K)]
  0x000002080a748680 JavaThread "Thread-9"                   daemon [_thread_in_native, id=30320, stack(0x000000645d900000,0x000000645da00000) (1024K)]
  0x000002080aed9830 JavaThread "Thread-10"                  daemon [_thread_in_native, id=26236, stack(0x000000645da00000,0x000000645db00000) (1024K)]
  0x000002080aedabe0 JavaThread "Thread-11"                  daemon [_thread_in_native, id=18816, stack(0x000000645db00000,0x000000645dc00000) (1024K)]
  0x000002080aed91a0 JavaThread "Thread-12"                  daemon [_thread_in_native, id=21944, stack(0x000000645dc00000,0x000000645dd00000) (1024K)]
  0x000002080aed8480 JavaThread "Thread-13"                  daemon [_thread_in_native, id=26632, stack(0x000000645dd00000,0x000000645de00000) (1024K)]
  0x000002080aed8b10 JavaThread "Thread-14"                  daemon [_thread_in_native, id=18964, stack(0x000000645de00000,0x000000645df00000) (1024K)]
  0x000002080aed7df0 JavaThread "Thread-15"                  daemon [_thread_in_native, id=13380, stack(0x000000645df00000,0x000000645e000000) (1024K)]
  0x000002080aed9ec0 JavaThread "Thread-16"                  daemon [_thread_in_native, id=24844, stack(0x000000645e000000,0x000000645e100000) (1024K)]
  0x000002080aeda550 JavaThread "Thread-17"                  daemon [_thread_in_native, id=30608, stack(0x000000645e100000,0x000000645e200000) (1024K)]
  0x000002080aed7760 JavaThread "Thread-18"                  daemon [_thread_in_native, id=29288, stack(0x000000645e200000,0x000000645e300000) (1024K)]
  0x000002080bbb3830 JavaThread "Thread-19"                  daemon [_thread_in_native, id=27448, stack(0x000000645e300000,0x000000645e400000) (1024K)]
  0x000002080bbb6cb0 JavaThread "Thread-20"                  daemon [_thread_in_native, id=25228, stack(0x000000645e400000,0x000000645e500000) (1024K)]
  0x000002080bbb6620 JavaThread "Thread-21"                  daemon [_thread_in_native, id=24120, stack(0x000000645e500000,0x000000645e600000) (1024K)]
  0x000002080bbb2480 JavaThread "pool-2-thread-1"                   [_thread_blocked, id=21964, stack(0x000000645e900000,0x000000645ea00000) (1024K)]
  0x000002080bbb4550 JavaThread "WorkspaceEventsHandler"            [_thread_blocked, id=28900, stack(0x000000645eb00000,0x000000645ec00000) (1024K)]
  0x000002080bbb5270 JavaThread "pool-1-thread-1"                   [_thread_blocked, id=22572, stack(0x000000645ec00000,0x000000645ed00000) (1024K)]
  0x000002080bbb5900 JavaThread "pool-3-thread-1"                   [_thread_blocked, id=25652, stack(0x000000645ac00000,0x000000645ad00000) (1024K)]
  0x000002080563b520 JavaThread "C1 CompilerThread1"         daemon [_thread_blocked, id=25904, stack(0x0000006459b00000,0x0000006459c00000) (1024K)]
  0x000002080563c2c0 JavaThread "C1 CompilerThread2"         daemon [_thread_blocked, id=23564, stack(0x0000006459c00000,0x0000006459d00000) (1024K)]
  0x000002080bbb2b10 JavaThread "Worker-6: Java indexing... "        [_thread_blocked, id=30312, stack(0x000000645c500000,0x000000645c600000) (1024K)]
  0x000002080bbb1760 JavaThread "Worker-7: Building"                [_thread_blocked, id=28068, stack(0x000000645c300000,0x000000645c400000) (1024K)]
  0x000002080bbb31a0 JavaThread "Worker-8"                          [_thread_blocked, id=23748, stack(0x000000645cd00000,0x000000645ce00000) (1024K)]
  0x000002080bbb8060 
[error occurred during error reporting (printing all threads), id 0xc0000005, EXCEPTION_ACCESS_VIOLATION (0xc0000005) at pc=0x00007ff8d0ed3f50]
VM state: at safepoint (normal execution)

VM Mutex/Monitor currently owned by a thread:  ([mutex/lock_event])
[0x00007ff8d1a45458] Threads_lock - owner thread: 0x00000208037f53b0
[0x00007ff8d1a45558] Heap_lock - owner thread: 0x000002080a745200

Heap address: 0x0000000080000000, size: 2048 MB, Compressed Oops mode: 32-bit

CDS archive(s) mapped at: [0x00000207c1000000-0x00000207c1ba0000-0x00000207c1ba0000), size 12189696, SharedBaseAddress: 0x00000207c1000000, ArchiveRelocationMode: 1.
Compressed class space mapped at: 0x00000207c2000000-0x0000020802000000, reserved size: 1073741824
Narrow klass base: 0x00000207c1000000, Narrow klass shift: 0, Narrow klass range: 0x100000000

GC Precious Log:
 CardTable entry size: 512
 CPUs: 20 total, 20 available
 Memory: 14268M
 Large Page Support: Disabled
 NUMA Support: Disabled
 Compressed Oops: Enabled (32-bit)
 Alignments: Space 512K, Generation 512K, Heap 2M
 Heap Min Capacity: 100M
 Heap Initial Capacity: 100M
 Heap Max Capacity: 2G
 Pre-touch: Disabled
 Parallel Workers: 15

Heap:
 PSYoungGen      total 6656K, used 6495K [0x00000000d5580000, 0x00000000d5d00000, 0x0000000100000000)
  eden space 6144K, 99% used [0x00000000d5580000,0x00000000d5b7fe28,0x00000000d5b80000)
  from space 512K, 68% used [0x00000000d5c00000,0x00000000d5c58000,0x00000000d5c80000)
  to   space 512K, 83% used [0x00000000d5c80000,0x00000000d5ceb6c0,0x00000000d5d00000)
 ParOldGen       total 1342976K, used 1342620K [0x0000000080000000, 0x00000000d1f80000, 0x00000000d5580000)
  object space 1342976K, 99% used [0x0000000080000000,0x00000000d1f27068,0x00000000d1f80000)
 Metaspace       used 62594K, committed 64000K, reserved 1114112K
  class space    used 6292K, committed 6912K, reserved 1048576K

Card table byte_map: [0x00000207aa020000,0x00000207aa430000] _byte_map_base: 0x00000207a9c20000

Marking Bits: (ParMarkBitMap*) 0x00007ff8d1a4a340
 Begin Bits: [0x00000207bcb00000, 0x00000207beb00000)
 End Bits:   [0x00000207beb00000, 0x00000207c0b00000)

Polling page: 0x00000207a8350000

Metaspace:

Usage:
  Non-class:     54.98 MB used.
      Class:      6.14 MB used.
       Both:     61.13 MB used.

Virtual space:
  Non-class space:       64.00 MB reserved,      55.75 MB ( 87%) committed,  1 nodes.
      Class space:        1.00 GB reserved,       6.75 MB ( <1%) committed,  1 nodes.
             Both:        1.06 GB reserved,      62.50 MB (  6%) committed. 

Chunk freelists:
   Non-Class:  7.75 MB
       Class:  9.21 MB
        Both:  16.96 MB

MaxMetaspaceSize: unlimited
CompressedClassSpaceSize: 1.00 GB
Initial GC threshold: 21.00 MB
Current GC threshold: 97.31 MB
CDS: on
 - commit_granule_bytes: 65536.
 - commit_granule_words: 8192.
 - virtual_space_node_default_size: 8388608.
 - enlarge_chunks_in_place: 1.
 - use_allocation_guard: 0.


Internal statistics:

num_allocs_failed_limit: 9.
num_arena_births: 1164.
num_arena_deaths: 40.
num_vsnodes_births: 2.
num_vsnodes_deaths: 0.
num_space_committed: 999.
num_space_uncommitted: 0.
num_chunks_returned_to_freelist: 60.
num_chunks_taken_from_freelist: 4089.
num_chunk_merges: 18.
num_chunk_splits: 2522.
num_chunks_enlarged: 1478.
num_inconsistent_stats: 0.

CodeHeap 'non-profiled nmethods': size=119168Kb used=12032Kb max_used=15582Kb free=107135Kb
 bounds [0x00000207b53f0000, 0x00000207b6330000, 0x00000207bc850000]
CodeHeap 'profiled nmethods': size=119104Kb used=28608Kb max_used=37226Kb free=90495Kb
 bounds [0x00000207ad850000, 0x00000207afcb0000, 0x00000207b4ca0000]
CodeHeap 'non-nmethods': size=7488Kb used=2587Kb max_used=3249Kb free=4900Kb
 bounds [0x00000207b4ca0000, 0x00000207b4fe0000, 0x00000207b53f0000]
CodeCache: size=245760Kb, used=43227Kb, max_used=56057Kb, free=202530Kb
 total_blobs=12096, nmethods=11348, adapters=648, full_count=0
Compilation: enabled, stopped_count=0, restarted_count=0

Compilation events (20 events):
Event: 118.912 Thread 0x000002080c80c2f0 nmethod 14834 0x00000207b631a890 code [0x00000207b631aac0, 0x00000207b631b0b0]
Event: 118.912 Thread 0x000002080c80c2f0 14833       4       org.eclipse.jdt.internal.compiler.lookup.ConstraintTypeFormula::create (24 bytes)
Event: 118.914 Thread 0x000002080c80c2f0 nmethod 14833 0x00000207b631b490 code [0x00000207b631b620, 0x00000207b631b760]
Event: 118.914 Thread 0x000002080c80c2f0 14822       4       org.eclipse.jdt.internal.compiler.codegen.OperandStack::pop (75 bytes)
Event: 118.918 Thread 0x000002080c80c2f0 nmethod 14822 0x00000207b631b890 code [0x00000207b631ba60, 0x00000207b631bf10]
Event: 118.918 Thread 0x000002080c80c2f0 14836       4       org.eclipse.jdt.internal.compiler.lookup.BinaryTypeBinding::typeVariables (81 bytes)
Event: 118.922 Thread 0x000002080c80c2f0 nmethod 14836 0x00000207b631c310 code [0x00000207b631c4c0, 0x00000207b631c658]
Event: 118.922 Thread 0x000002080563b520 14837       3       org.eclipse.jdt.internal.compiler.lookup.Scope::getJavaUtilIterator (24 bytes)
Event: 118.922 Thread 0x000002080c80c2f0 14817       4       org.eclipse.jdt.internal.compiler.lookup.ParameterizedTypeBinding::superclass (98 bytes)
Event: 118.922 Thread 0x000002080563b520 nmethod 14837 0x00000207afc9c490 code [0x00000207afc9c660, 0x00000207afc9c850]
Event: 118.924 Thread 0x000002080563b520 14838       3       org.eclipse.jdt.internal.compiler.flow.FlowContext::recordNullReference (11 bytes)
Event: 118.925 Thread 0x000002080563b520 nmethod 14838 0x00000207afc9c990 code [0x00000207afc9cb40, 0x00000207afc9cd18]
Event: 118.925 Thread 0x000002080563b520 14840       3       org.eclipse.jdt.internal.compiler.flow.UnconditionalFlowInfo::nullInfoLessUnconditionalCopy (236 bytes)
Event: 118.926 Thread 0x000002080563b520 nmethod 14840 0x00000207afc9ce10 code [0x00000207afc9d0a0, 0x00000207afc9ded0]
Event: 118.926 Thread 0x000002080380da80 14841       3       org.eclipse.jdt.internal.compiler.flow.LoopingFlowContext::recordNullReferenceWithAnnotationStatus (267 bytes)
Event: 118.926 Thread 0x000002080563c2c0 14842       3       org.eclipse.jdt.internal.compiler.ast.UnaryExpression::updateFlowOnBooleanResult (34 bytes)
Event: 118.926 Thread 0x000002080c80c2f0 nmethod 14817 0x00000207b631c810 code [0x00000207b631ca00, 0x00000207b631cd18]
Event: 118.926 Thread 0x000002080c80c2f0 14839       4       org.eclipse.jdt.internal.compiler.ast.MessageSend::analyseCode (992 bytes)
Event: 118.927 Thread 0x000002080380da80 nmethod 14841 0x00000207afc9e490 code [0x00000207afc9e720, 0x00000207afc9fab0]
Event: 118.927 Thread 0x000002080563c2c0 nmethod 14842 0x00000207afc9ff90 code [0x00000207afca0140, 0x00000207afca03a8]

GC Heap History (20 events):
Event: 118.268 GC heap before
{Heap before GC invocations=1041 (full 3):
 PSYoungGen      total 7168K, used 7136K [0x00000000d5580000, 0x00000000d5e80000, 0x0000000100000000)
  eden space 6656K, 100% used [0x00000000d5580000,0x00000000d5c00000,0x00000000d5c00000)
  from space 512K, 93% used [0x00000000d5d80000,0x00000000d5df8000,0x00000000d5e00000)
  to   space 512K, 0% used [0x00000000d5e00000,0x00000000d5e00000,0x00000000d5e80000)
 ParOldGen       total 1282560K, used 1282158K [0x0000000080000000, 0x00000000ce480000, 0x00000000d5580000)
  object space 1282560K, 99% used [0x0000000080000000,0x00000000ce41ba88,0x00000000ce480000)
 Metaspace       used 62399K, committed 63808K, reserved 1114112K
  class space    used 6292K, committed 6912K, reserved 1048576K
}
Event: 118.270 GC heap after
{Heap after GC invocations=1041 (full 3):
 PSYoungGen      total 7168K, used 512K [0x00000000d5580000, 0x00000000d5f00000, 0x0000000100000000)
  eden space 6656K, 0% used [0x00000000d5580000,0x00000000d5580000,0x00000000d5c00000)
  from space 512K, 100% used [0x00000000d5e00000,0x00000000d5e80000,0x00000000d5e80000)
  to   space 1536K, 0% used [0x00000000d5c00000,0x00000000d5c00000,0x00000000d5d80000)
 ParOldGen       total 1283072K, used 1282606K [0x0000000080000000, 0x00000000ce500000, 0x00000000d5580000)
  object space 1283072K, 99% used [0x0000000080000000,0x00000000ce48bad8,0x00000000ce500000)
 Metaspace       used 62399K, committed 63808K, reserved 1114112K
  class space    used 6292K, committed 6912K, reserved 1048576K
}
Event: 118.337 GC heap before
{Heap before GC invocations=1042 (full 3):
 PSYoungGen      total 7168K, used 7168K [0x00000000d5580000, 0x00000000d5f00000, 0x0000000100000000)
  eden space 6656K, 100% used [0x00000000d5580000,0x00000000d5c00000,0x00000000d5c00000)
  from space 512K, 100% used [0x00000000d5e00000,0x00000000d5e80000,0x00000000d5e80000)
  to   space 1536K, 0% used [0x00000000d5c00000,0x00000000d5c00000,0x00000000d5d80000)
 ParOldGen       total 1283072K, used 1282606K [0x0000000080000000, 0x00000000ce500000, 0x00000000d5580000)
  object space 1283072K, 99% used [0x0000000080000000,0x00000000ce48bad8,0x00000000ce500000)
 Metaspace       used 62424K, committed 63872K, reserved 1114112K
  class space    used 6292K, committed 6912K, reserved 1048576K
}
Event: 118.340 GC heap after
{Heap after GC invocations=1042 (full 3):
 PSYoungGen      total 8192K, used 752K [0x00000000d5580000, 0x00000000d5e80000, 0x0000000100000000)
  eden space 6656K, 0% used [0x00000000d5580000,0x00000000d5580000,0x00000000d5c00000)
  from space 1536K, 48% used [0x00000000d5c00000,0x00000000d5cbc010,0x00000000d5d80000)
  to   space 1024K, 0% used [0x00000000d5d80000,0x00000000d5d80000,0x00000000d5e80000)
 ParOldGen       total 1283584K, used 1283158K [0x0000000080000000, 0x00000000ce580000, 0x00000000d5580000)
  object space 1283584K, 99% used [0x0000000080000000,0x00000000ce515af8,0x00000000ce580000)
 Metaspace       used 62424K, committed 63872K, reserved 1114112K
  class space    used 6292K, committed 6912K, reserved 1048576K
}
Event: 118.415 GC heap before
{Heap before GC invocations=1043 (full 3):
 PSYoungGen      total 8192K, used 4273K [0x00000000d5580000, 0x00000000d5e80000, 0x0000000100000000)
  eden space 6656K, 52% used [0x00000000d5580000,0x00000000d58f04a0,0x00000000d5c00000)
  from space 1536K, 48% used [0x00000000d5c00000,0x00000000d5cbc010,0x00000000d5d80000)
  to   space 1024K, 0% used [0x00000000d5d80000,0x00000000d5d80000,0x00000000d5e80000)
 ParOldGen       total 1283584K, used 1283158K [0x0000000080000000, 0x00000000ce580000, 0x00000000d5580000)
  object space 1283584K, 99% used [0x0000000080000000,0x00000000ce515af8,0x00000000ce580000)
 Metaspace       used 62515K, committed 63936K, reserved 1114112K
  class space    used 6292K, committed 6912K, reserved 1048576K
}
Event: 118.419 GC heap after
{Heap after GC invocations=1043 (full 3):
 PSYoungGen      total 7168K, used 992K [0x00000000d5580000, 0x00000000d6000000, 0x0000000100000000)
  eden space 6144K, 0% used [0x00000000d5580000,0x00000000d5580000,0x00000000d5b80000)
  from space 1024K, 96% used [0x00000000d5d80000,0x00000000d5e78020,0x00000000d5e80000)
  to   space 2048K, 0% used [0x00000000d5b80000,0x00000000d5b80000,0x00000000d5d80000)
 ParOldGen       total 1284096K, used 1283710K [0x0000000080000000, 0x00000000ce600000, 0x00000000d5580000)
  object space 1284096K, 99% used [0x0000000080000000,0x00000000ce59fbb8,0x00000000ce600000)
 Metaspace       used 62515K, committed 63936K, reserved 1114112K
  class space    used 6292K, committed 6912K, reserved 1048576K
}
Event: 118.476 GC heap before
{Heap before GC invocations=1044 (full 3):
 PSYoungGen      total 7168K, used 7136K [0x00000000d5580000, 0x00000000d6000000, 0x0000000100000000)
  eden space 6144K, 100% used [0x00000000d5580000,0x00000000d5b80000,0x00000000d5b80000)
  from space 1024K, 96% used [0x00000000d5d80000,0x00000000d5e78020,0x00000000d5e80000)
  to   space 2048K, 0% used [0x00000000d5b80000,0x00000000d5b80000,0x00000000d5d80000)
 ParOldGen       total 1287680K, used 1286877K [0x0000000080000000, 0x00000000ce980000, 0x00000000d5580000)
  object space 1287680K, 99% used [0x0000000080000000,0x00000000ce8b77e0,0x00000000ce980000)
 Metaspace       used 62517K, committed 63936K, reserved 1114112K
  class space    used 6292K, committed 6912K, reserved 1048576K
}
Event: 118.479 GC heap after
{Heap after GC invocations=1044 (full 3):
 PSYoungGen      total 7168K, used 752K [0x00000000d5580000, 0x00000000d5e80000, 0x0000000100000000)
  eden space 6144K, 0% used [0x00000000d5580000,0x00000000d5580000,0x00000000d5b80000)
  from space 1024K, 73% used [0x00000000d5b80000,0x00000000d5c3c010,0x00000000d5c80000)
  to   space 1536K, 0% used [0x00000000d5d00000,0x00000000d5d00000,0x00000000d5e80000)
 ParOldGen       total 1288192K, used 1287726K [0x0000000080000000, 0x00000000cea00000, 0x00000000d5580000)
  object space 1288192K, 99% used [0x0000000080000000,0x00000000ce98b840,0x00000000cea00000)
 Metaspace       used 62517K, committed 63936K, reserved 1114112K
  class space    used 6292K, committed 6912K, reserved 1048576K
}
Event: 118.558 GC heap before
{Heap before GC invocations=1045 (full 3):
 PSYoungGen      total 7168K, used 6896K [0x00000000d5580000, 0x00000000d5e80000, 0x0000000100000000)
  eden space 6144K, 100% used [0x00000000d5580000,0x00000000d5b80000,0x00000000d5b80000)
  from space 1024K, 73% used [0x00000000d5b80000,0x00000000d5c3c010,0x00000000d5c80000)
  to   space 1536K, 0% used [0x00000000d5d00000,0x00000000d5d00000,0x00000000d5e80000)
 ParOldGen       total 1298944K, used 1297227K [0x0000000080000000, 0x00000000cf480000, 0x00000000d5580000)
  object space 1298944K, 99% used [0x0000000080000000,0x00000000cf2d2cb8,0x00000000cf480000)
 Metaspace       used 62520K, committed 63936K, reserved 1114112K
  class space    used 6292K, committed 6912K, reserved 1048576K
}
Event: 118.563 GC heap after
{Heap after GC invocations=1045 (full 3):
 PSYoungGen      total 7168K, used 608K [0x00000000d5580000, 0x00000000d5e00000, 0x0000000100000000)
  eden space 6144K, 0% used [0x00000000d5580000,0x00000000d5580000,0x00000000d5b80000)
  from space 1024K, 59% used [0x00000000d5d00000,0x00000000d5d98020,0x00000000d5e00000)
  to   space 1024K, 0% used [0x00000000d5b80000,0x00000000d5b80000,0x00000000d5c80000)
 ParOldGen       total 1298944K, used 1297699K [0x0000000080000000, 0x00000000cf480000, 0x00000000d5580000)
  object space 1298944K, 99% used [0x0000000080000000,0x00000000cf348cf8,0x00000000cf480000)
 Metaspace       used 62520K, committed 63936K, reserved 1114112K
  class space    used 6292K, committed 6912K, reserved 1048576K
}
Event: 118.634 GC heap before
{Heap before GC invocations=1046 (full 3):
 PSYoungGen      total 7168K, used 6523K [0x00000000d5580000, 0x00000000d5e00000, 0x0000000100000000)
  eden space 6144K, 96% used [0x00000000d5580000,0x00000000d5b46d28,0x00000000d5b80000)
  from space 1024K, 59% used [0x00000000d5d00000,0x00000000d5d98020,0x00000000d5e00000)
  to   space 1024K, 0% used [0x00000000d5b80000,0x00000000d5b80000,0x00000000d5c80000)
 ParOldGen       total 1309696K, used 1307200K [0x0000000080000000, 0x00000000cff00000, 0x00000000d5580000)
  object space 1309696K, 99% used [0x0000000080000000,0x00000000cfc90170,0x00000000cff00000)
 Metaspace       used 62526K, committed 63936K, reserved 1114112K
  class space    used 6292K, committed 6912K, reserved 1048576K
}
Event: 118.637 GC heap after
{Heap after GC invocations=1046 (full 3):
 PSYoungGen      total 7168K, used 512K [0x00000000d5580000, 0x00000000d5d80000, 0x0000000100000000)
  eden space 6144K, 0% used [0x00000000d5580000,0x00000000d5580000,0x00000000d5b80000)
  from space 1024K, 50% used [0x00000000d5b80000,0x00000000d5c00000,0x00000000d5c80000)
  to   space 1024K, 0% used [0x00000000d5c80000,0x00000000d5c80000,0x00000000d5d80000)
 ParOldGen       total 1309696K, used 1307560K [0x0000000080000000, 0x00000000cff00000, 0x00000000d5580000)
  object space 1309696K, 99% used [0x0000000080000000,0x00000000cfcea1b0,0x00000000cff00000)
 Metaspace       used 62526K, committed 63936K, reserved 1114112K
  class space    used 6292K, committed 6912K, reserved 1048576K
}
Event: 118.704 GC heap before
{Heap before GC invocations=1047 (full 3):
 PSYoungGen      total 7168K, used 6656K [0x00000000d5580000, 0x00000000d5d80000, 0x0000000100000000)
  eden space 6144K, 100% used [0x00000000d5580000,0x00000000d5b80000,0x00000000d5b80000)
  from space 1024K, 50% used [0x00000000d5b80000,0x00000000d5c00000,0x00000000d5c80000)
  to   space 1024K, 0% used [0x00000000d5c80000,0x00000000d5c80000,0x00000000d5d80000)
 ParOldGen       total 1324032K, used 1323395K [0x0000000080000000, 0x00000000d0d00000, 0x00000000d5580000)
  object space 1324032K, 99% used [0x0000000080000000,0x00000000d0c60e78,0x00000000d0d00000)
 Metaspace       used 62526K, committed 63936K, reserved 1114112K
  class space    used 6292K, committed 6912K, reserved 1048576K
}
Event: 118.707 GC heap after
{Heap after GC invocations=1047 (full 3):
 PSYoungGen      total 6656K, used 480K [0x00000000d5580000, 0x00000000d5d00000, 0x0000000100000000)
  eden space 6144K, 0% used [0x00000000d5580000,0x00000000d5580000,0x00000000d5b80000)
  from space 512K, 93% used [0x00000000d5c80000,0x00000000d5cf8000,0x00000000d5d00000)
  to   space 512K, 0% used [0x00000000d5c00000,0x00000000d5c00000,0x00000000d5c80000)
 ParOldGen       total 1324032K, used 1323664K [0x0000000080000000, 0x00000000d0d00000, 0x00000000d5580000)
  object space 1324032K, 99% used [0x0000000080000000,0x00000000d0ca40c8,0x00000000d0d00000)
 Metaspace       used 62526K, committed 63936K, reserved 1114112K
  class space    used 6292K, committed 6912K, reserved 1048576K
}
Event: 118.791 GC heap before
{Heap before GC invocations=1048 (full 3):
 PSYoungGen      total 6656K, used 6624K [0x00000000d5580000, 0x00000000d5d00000, 0x0000000100000000)
  eden space 6144K, 100% used [0x00000000d5580000,0x00000000d5b80000,0x00000000d5b80000)
  from space 512K, 93% used [0x00000000d5c80000,0x00000000d5cf8000,0x00000000d5d00000)
  to   space 512K, 0% used [0x00000000d5c00000,0x00000000d5c00000,0x00000000d5c80000)
 ParOldGen       total 1331200K, used 1329998K [0x0000000080000000, 0x00000000d1400000, 0x00000000d5580000)
  object space 1331200K, 99% used [0x0000000080000000,0x00000000d12d3918,0x00000000d1400000)
 Metaspace       used 62552K, committed 64000K, reserved 1114112K
  class space    used 6292K, committed 6912K, reserved 1048576K
}
Event: 118.795 GC heap after
{Heap after GC invocations=1048 (full 3):
 PSYoungGen      total 6656K, used 512K [0x00000000d5580000, 0x00000000d5e80000, 0x0000000100000000)
  eden space 6144K, 0% used [0x00000000d5580000,0x00000000d5580000,0x00000000d5b80000)
  from space 512K, 100% used [0x00000000d5c00000,0x00000000d5c80000,0x00000000d5c80000)
  to   space 1536K, 0% used [0x00000000d5d00000,0x00000000d5d00000,0x00000000d5e80000)
 ParOldGen       total 1331200K, used 1330603K [0x0000000080000000, 0x00000000d1400000, 0x00000000d5580000)
  object space 1331200K, 99% used [0x0000000080000000,0x00000000d136ad68,0x00000000d1400000)
 Metaspace       used 62552K, committed 64000K, reserved 1114112K
  class space    used 6292K, committed 6912K, reserved 1048576K
}
Event: 118.865 GC heap before
{Heap before GC invocations=1049 (full 3):
 PSYoungGen      total 6656K, used 6656K [0x00000000d5580000, 0x00000000d5e80000, 0x0000000100000000)
  eden space 6144K, 100% used [0x00000000d5580000,0x00000000d5b80000,0x00000000d5b80000)
  from space 512K, 100% used [0x00000000d5c00000,0x00000000d5c80000,0x00000000d5c80000)
  to   space 1536K, 0% used [0x00000000d5d00000,0x00000000d5d00000,0x00000000d5e80000)
 ParOldGen       total 1338368K, used 1336937K [0x0000000080000000, 0x00000000d1b00000, 0x00000000d5580000)
  object space 1338368K, 99% used [0x0000000080000000,0x00000000d199a5b8,0x00000000d1b00000)
 Metaspace       used 62578K, committed 64000K, reserved 1114112K
  class space    used 6292K, committed 6912K, reserved 1048576K
}
Event: 118.870 GC heap after
{Heap after GC invocations=1049 (full 3):
 PSYoungGen      total 7168K, used 672K [0x00000000d5580000, 0x00000000d5e00000, 0x0000000100000000)
  eden space 6144K, 0% used [0x00000000d5580000,0x00000000d5580000,0x00000000d5b80000)
  from space 1024K, 65% used [0x00000000d5d00000,0x00000000d5da8000,0x00000000d5e00000)
  to   space 1024K, 0% used [0x00000000d5c00000,0x00000000d5c00000,0x00000000d5d00000)
 ParOldGen       total 1338368K, used 1337445K [0x0000000080000000, 0x00000000d1b00000, 0x00000000d5580000)
  object space 1338368K, 99% used [0x0000000080000000,0x00000000d1a195c8,0x00000000d1b00000)
 Metaspace       used 62578K, committed 64000K, reserved 1114112K
  class space    used 6292K, committed 6912K, reserved 1048576K
}
Event: 118.900 GC heap before
{Heap before GC invocations=1050 (full 3):
 PSYoungGen      total 7168K, used 5389K [0x00000000d5580000, 0x00000000d5e00000, 0x0000000100000000)
  eden space 6144K, 76% used [0x00000000d5580000,0x00000000d5a1b4e0,0x00000000d5b80000)
  from space 1024K, 65% used [0x00000000d5d00000,0x00000000d5da8000,0x00000000d5e00000)
  to   space 1024K, 0% used [0x00000000d5c00000,0x00000000d5c00000,0x00000000d5d00000)
 ParOldGen       total 1341952K, used 1340612K [0x0000000080000000, 0x00000000d1e80000, 0x00000000d5580000)
  object space 1341952K, 99% used [0x0000000080000000,0x00000000d1d311f0,0x00000000d1e80000)
 Metaspace       used 62578K, committed 64000K, reserved 1114112K
  class space    used 6292K, committed 6912K, reserved 1048576K
}
Event: 118.903 GC heap after
{Heap after GC invocations=1050 (full 3):
 PSYoungGen      total 7168K, used 640K [0x00000000d5580000, 0x00000000d5d80000, 0x0000000100000000)
  eden space 6144K, 0% used [0x00000000d5580000,0x00000000d5580000,0x00000000d5b80000)
  from space 1024K, 62% used [0x00000000d5c00000,0x00000000d5ca0000,0x00000000d5d00000)
  to   space 512K, 0% used [0x00000000d5d00000,0x00000000d5d00000,0x00000000d5d80000)
 ParOldGen       total 1341952K, used 1341053K [0x0000000080000000, 0x00000000d1e80000, 0x00000000d5580000)
  object space 1341952K, 99% used [0x0000000080000000,0x00000000d1d9f5e0,0x00000000d1e80000)
 Metaspace       used 62578K, committed 64000K, reserved 1114112K
  class space    used 6292K, committed 6912K, reserved 1048576K
}

Dll operation events (12 events):
Event: 0.011 Loaded shared library c:\Users\Administrator\.vscode\extensions\redhat.java-1.47.0-win32-x64\jre\21.0.8-win32-x86_64\bin\java.dll
Event: 0.047 Loaded shared library c:\Users\Administrator\.vscode\extensions\redhat.java-1.47.0-win32-x64\jre\21.0.8-win32-x86_64\bin\zip.dll
Event: 0.166 Loaded shared library C:\Users\Administrator\.vscode\extensions\redhat.java-1.47.0-win32-x64\jre\21.0.8-win32-x86_64\bin\instrument.dll
Event: 0.175 Loaded shared library C:\Users\Administrator\.vscode\extensions\redhat.java-1.47.0-win32-x64\jre\21.0.8-win32-x86_64\bin\net.dll
Event: 0.180 Loaded shared library C:\Users\Administrator\.vscode\extensions\redhat.java-1.47.0-win32-x64\jre\21.0.8-win32-x86_64\bin\nio.dll
Event: 0.185 Loaded shared library C:\Users\Administrator\.vscode\extensions\redhat.java-1.47.0-win32-x64\jre\21.0.8-win32-x86_64\bin\zip.dll
Event: 0.225 Loaded shared library C:\Users\Administrator\.vscode\extensions\redhat.java-1.47.0-win32-x64\jre\21.0.8-win32-x86_64\bin\jimage.dll
Event: 0.339 Loaded shared library c:\Users\Administrator\.vscode\extensions\redhat.java-1.47.0-win32-x64\jre\21.0.8-win32-x86_64\bin\verify.dll
Event: 1.890 Loaded shared library C:\Users\Administrator\AppData\Roaming\Code\User\globalStorage\redhat.java\1.47.0\config_win\org.eclipse.equinox.launcher\org.eclipse.equinox.launcher.win32.win32.x86_64_1.2.1400.v20250801-0854\eclipse_11916.dll
Event: 3.981 Loaded shared library C:\Users\Administrator\.vscode\extensions\redhat.java-1.47.0-win32-x64\jre\21.0.8-win32-x86_64\bin\management.dll
Event: 3.984 Loaded shared library C:\Users\Administrator\.vscode\extensions\redhat.java-1.47.0-win32-x64\jre\21.0.8-win32-x86_64\bin\management_ext.dll
Event: 5.528 Loaded shared library C:\Users\Administrator\AppData\Local\Temp\jna-146731693\jna2627485520275781085.dll

Deoptimization events (20 events):
Event: 118.781 Thread 0x000002080ecf2db0 Uncommon trap: trap_request=0xffffff45 fr.pc=0x00000207b61f3698 relative=0x0000000000003158
Event: 118.781 Thread 0x000002080ecf2db0 Uncommon trap: reason=unstable_if action=reinterpret pc=0x00000207b61f3698 method=org.eclipse.jdt.internal.compiler.codegen.ConstantPool.literalIndexForType([C)I @ 74 c2
Event: 118.781 Thread 0x000002080ecf2db0 DEOPT PACKING pc=0x00000207b61f3698 sp=0x000000645f6fe670
Event: 118.781 Thread 0x000002080ecf2db0 DEOPT UNPACKING pc=0x00000207b4cf3aa2 sp=0x000000645f6fe528 mode 2
Event: 118.810 Thread 0x000002080ecf2db0 Uncommon trap: trap_request=0xffffff6e fr.pc=0x00000207b62f69e4 relative=0x0000000000001904
Event: 118.810 Thread 0x000002080ecf2db0 Uncommon trap: reason=loop_limit_check action=maybe_recompile pc=0x00000207b62f69e4 method=org.eclipse.jdt.internal.compiler.lookup.SourceTypeBinding.getExactMethod([C[Lorg/eclipse/jdt/internal/compiler/lookup/TypeBinding;Lorg/eclipse/jdt/internal/compile
Event: 118.810 Thread 0x000002080ecf2db0 DEOPT PACKING pc=0x00000207b62f69e4 sp=0x000000645f6fe3f0
Event: 118.811 Thread 0x000002080ecf2db0 DEOPT UNPACKING pc=0x00000207b4cf3aa2 sp=0x000000645f6fe370 mode 2
Event: 118.917 Thread 0x000002080ecf2db0 Uncommon trap: trap_request=0xfffffff6 fr.pc=0x00000207b627c550 relative=0x0000000000002770
Event: 118.917 Thread 0x000002080ecf2db0 Uncommon trap: reason=null_check action=maybe_recompile pc=0x00000207b627c550 method=org.eclipse.jdt.internal.compiler.ast.MessageSend.analyseCode(Lorg/eclipse/jdt/internal/compiler/lookup/BlockScope;Lorg/eclipse/jdt/internal/compiler/flow/FlowContext;Lor
Event: 118.917 Thread 0x000002080ecf2db0 DEOPT PACKING pc=0x00000207b627c550 sp=0x000000645f6fd380
Event: 118.917 Thread 0x000002080ecf2db0 DEOPT UNPACKING pc=0x00000207b4cf3aa2 sp=0x000000645f6fd340 mode 2
Event: 118.918 Thread 0x000002080ecf2db0 Uncommon trap: trap_request=0xfffffff6 fr.pc=0x00000207b627c550 relative=0x0000000000002770
Event: 118.918 Thread 0x000002080ecf2db0 Uncommon trap: reason=null_check action=maybe_recompile pc=0x00000207b627c550 method=org.eclipse.jdt.internal.compiler.ast.MessageSend.analyseCode(Lorg/eclipse/jdt/internal/compiler/lookup/BlockScope;Lorg/eclipse/jdt/internal/compiler/flow/FlowContext;Lor
Event: 118.918 Thread 0x000002080ecf2db0 DEOPT PACKING pc=0x00000207b627c550 sp=0x000000645f6fd4e0
Event: 118.918 Thread 0x000002080ecf2db0 DEOPT UNPACKING pc=0x00000207b4cf3aa2 sp=0x000000645f6fd4a0 mode 2
Event: 118.918 Thread 0x000002080ecf2db0 Uncommon trap: trap_request=0xfffffff6 fr.pc=0x00000207b627c550 relative=0x0000000000002770
Event: 118.918 Thread 0x000002080ecf2db0 Uncommon trap: reason=null_check action=maybe_recompile pc=0x00000207b627c550 method=org.eclipse.jdt.internal.compiler.ast.MessageSend.analyseCode(Lorg/eclipse/jdt/internal/compiler/lookup/BlockScope;Lorg/eclipse/jdt/internal/compiler/flow/FlowContext;Lor
Event: 118.918 Thread 0x000002080ecf2db0 DEOPT PACKING pc=0x00000207b627c550 sp=0x000000645f6fd580
Event: 118.918 Thread 0x000002080ecf2db0 DEOPT UNPACKING pc=0x00000207b4cf3aa2 sp=0x000000645f6fd540 mode 2

Classes loaded (20 events):
Event: 104.543 Loading class java/util/stream/ReferencePipeline$4
Event: 104.543 Loading class java/util/stream/ReferencePipeline$4 done
Event: 104.543 Loading class java/util/stream/Nodes$IntFixedNodeBuilder
Event: 104.543 Loading class java/util/stream/Node$Builder$OfInt
Event: 104.543 Loading class java/util/stream/Node$Builder$OfInt done
Event: 104.543 Loading class java/util/stream/Nodes$IntArrayNode
Event: 104.544 Loading class java/util/stream/Nodes$IntArrayNode done
Event: 104.544 Loading class java/util/stream/Nodes$IntFixedNodeBuilder done
Event: 104.544 Loading class java/util/stream/ReferencePipeline$4$1
Event: 104.544 Loading class java/util/stream/ReferencePipeline$4$1 done
Event: 105.719 Loading class java/util/stream/ReduceOps$4
Event: 105.719 Loading class java/util/stream/ReduceOps$4 done
Event: 105.720 Loading class java/util/stream/ReduceOps$4ReducingSink
Event: 105.720 Loading class java/util/stream/ReduceOps$4ReducingSink done
Event: 108.562 Loading class java/util/concurrent/ArrayBlockingQueue
Event: 108.562 Loading class java/util/concurrent/ArrayBlockingQueue done
Event: 108.752 Loading class java/util/Hashtable$ValueCollection
Event: 108.752 Loading class java/util/Hashtable$ValueCollection done
Event: 110.904 Loading class jdk/internal/math/FDBigInteger
Event: 110.905 Loading class jdk/internal/math/FDBigInteger done

Classes unloaded (20 events):
Event: 4.634 Thread 0x00000208037f53b0 Unloading class 0x00000207c21acc00 'java/lang/invoke/LambdaForm$MH+0x00000207c21acc00'
Event: 4.634 Thread 0x00000208037f53b0 Unloading class 0x00000207c21ac800 'java/lang/invoke/LambdaForm$MH+0x00000207c21ac800'
Event: 4.634 Thread 0x00000208037f53b0 Unloading class 0x00000207c21ac400 'java/lang/invoke/LambdaForm$MH+0x00000207c21ac400'
Event: 4.634 Thread 0x00000208037f53b0 Unloading class 0x00000207c21ac000 'java/lang/invoke/LambdaForm$MH+0x00000207c21ac000'
Event: 4.634 Thread 0x00000208037f53b0 Unloading class 0x00000207c21abc00 'java/lang/invoke/LambdaForm$BMH+0x00000207c21abc00'
Event: 4.634 Thread 0x00000208037f53b0 Unloading class 0x00000207c21ab800 'java/lang/invoke/LambdaForm$DMH+0x00000207c21ab800'
Event: 4.634 Thread 0x00000208037f53b0 Unloading class 0x00000207c21aa800 'java/lang/invoke/LambdaForm$DMH+0x00000207c21aa800'
Event: 6.198 Thread 0x00000208037f53b0 Unloading class 0x00000207c2322800 'java/lang/invoke/LambdaForm$MH+0x00000207c2322800'
Event: 6.198 Thread 0x00000208037f53b0 Unloading class 0x00000207c2321c00 'java/lang/invoke/LambdaForm$MH+0x00000207c2321c00'
Event: 6.198 Thread 0x00000208037f53b0 Unloading class 0x00000207c2321400 'java/lang/invoke/LambdaForm$MH+0x00000207c2321400'
Event: 6.198 Thread 0x00000208037f53b0 Unloading class 0x00000207c2320c00 'java/lang/invoke/LambdaForm$MH+0x00000207c2320c00'
Event: 6.198 Thread 0x00000208037f53b0 Unloading class 0x00000207c2320800 'java/lang/invoke/LambdaForm$DMH+0x00000207c2320800'
Event: 6.198 Thread 0x00000208037f53b0 Unloading class 0x00000207c231fc00 'java/lang/invoke/LambdaForm$MH+0x00000207c231fc00'
Event: 6.198 Thread 0x00000208037f53b0 Unloading class 0x00000207c231ac00 'java/lang/invoke/LambdaForm$MH+0x00000207c231ac00'
Event: 6.198 Thread 0x00000208037f53b0 Unloading class 0x00000207c231a800 'java/lang/invoke/LambdaForm$MH+0x00000207c231a800'
Event: 6.198 Thread 0x00000208037f53b0 Unloading class 0x00000207c2319c00 'java/lang/invoke/LambdaForm$MH+0x00000207c2319c00'
Event: 6.198 Thread 0x00000208037f53b0 Unloading class 0x00000207c2319400 'java/lang/invoke/LambdaForm$MH+0x00000207c2319400'
Event: 6.198 Thread 0x00000208037f53b0 Unloading class 0x00000207c2318c00 'java/lang/invoke/LambdaForm$MH+0x00000207c2318c00'
Event: 6.198 Thread 0x00000208037f53b0 Unloading class 0x00000207c2318400 'java/lang/invoke/LambdaForm$MH+0x00000207c2318400'
Event: 6.198 Thread 0x00000208037f53b0 Unloading class 0x00000207c2318000 'java/lang/invoke/LambdaForm$MH+0x00000207c2318000'

Classes redefined (0 events):
No events

Internal exceptions (20 events):
Event: 118.898 Thread 0x000002080ecf2db0 Implicit null exception at 0x00000207af09fc9b to 0x00000207af0a0255
Event: 118.898 Thread 0x000002080ecf2db0 Exception <a 'java/lang/NullPointerException'{0x00000000d59b0250}> (0x00000000d59b0250) 
thrown [s\src\hotspot\share\runtime\sharedRuntime.cpp, line 625]
Event: 118.898 Thread 0x000002080ecf2db0 Exception <a 'java/lang/NullPointerException'{0x00000000d59b0888}> (0x00000000d59b0888) 
thrown [s\src\hotspot\share\interpreter\linkResolver.cpp, line 1372]
Event: 118.898 Thread 0x000002080ecf2db0 Exception <a 'java/lang/NullPointerException'{0x00000000d59b0cc0}> (0x00000000d59b0cc0) 
thrown [s\src\hotspot\share\interpreter\linkResolver.cpp, line 1372]
Event: 118.898 Thread 0x000002080ecf2db0 Implicit null exception at 0x00000207af09fc9b to 0x00000207af0a0255
Event: 118.898 Thread 0x000002080ecf2db0 Exception <a 'java/lang/NullPointerException'{0x00000000d59b14f0}> (0x00000000d59b14f0) 
thrown [s\src\hotspot\share\runtime\sharedRuntime.cpp, line 625]
Event: 118.898 Thread 0x000002080ecf2db0 Exception <a 'java/lang/NullPointerException'{0x00000000d59b1cf8}> (0x00000000d59b1cf8) 
thrown [s\src\hotspot\share\interpreter\linkResolver.cpp, line 1372]
Event: 118.898 Thread 0x000002080ecf2db0 Exception <a 'java/lang/NullPointerException'{0x00000000d59b2130}> (0x00000000d59b2130) 
thrown [s\src\hotspot\share\interpreter\linkResolver.cpp, line 1372]
Event: 118.898 Thread 0x000002080ecf2db0 Exception <a 'java/lang/NullPointerException'{0x00000000d59b2568}> (0x00000000d59b2568) 
thrown [s\src\hotspot\share\interpreter\linkResolver.cpp, line 1372]
Event: 118.898 Thread 0x000002080ecf2db0 Implicit null exception at 0x00000207af09fc9b to 0x00000207af0a0255
Event: 118.898 Thread 0x000002080ecf2db0 Exception <a 'java/lang/NullPointerException'{0x00000000d59b2d98}> (0x00000000d59b2d98) 
thrown [s\src\hotspot\share\runtime\sharedRuntime.cpp, line 625]
Event: 118.898 Thread 0x000002080ecf2db0 Implicit null exception at 0x00000207af09fc9b to 0x00000207af0a0255
Event: 118.898 Thread 0x000002080ecf2db0 Exception <a 'java/lang/NullPointerException'{0x00000000d59b5780}> (0x00000000d59b5780) 
thrown [s\src\hotspot\share\runtime\sharedRuntime.cpp, line 625]
Event: 118.898 Thread 0x000002080ecf2db0 Implicit null exception at 0x00000207af09fc9b to 0x00000207af0a0255
Event: 118.898 Thread 0x000002080ecf2db0 Exception <a 'java/lang/NullPointerException'{0x00000000d59b6318}> (0x00000000d59b6318) 
thrown [s\src\hotspot\share\runtime\sharedRuntime.cpp, line 625]
Event: 118.898 Thread 0x000002080ecf2db0 Implicit null exception at 0x00000207af09fc9b to 0x00000207af0a0255
Event: 118.898 Thread 0x000002080ecf2db0 Exception <a 'java/lang/NullPointerException'{0x00000000d59b6778}> (0x00000000d59b6778) 
thrown [s\src\hotspot\share\runtime\sharedRuntime.cpp, line 625]
Event: 118.917 Thread 0x000002080ecf2db0 Implicit null exception at 0x00000207b6279e31 to 0x00000207b627c544
Event: 118.918 Thread 0x000002080ecf2db0 Implicit null exception at 0x00000207b6279e31 to 0x00000207b627c544
Event: 118.918 Thread 0x000002080ecf2db0 Implicit null exception at 0x00000207b6279e31 to 0x00000207b627c544

ZGC Phase Switch (0 events):
No events

VM Operations (20 events):
Event: 118.267 Executing VM operation: ParallelGCFailedAllocation (Allocation Failure)
Event: 118.271 Executing VM operation: ParallelGCFailedAllocation (Allocation Failure) done
Event: 118.337 Executing VM operation: ParallelGCFailedAllocation (Allocation Failure)
Event: 118.340 Executing VM operation: ParallelGCFailedAllocation (Allocation Failure) done
Event: 118.415 Executing VM operation: ParallelGCFailedAllocation (Allocation Failure)
Event: 118.419 Executing VM operation: ParallelGCFailedAllocation (Allocation Failure) done
Event: 118.476 Executing VM operation: ParallelGCFailedAllocation (Allocation Failure)
Event: 118.479 Executing VM operation: ParallelGCFailedAllocation (Allocation Failure) done
Event: 118.558 Executing VM operation: ParallelGCFailedAllocation (Allocation Failure)
Event: 118.563 Executing VM operation: ParallelGCFailedAllocation (Allocation Failure) done
Event: 118.634 Executing VM operation: ParallelGCFailedAllocation (Allocation Failure)
Event: 118.637 Executing VM operation: ParallelGCFailedAllocation (Allocation Failure) done
Event: 118.704 Executing VM operation: ParallelGCFailedAllocation (Allocation Failure)
Event: 118.707 Executing VM operation: ParallelGCFailedAllocation (Allocation Failure) done
Event: 118.791 Executing VM operation: ParallelGCFailedAllocation (Allocation Failure)
Event: 118.795 Executing VM operation: ParallelGCFailedAllocation (Allocation Failure) done
Event: 118.865 Executing VM operation: ParallelGCFailedAllocation (Allocation Failure)
Event: 118.870 Executing VM operation: ParallelGCFailedAllocation (Allocation Failure) done
Event: 118.900 Executing VM operation: ParallelGCFailedAllocation (Allocation Failure)
Event: 118.903 Executing VM operation: ParallelGCFailedAllocation (Allocation Failure) done

Memory protections (0 events):
No events

Nmethod flushes (20 events):
Event: 107.254 Thread 0x00000208037f53b0 flushing  nmethod 0x00000207ae1e1690
Event: 107.254 Thread 0x00000208037f53b0 flushing  nmethod 0x00000207ae1e5c90
Event: 107.254 Thread 0x00000208037f53b0 flushing  nmethod 0x00000207ae1f7d10
Event: 107.254 Thread 0x00000208037f53b0 flushing  nmethod 0x00000207ae21de10
Event: 107.254 Thread 0x00000208037f53b0 flushing  nmethod 0x00000207ae229110
Event: 107.254 Thread 0x00000208037f53b0 flushing  nmethod 0x00000207ae250890
Event: 107.254 Thread 0x00000208037f53b0 flushing  nmethod 0x00000207ae25d510
Event: 107.254 Thread 0x00000208037f53b0 flushing  nmethod 0x00000207ae285590
Event: 107.254 Thread 0x00000208037f53b0 flushing  nmethod 0x00000207ae287090
Event: 107.254 Thread 0x00000208037f53b0 flushing  nmethod 0x00000207ae287a90
Event: 107.254 Thread 0x00000208037f53b0 flushing  nmethod 0x00000207ae287f10
Event: 107.254 Thread 0x00000208037f53b0 flushing  nmethod 0x00000207ae288290
Event: 107.254 Thread 0x00000208037f53b0 flushing  nmethod 0x00000207ae28a210
Event: 107.254 Thread 0x00000208037f53b0 flushing  nmethod 0x00000207ae28b110
Event: 107.254 Thread 0x00000208037f53b0 flushing  nmethod 0x00000207ae28bb10
Event: 107.254 Thread 0x00000208037f53b0 flushing  nmethod 0x00000207ae296310
Event: 107.254 Thread 0x00000208037f53b0 flushing  nmethod 0x00000207ae2a3e10
Event: 107.254 Thread 0x00000208037f53b0 flushing  nmethod 0x00000207ae2a5e10
Event: 107.254 Thread 0x00000208037f53b0 flushing  nmethod 0x00000207ae2b0610
Event: 107.254 Thread 0x00000208037f53b0 flushing  nmethod 0x00000207ae2c2f90

Events (20 events):
Event: 106.683 Thread 0x000002080c80de30 Thread exited: 0x000002080c80de30
Event: 106.683 Thread 0x000002080c80ae80 Thread exited: 0x000002080c80ae80
Event: 106.684 Thread 0x000002080c80f2a0 Thread exited: 0x000002080c80f2a0
Event: 107.575 Thread 0x000002080380ad80 Thread added: 0x000002080c80e500
Event: 108.217 Thread 0x000002080380ad80 Thread added: 0x000002080c80a0e0
Event: 108.217 Thread 0x000002080380ad80 Thread added: 0x000002080c808c70
Event: 108.563 Thread 0x000002080bbb1760 Thread added: 0x000002080ecf2db0
Event: 110.547 Thread 0x000002080c808c70 Thread exited: 0x000002080c808c70
Event: 110.562 Thread 0x000002080c80a0e0 Thread exited: 0x000002080c80a0e0
Event: 110.680 Thread 0x000002080563b520 Thread added: 0x000002080c80c2f0
Event: 110.790 Thread 0x000002080380da80 Thread added: 0x000002080c80ebd0
Event: 113.766 Thread 0x000002080c80ebd0 Thread exited: 0x000002080c80ebd0
Event: 113.839 Thread 0x000002080c80c2f0 Thread exited: 0x000002080c80c2f0
Event: 114.535 Thread 0x000002080c80e500 Thread exited: 0x000002080c80e500
Event: 114.556 Thread 0x000002080563bbf0 Thread added: 0x000002080c80c2f0
Event: 116.887 Thread 0x000002080563bbf0 Thread exited: 0x000002080563bbf0
Event: 116.991 Thread 0x000002080380ad80 Thread added: 0x000002080c80e500
Event: 117.177 Thread 0x000002080563b520 Thread added: 0x000002080c80ebd0
Event: 118.289 Thread 0x000002080380da80 Thread added: 0x000002080563d730
Event: 118.483 Thread 0x000002080563c2c0 Thread added: 0x000002080563de00


Dynamic libraries:
0x00007ff7e3e50000 - 0x00007ff7e3e5e000 	c:\Users\Administrator\.vscode\extensions\redhat.java-1.47.0-win32-x64\jre\21.0.8-win32-x86_64\bin\java.exe
0x00007ff92d9a0000 - 0x00007ff92dba9000 	C:\Windows\SYSTEM32\ntdll.dll
0x00007ff92cc00000 - 0x00007ff92ccbe000 	C:\Windows\System32\KERNEL32.DLL
0x00007ff92b270000 - 0x00007ff92b5eb000 	C:\Windows\System32\KERNELBASE.dll
0x00007ff926a40000 - 0x00007ff926ad2000 	C:\Windows\SYSTEM32\apphelp.dll
0x00007ff92aef0000 - 0x00007ff92b001000 	C:\Windows\System32\ucrtbase.dll
0x00007ff907980000 - 0x00007ff907998000 	c:\Users\Administrator\.vscode\extensions\redhat.java-1.47.0-win32-x64\jre\21.0.8-win32-x86_64\bin\jli.dll
0x00007ff905370000 - 0x00007ff90538e000 	c:\Users\Administrator\.vscode\extensions\redhat.java-1.47.0-win32-x64\jre\21.0.8-win32-x86_64\bin\VCRUNTIME140.dll
0x00007ff92bfd0000 - 0x00007ff92c17d000 	C:\Windows\System32\USER32.dll
0x00007ff91b150000 - 0x00007ff91b3f5000 	C:\Windows\WinSxS\amd64_microsoft.windows.common-controls_6595b64144ccf1df_6.0.22000.120_none_9d947278b86cc467\COMCTL32.dll
0x00007ff92b240000 - 0x00007ff92b266000 	C:\Windows\System32\win32u.dll
0x00007ff92b940000 - 0x00007ff92b9e3000 	C:\Windows\System32\msvcrt.dll
0x00007ff92d2f0000 - 0x00007ff92d319000 	C:\Windows\System32\GDI32.dll
0x00007ff92b010000 - 0x00007ff92b128000 	C:\Windows\System32\gdi32full.dll
0x00007ff92b130000 - 0x00007ff92b1cd000 	C:\Windows\System32\msvcp_win.dll
0x00007ff92d230000 - 0x00007ff92d262000 	C:\Windows\System32\IMM32.DLL
0x00007ff9221a0000 - 0x00007ff9221ac000 	c:\Users\Administrator\.vscode\extensions\redhat.java-1.47.0-win32-x64\jre\21.0.8-win32-x86_64\bin\vcruntime140_1.dll
0x00007ff901000000 - 0x00007ff90108d000 	c:\Users\Administrator\.vscode\extensions\redhat.java-1.47.0-win32-x64\jre\21.0.8-win32-x86_64\bin\msvcp140.dll
0x00007ff8d0d90000 - 0x00007ff8d1b27000 	c:\Users\Administrator\.vscode\extensions\redhat.java-1.47.0-win32-x64\jre\21.0.8-win32-x86_64\bin\server\jvm.dll
0x00007ff92b9f0000 - 0x00007ff92ba9e000 	C:\Windows\System32\ADVAPI32.dll
0x00007ff92c9e0000 - 0x00007ff92ca7e000 	C:\Windows\System32\sechost.dll
0x00007ff92b820000 - 0x00007ff92b940000 	C:\Windows\System32\RPCRT4.dll
0x00007ff92d280000 - 0x00007ff92d2ef000 	C:\Windows\System32\WS2_32.dll
0x00007ff92ad40000 - 0x00007ff92ad8d000 	C:\Windows\SYSTEM32\POWRPROF.dll
0x00007ff91b950000 - 0x00007ff91b983000 	C:\Windows\SYSTEM32\WINMM.dll
0x00007ff926ae0000 - 0x00007ff926aea000 	C:\Windows\SYSTEM32\VERSION.dll
0x00007ff92ad20000 - 0x00007ff92ad33000 	C:\Windows\SYSTEM32\UMPDC.dll
0x00007ff929ef0000 - 0x00007ff929f08000 	C:\Windows\SYSTEM32\kernel.appcore.dll
0x00007ff91dad0000 - 0x00007ff91dada000 	c:\Users\Administrator\.vscode\extensions\redhat.java-1.47.0-win32-x64\jre\21.0.8-win32-x86_64\bin\jimage.dll
0x00007ff9287f0000 - 0x00007ff928a11000 	C:\Windows\SYSTEM32\DBGHELP.DLL
0x00007ff8e1900000 - 0x00007ff8e1931000 	C:\Windows\SYSTEM32\dbgcore.DLL
0x00007ff92ae70000 - 0x00007ff92aeef000 	C:\Windows\System32\bcryptPrimitives.dll
0x00007ff91c840000 - 0x00007ff91c84f000 	c:\Users\Administrator\.vscode\extensions\redhat.java-1.47.0-win32-x64\jre\21.0.8-win32-x86_64\bin\instrument.dll
0x00007ff9052a0000 - 0x00007ff9052bf000 	c:\Users\Administrator\.vscode\extensions\redhat.java-1.47.0-win32-x64\jre\21.0.8-win32-x86_64\bin\java.dll
0x00007ff92c190000 - 0x00007ff92c947000 	C:\Windows\System32\SHELL32.dll
0x00007ff928f60000 - 0x00007ff9297c5000 	C:\Windows\SYSTEM32\windows.storage.dll
0x00007ff92cea0000 - 0x00007ff92d218000 	C:\Windows\System32\combase.dll
0x00007ff928df0000 - 0x00007ff928f56000 	C:\Windows\SYSTEM32\wintypes.dll
0x00007ff92d870000 - 0x00007ff92d95a000 	C:\Windows\System32\SHCORE.dll
0x00007ff92bd10000 - 0x00007ff92bd6d000 	C:\Windows\System32\shlwapi.dll
0x00007ff92ada0000 - 0x00007ff92adc1000 	C:\Windows\SYSTEM32\profapi.dll
0x00007ff904e20000 - 0x00007ff904e38000 	c:\Users\Administrator\.vscode\extensions\redhat.java-1.47.0-win32-x64\jre\21.0.8-win32-x86_64\bin\zip.dll
0x00007ff91d1f0000 - 0x00007ff91d200000 	C:\Users\Administrator\.vscode\extensions\redhat.java-1.47.0-win32-x64\jre\21.0.8-win32-x86_64\bin\net.dll
0x00007ff9266d0000 - 0x00007ff9267e4000 	C:\Windows\SYSTEM32\WINHTTP.dll
0x00007ff92a390000 - 0x00007ff92a3f7000 	C:\Windows\system32\mswsock.dll
0x00007ff903eb0000 - 0x00007ff903ec6000 	C:\Users\Administrator\.vscode\extensions\redhat.java-1.47.0-win32-x64\jre\21.0.8-win32-x86_64\bin\nio.dll
0x00007ff91ad70000 - 0x00007ff91ad80000 	c:\Users\Administrator\.vscode\extensions\redhat.java-1.47.0-win32-x64\jre\21.0.8-win32-x86_64\bin\verify.dll
0x00007ff8fee40000 - 0x00007ff8fee84000 	C:\Users\Administrator\AppData\Roaming\Code\User\globalStorage\redhat.java\1.47.0\config_win\org.eclipse.equinox.launcher\org.eclipse.equinox.launcher.win32.win32.x86_64_1.2.1400.v20250801-0854\eclipse_11916.dll
0x00007ff92bb70000 - 0x00007ff92bd0a000 	C:\Windows\System32\ole32.dll
0x00007ff908b90000 - 0x00007ff908b9a000 	C:\Users\Administrator\.vscode\extensions\redhat.java-1.47.0-win32-x64\jre\21.0.8-win32-x86_64\bin\management.dll
0x00007ff906f90000 - 0x00007ff906f9b000 	C:\Users\Administrator\.vscode\extensions\redhat.java-1.47.0-win32-x64\jre\21.0.8-win32-x86_64\bin\management_ext.dll
0x00007ff92d220000 - 0x00007ff92d228000 	C:\Windows\System32\PSAPI.DLL
0x00007ff92a5d0000 - 0x00007ff92a5e8000 	C:\Windows\SYSTEM32\CRYPTSP.dll
0x00007ff929e50000 - 0x00007ff929e85000 	C:\Windows\system32\rsaenh.dll
0x00007ff92a480000 - 0x00007ff92a4a9000 	C:\Windows\SYSTEM32\USERENV.dll
0x00007ff92a760000 - 0x00007ff92a787000 	C:\Windows\SYSTEM32\bcrypt.dll
0x00007ff92a5f0000 - 0x00007ff92a5fc000 	C:\Windows\SYSTEM32\CRYPTBASE.dll
0x00007ff929a20000 - 0x00007ff929a4d000 	C:\Windows\SYSTEM32\IPHLPAPI.DLL
0x00007ff92bf40000 - 0x00007ff92bf49000 	C:\Windows\System32\NSI.dll
0x00007ff8ebf90000 - 0x00007ff8ebfd9000 	C:\Users\Administrator\AppData\Local\Temp\jna-146731693\jna2627485520275781085.dll
0x00007ff925f60000 - 0x00007ff925f79000 	C:\Windows\SYSTEM32\dhcpcsvc6.DLL
0x00007ff9270e0000 - 0x00007ff9270fe000 	C:\Windows\SYSTEM32\dhcpcsvc.DLL

JVMTI agents:
c:\Users\Administrator\.vscode\extensions\redhat.java-1.47.0-win32-x64\lombok\lombok-1.18.39-4050.jar path:c:\Users\Administrator\.vscode\extensions\redhat.java-1.47.0-win32-x64\jre\21.0.8-win32-x86_64\bin\instrument.dll, loaded, initialized, instrumentlib options:none

dbghelp: loaded successfully - version: 4.0.5 - missing functions: none
symbol engine: initialized successfully - sym options: 0x614 - pdb path: .;c:\Users\Administrator\.vscode\extensions\redhat.java-1.47.0-win32-x64\jre\21.0.8-win32-x86_64\bin;C:\Windows\SYSTEM32;C:\Windows\WinSxS\amd64_microsoft.windows.common-controls_6595b64144ccf1df_6.0.22000.120_none_9d947278b86cc467;c:\Users\Administrator\.vscode\extensions\redhat.java-1.47.0-win32-x64\jre\21.0.8-win32-x86_64\bin\server;C:\Users\Administrator\AppData\Roaming\Code\User\globalStorage\redhat.java\1.47.0\config_win\org.eclipse.equinox.launcher\org.eclipse.equinox.launcher.win32.win32.x86_64_1.2.1400.v20250801-0854;C:\Users\Administrator\AppData\Local\Temp\jna-146731693

VM Arguments:
jvm_args: --add-modules=ALL-SYSTEM --add-opens=java.base/java.util=ALL-UNNAMED --add-opens=java.base/java.lang=ALL-UNNAMED --add-opens=java.base/sun.nio.fs=ALL-UNNAMED -Declipse.application=org.eclipse.jdt.ls.core.id1 -Dosgi.bundles.defaultStartLevel=4 -Declipse.product=org.eclipse.jdt.ls.core.product -Djava.import.generatesMetadataFilesAtProjectRoot=false -DDetectVMInstallationsJob.disabled=true -Dfile.encoding=utf8 -XX:+UseParallelGC -XX:GCTimeRatio=4 -XX:AdaptiveSizePolicyWeight=90 -Dsun.zip.disableMemoryMapping=true -Xmx2G -Xms100m -Xlog:disable -javaagent:c:\Users\Administrator\.vscode\extensions\redhat.java-1.47.0-win32-x64\lombok\lombok-1.18.39-4050.jar -XX:+HeapDumpOnOutOfMemoryError -XX:HeapDumpPath=c:\Users\Administrator\AppData\Roaming\Code\User\workspaceStorage\e4a04282005564b2607c75b1cf6fb7fe\redhat.java -Daether.dependencyCollector.impl=bf 
java_command: c:\Users\Administrator\.vscode\extensions\redhat.java-1.47.0-win32-x64\server\plugins\org.eclipse.equinox.launcher_1.7.100.v20251014-1222.jar -configuration c:\Users\Administrator\AppData\Roaming\Code\User\globalStorage\redhat.java\1.47.0\config_win -data c:\Users\Administrator\AppData\Roaming\Code\User\workspaceStorage\e4a04282005564b2607c75b1cf6fb7fe\redhat.java\jdt_ws --pipe=\\.\pipe\lsp-25554c9bdfa3651c5ed86b8b6b8f1ace-sock
java_class_path (initial): c:\Users\Administrator\.vscode\extensions\redhat.java-1.47.0-win32-x64\server\plugins\org.eclipse.equinox.launcher_1.7.100.v20251014-1222.jar
Launcher Type: SUN_STANDARD

[Global flags]
    uintx AdaptiveSizePolicyWeight                 = 90                                        {product} {command line}
     intx CICompilerCount                          = 12                                        {product} {ergonomic}
    uintx GCTimeRatio                              = 4                                         {product} {command line}
     bool HeapDumpOnOutOfMemoryError               = true                                   {manageable} {command line}
    ccstr HeapDumpPath                             = c:\Users\Administrator\AppData\Roaming\Code\User\workspaceStorage\e4a04282005564b2607c75b1cf6fb7fe\redhat.java         {manageable} {command line}
   size_t InitialHeapSize                          = 104857600                                 {product} {command line}
   size_t MaxHeapSize                              = 2147483648                                {product} {command line}
   size_t MaxNewSize                               = 715653120                                 {product} {ergonomic}
   size_t MinHeapDeltaBytes                        = 524288                                    {product} {ergonomic}
   size_t MinHeapSize                              = 104857600                                 {product} {command line}
   size_t NewSize                                  = 34603008                                  {product} {ergonomic}
    uintx NonNMethodCodeHeapSize                   = 7602480                                {pd product} {ergonomic}
    uintx NonProfiledCodeHeapSize                  = 122027880                              {pd product} {ergonomic}
   size_t OldSize                                  = 70254592                                  {product} {ergonomic}
    uintx ProfiledCodeHeapSize                     = 122027880                              {pd product} {ergonomic}
    uintx ReservedCodeCacheSize                    = 251658240                              {pd product} {ergonomic}
     bool SegmentedCodeCache                       = true                                      {product} {ergonomic}
   size_t SoftMaxHeapSize                          = 2147483648                             {manageable} {ergonomic}
     bool UseCompressedOops                        = true                           {product lp64_product} {ergonomic}
     bool UseLargePagesIndividualAllocation        = false                                  {pd product} {ergonomic}
     bool UseParallelGC                            = true                                      {product} {command line}

Logging:
Log output configuration:
 #0: stdout all=off uptime,level,tags foldmultilines=false
 #1: stderr all=off uptime,level,tags foldmultilines=false

Environment Variables:
JAVA_HOME=E:\Program Files\Eclipse Adoptium\jdk-17.0.16.8-hotspot\
PATH=E:\Program Files\Eclipse Adoptium\jdk-17.0.16.8-hotspot\bin;C:\Program Files (x86)\Common Files\Intel\Shared Libraries\redist\intel64\compiler;C:\Program Files\Zulu\zulu-8\bin\;C:\Program Files\Python39\Scripts\;C:\Program Files\Python39\;C:\windows\system32;C:\windows;C:\windows\System32\Wbem;C:\windows\System32\WindowsPowerShell\v1.0\;C:\windows\System32\OpenSSH\;C:\Program Files (x86)\NVIDIA Corporation\PhysX\Common;E:\ - \\;;C:\Program File;\NVIDIA Corporation\NVIDIA NvDLISR;C:\Program Files\dotnet\;E:\Program Files\nodejs\;E:\Program Files\Git\cmd;E:\Program Files\CMake\bin;E:\Program Files (x86)\blur;;E:\Program Files\Git LFS;C:\Users\Administrator\AppData\Local\Programs\Python\Python312\Scripts\;C:\Users\Administrator\AppData\Local\Programs\Python\Python312\;C:\Users\Administrator\AppData\Local\Microsoft\WindowsApps;D:\Program Files\cpolar\;E:\Program Files\JetBrains\IntelliJ IDEA 2023.2.2\bin;C:\Program Files\cpolar\;E:\Fiddler Web Debugger(5.0.20192.25092);C:\Users\Administrator\AppData\Roaming\npm;C:\Users\Administrator\.bun\bin;C:\Users\Administrator\AppData\Local\GitHubDesktop\bin;E:\Program Files (x86)\Nmap;E:\apache-maven-3.9.11\bin;;E:\Program Files\JetBrains\IntelliJ IDEA 2024.1\bin;;E:\Users\Administrator\AppData\Local\Programs\Microsoft VS Code\bin
USERNAME=Administrator
OS=Windows_NT
PROCESSOR_IDENTIFIER=Intel64 Family 6 Model 62 Stepping 4, GenuineIntel
TMP=C:\Users\ADMINI~1\AppData\Local\Temp
TEMP=C:\Users\ADMINI~1\AppData\Local\Temp




Periodic native trim disabled

---------------  S Y S T E M  ---------------

OS:
 Windows 11 , 64 bit Build 22000 (10.0.22000.1335)
OS uptime: 0 days 5:15 hours

CPU: total 20 (initial active 20) (10 cores per cpu, 2 threads per core) family 6 model 62 stepping 4 microcode 0x42e, cx8, cmov, fxsr, ht, mmx, sse, sse2, sse3, ssse3, sse4.1, sse4.2, popcnt, tsc, tscinvbit, avx, aes, erms, clmul, vzeroupper, clflush, rdtscp, f16c
Processor Information for the first 20 processors :
  Max Mhz: 2501, Current Mhz: 2501, Mhz Limit: 2501

Memory: 4k page, system-wide physical 14268M (4419M free)
TotalPageFile size 19058M (AvailPageFile size 8M)
current process WorkingSet (physical memory assigned to process): 1769M, peak: 1769M
current process commit charge ("private bytes"): 1760M, peak: 1816M

vm_info: OpenJDK 64-Bit Server VM (21.0.8+9-LTS) for windows-amd64 JRE (21.0.8+9-LTS), built on 2025-07-15T00:00:00Z by "admin" with MS VC++ 17.7 (VS2022)

END.
